-------------------------------------------------------------------------------
Test set: com.sismics.util.format.TestPdfFormatHandler
-------------------------------------------------------------------------------
Tests run: 1, Failures: 1, Errors: 0, Skipped: 0, Time elapsed: 4.407 s <<< FAILURE! - in com.sismics.util.format.TestPdfFormatHandler
com.sismics.util.format.TestPdfFormatHandler.testIssue373  Time elapsed: 4.351 s  <<< FAILURE!
java.lang.AssertionError
	at com.sismics.util.format.TestPdfFormatHandler.testIssue373(TestPdfFormatHandler.java:22)

