<?xml version="1.0" encoding="UTF-8"?>
<testsuite xmlns:xsi="http://www.w3.org/2001/XMLSchema-instance" xsi:noNamespaceSchemaLocation="https://maven.apache.org/surefire/maven-surefire-plugin/xsd/surefire-test-report-3.0.xsd" version="3.0" name="com.sismics.docs.core.util.TestFileUtil" time="19.32" tests="6" errors="0" skipped="0" failures="1">
  <properties>
[...]
</properties>
  <testcase name="extractContentOfficeDocumentTest" classname="com.sismics.docs.core.util.TestFileUtil" time="6.777">
    <system-out><![CDATA[06 5月 2024 18:04:28,624 INFO com.sismics.util.ClasspathScanner.findClasses(ClasspathScanner.java:48) Found 7 classes for FormatHandler 
06 5月 2024 18:04:29,207 INFO com.sismics.util.ClasspathScanner.findClasses(ClasspathScanner.java:48) Found 1 classes for IndexingHandler 
06 5月 2024 18:04:29,218 INFO com.sismics.docs.core.util.indexing.LuceneIndexingHandler.initLucene(LuceneIndexingHandler.java:115) Using RAM Lucene storage 
06 5月 2024 18:04:29,322 INFO com.sismics.docs.core.service.FileService.startUp(FileService.java:39) File service starting up 
06 5月 2024 18:04:29,326 INFO com.sismics.docs.core.service.InboxService.startUp(InboxService.java:55) Inbox service starting up 
06 5月 2024 18:04:29,344 INFO com.sismics.util.jpa.EMF.getEntityManagerProperties(EMF.java:67) Configuring EntityManager from hibernate.properties 
06 5月 2024 18:04:29,355 DEBUG org.hibernate.boot.registry.selector.internal.StrategySelectorBuilder.<clinit>(StrategySelectorBuilder.java:44) Logging Provider: org.jboss.logging.Log4jLoggerProvider 
06 5月 2024 18:04:29,560 INFO com.mchange.v2.log.slf4j.Slf4jMLog$Slf4jMLogger$InfoLogger.log(Slf4jMLog.java:212) MLog clients using slf4j logging. 
06 5月 2024 18:04:29,564 DEBUG com.mchange.v2.log.slf4j.Slf4jMLog$Slf4jMLogger$DebugLogger.log(Slf4jMLog.java:207) Reading VM config for path list /com/mchange/v2/log/default-mchange-log.properties, /mchange-commons.properties, /c3p0.properties, hocon:/reference,/application,/c3p0,/, /mchange-log.properties, / 
06 5月 2024 18:04:29,564 DEBUG com.mchange.v2.log.slf4j.Slf4jMLog$Slf4jMLogger$DebugLogger.log(Slf4jMLog.java:207) The configuration file for resource identifier '/mchange-commons.properties' could not be found. Skipping. 
06 5月 2024 18:04:29,564 DEBUG com.mchange.v2.log.slf4j.Slf4jMLog$Slf4jMLogger$DebugLogger.log(Slf4jMLog.java:207) The configuration file for resource identifier '/c3p0.properties' could not be found. Skipping. 
06 5月 2024 18:04:29,564 DEBUG com.mchange.v2.log.slf4j.Slf4jMLog$Slf4jMLogger$DebugLogger.log(Slf4jMLog.java:207) The configuration file for resource identifier 'hocon:/reference,/application,/c3p0,/' could not be found. Skipping. 
06 5月 2024 18:04:29,565 DEBUG com.mchange.v2.log.slf4j.Slf4jMLog$Slf4jMLogger$DebugLogger.log(Slf4jMLog.java:207) The configuration file for resource identifier '/mchange-log.properties' could not be found. Skipping. 
06 5月 2024 18:04:29,567 DEBUG com.mchange.v2.log.slf4j.Slf4jMLog$Slf4jMLogger$DebugLogger.log(Slf4jMLog.java:207) The configuration file for resource identifier '/mchange-commons.properties' could not be found. Skipping. 
06 5月 2024 18:04:29,567 DEBUG com.mchange.v2.log.slf4j.Slf4jMLog$Slf4jMLogger$DebugLogger.log(Slf4jMLog.java:207) The configuration file for resource identifier '/mchange-log.properties' could not be found. Skipping. 
06 5月 2024 18:04:29,567 DEBUG com.mchange.v2.log.slf4j.Slf4jMLog$Slf4jMLogger$DebugLogger.log(Slf4jMLog.java:207) The configuration file for resource identifier 'hocon:/reference,/application,/c3p0,/' could not be found. Skipping. 
06 5月 2024 18:04:29,569 DEBUG com.mchange.v2.log.slf4j.Slf4jMLog$Slf4jMLogger$DebugLogger.log(Slf4jMLog.java:207) The configuration file for resource identifier '/c3p0.properties' could not be found. Skipping. 
06 5月 2024 18:04:29,692 INFO com.mchange.v2.log.slf4j.Slf4jMLog$Slf4jMLogger$InfoLogger.log(Slf4jMLog.java:212) Initializing c3p0-0.9.5.5 [built 11-December-2019 22:18:33 -0800; debug? true; trace: 10] 
06 5月 2024 18:04:29,707 DEBUG com.mchange.v2.log.slf4j.Slf4jMLog$Slf4jMLogger$DebugLogger.log(Slf4jMLog.java:204) MBean: com.mchange.v2.c3p0:type=PooledDataSource,identityToken=1hgeby9b3lgqwbk1fw7vw|26a092f6,name=1hgeby9b3lgqwbk1fw7vw|26a092f6 registered. 
06 5月 2024 18:04:29,719 DEBUG com.mchange.v2.log.slf4j.Slf4jMLog$Slf4jMLogger$DebugLogger.log(Slf4jMLog.java:204) MBean: com.mchange.v2.c3p0:type=PooledDataSource,identityToken=1hgeby9b3lgqwbk1fw7vw|26a092f6,name=1hgeby9b3lgqwbk1fw7vw|26a092f6 unregistered, in order to be reregistered after update. 
06 5月 2024 18:04:29,719 DEBUG com.mchange.v2.log.slf4j.Slf4jMLog$Slf4jMLogger$DebugLogger.log(Slf4jMLog.java:204) MBean: com.mchange.v2.c3p0:type=PooledDataSource,identityToken=1hgeby9b3lgqwbk1fw7vw|26a092f6,name=1hgeby9b3lgqwbk1fw7vw|26a092f6 registered. 
06 5月 2024 18:04:29,735 INFO com.mchange.v2.log.slf4j.Slf4jMLog$Slf4jMLogger$InfoLogger.log(Slf4jMLog.java:212) Initializing c3p0 pool... com.mchange.v2.c3p0.PoolBackedDataSource@6ecba845 [ connectionPoolDataSource -> com.mchange.v2.c3p0.WrapperConnectionPoolDataSource@22a30763 [ acquireIncrement -> 3, acquireRetryAttempts -> 30, acquireRetryDelay -> 1000, autoCommitOnClose -> false, automaticTestTable -> null, breakAfterAcquireFailure -> false, checkoutTimeout -> 0, connectionCustomizerClassName -> null, connectionTesterClassName -> com.mchange.v2.c3p0.impl.DefaultConnectionTester, contextClassLoaderSource -> caller, debugUnreturnedConnectionStackTraces -> false, factoryClassLocation -> null, forceIgnoreUnresolvedTransactions -> false, forceSynchronousCheckins -> false, identityToken -> 1hgeby9b3lgqwbk1fw7vw|6154907d, idleConnectionTestPeriod -> 0, initialPoolSize -> 1, maxAdministrativeTaskTime -> 0, maxConnectionAge -> 0, maxIdleTime -> 0, maxIdleTimeExcessConnections -> 0, maxPoolSize -> 10, maxStatements -> 0, maxStatementsPerConnection -> 0, minPoolSize -> 1, nestedDataSource -> com.mchange.v2.c3p0.DriverManagerDataSource@3aaa2014 [ description -> null, driverClass -> null, factoryClassLocation -> null, forceUseNamedDriverClass -> false, identityToken -> 1hgeby9b3lgqwbk1fw7vw|6a387257, jdbcUrl -> jdbc:h2:mem:docs, properties -> {password=******, user=******} ], preferredTestQuery -> null, privilegeSpawnedThreads -> false, propertyCycle -> 0, statementCacheNumDeferredCloseThreads -> 0, testConnectionOnCheckin -> false, testConnectionOnCheckout -> false, unreturnedConnectionTimeout -> 0, usesTraditionalReflectiveProxies -> false; userOverrides: {} ], dataSourceName -> null, extensions -> {}, factoryClassLocation -> null, identityToken -> 1hgeby9b3lgqwbk1fw7vw|26a092f6, numHelperThreads -> 3 ] 
06 5月 2024 18:04:29,744 DEBUG com.mchange.v2.log.slf4j.Slf4jMLog$Slf4jMLogger$DebugLogger.log(Slf4jMLog.java:207) The configuration file for resource identifier '/mchange-commons.properties' could not be found. Skipping. 
06 5月 2024 18:04:29,745 DEBUG com.mchange.v2.log.slf4j.Slf4jMLog$Slf4jMLogger$DebugLogger.log(Slf4jMLog.java:207) The configuration file for resource identifier '/mchange-log.properties' could not be found. Skipping. 
06 5月 2024 18:04:29,745 DEBUG com.mchange.v2.log.slf4j.Slf4jMLog$Slf4jMLogger$DebugLogger.log(Slf4jMLog.java:207) The configuration file for resource identifier '/c3p0.properties' could not be found. Skipping. 
06 5月 2024 18:04:29,745 DEBUG com.mchange.v2.log.slf4j.Slf4jMLog$Slf4jMLogger$DebugLogger.log(Slf4jMLog.java:207) The configuration file for resource identifier 'hocon:/reference,/application,/c3p0,/' could not be found. Skipping. 
06 5月 2024 18:04:29,746 DEBUG com.mchange.v2.log.slf4j.Slf4jMLog$Slf4jMLogger$DebugLogger.log(Slf4jMLog.java:204) com.mchange.v2.resourcepool.BasicResourcePool@13161f9b config: [start -> 1; min -> 1; max -> 10; inc -> 3; num_acq_attempts -> 30; acq_attempt_delay -> 1000; check_idle_resources_delay -> 0; max_resource_age -> 0; max_idle_time -> 0; excess_max_idle_time -> 0; destroy_unreturned_resc_time -> 0; expiration_enforcement_delay -> 0; break_on_acquisition_failure -> false; debug_store_checkout_exceptions -> false; force_synchronous_checkins -> false] 
06 5月 2024 18:04:29,746 DEBUG com.mchange.v2.log.slf4j.Slf4jMLog$Slf4jMLogger$DebugLogger.log(Slf4jMLog.java:204) Created new pool for auth, username (masked): 'sa******'. 
06 5月 2024 18:04:29,746 DEBUG com.mchange.v2.log.slf4j.Slf4jMLog$Slf4jMLogger$DebugLogger.log(Slf4jMLog.java:204) acquire test -- pool size: 0; target_pool_size: 1; desired target? 1 
06 5月 2024 18:04:29,746 DEBUG com.mchange.v2.log.slf4j.Slf4jMLog$Slf4jMLogger$DebugLogger.log(Slf4jMLog.java:204) awaitAvailable(): [unknown] 
06 5月 2024 18:04:30,032 INFO com.sismics.util.jpa.DbOpenHelper.open(DbOpenHelper.java:57) Opening database and executing incremental updates 
06 5月 2024 18:04:30,032 DEBUG com.mchange.v2.log.slf4j.Slf4jMLog$Slf4jMLogger$DebugLogger.log(Slf4jMLog.java:207) com.mchange.v2.c3p0.impl.NewPooledConnection@5ba99868 handling a throwable. 
org.h2.jdbc.JdbcSQLSyntaxErrorException: Table "T_CONFIG" not found; SQL statement:
select c.CFG_VALUE_C from T_CONFIG c where c.CFG_ID_C='DB_VERSION' [42102-199]
	at org.h2.message.DbException.getJdbcSQLException(DbException.java:451)
	at org.h2.message.DbException.getJdbcSQLException(DbException.java:427)
	at org.h2.message.DbException.get(DbException.java:205)
	at org.h2.message.DbException.get(DbException.java:181)
	at org.h2.command.Parser.readTableOrView(Parser.java:7146)
	at org.h2.command.Parser.readTableFilter(Parser.java:1895)
	at org.h2.command.Parser.parseSelectSimpleFromPart(Parser.java:2641)
	at org.h2.command.Parser.parseSelectSimple(Parser.java:2788)
	at org.h2.command.Parser.parseSelectSub(Parser.java:2636)
	at org.h2.command.Parser.parseSelectUnion(Parser.java:2469)
	at org.h2.command.Parser.parseSelect(Parser.java:2440)
	at org.h2.command.Parser.parsePrepared(Parser.java:814)
	at org.h2.command.Parser.parse(Parser.java:788)
	at org.h2.command.Parser.parse(Parser.java:760)
	at org.h2.command.Parser.prepareCommand(Parser.java:683)
	at org.h2.engine.Session.prepareLocal(Session.java:627)
	at org.h2.engine.Session.prepareCommand(Session.java:565)
	at org.h2.jdbc.JdbcConnection.prepareCommand(JdbcConnection.java:1292)
	at org.h2.jdbc.JdbcStatement.executeQuery(JdbcStatement.java:78)
	at com.mchange.v2.c3p0.impl.NewProxyStatement.executeQuery(NewProxyStatement.java:327)
	at com.sismics.util.jpa.DbOpenHelper.open(DbOpenHelper.java:76)
	at com.sismics.util.jpa.EMF.<clinit>(EMF.java:53)
	at com.sismics.docs.core.util.TransactionUtil.handle(TransactionUtil.java:37)
	at com.sismics.docs.core.service.InboxService.syncInbox(InboxService.java:76)
	at com.sismics.docs.core.service.InboxService.runOneIteration(InboxService.java:66)
	at com.google.common.util.concurrent.AbstractScheduledService$ServiceDelegate$Task.run(AbstractScheduledService.java:221)
	at com.google.common.util.concurrent.Callables$4.run(Callables.java:119)
	at java.base/java.util.concurrent.Executors$RunnableAdapter.call(Executors.java:539)
	at java.base/java.util.concurrent.FutureTask.runAndReset(FutureTask.java:305)
	at java.base/java.util.concurrent.ScheduledThreadPoolExecutor$ScheduledFutureTask.run(ScheduledThreadPoolExecutor.java:305)
	at java.base/java.util.concurrent.ThreadPoolExecutor.runWorker(ThreadPoolExecutor.java:1136)
	at java.base/java.util.concurrent.ThreadPoolExecutor$Worker.run(ThreadPoolExecutor.java:635)
	at java.base/java.lang.Thread.run(Thread.java:833)
06 5月 2024 18:04:30,035 DEBUG com.mchange.v2.log.slf4j.Slf4jMLog$Slf4jMLogger$DebugLogger.log(Slf4jMLog.java:207) Attempted to convert SQLException to SQLException. Leaving it alone. [SQLState: 42S02; errorCode: 42102] 
org.h2.jdbc.JdbcSQLSyntaxErrorException: Table "T_CONFIG" not found; SQL statement:
select c.CFG_VALUE_C from T_CONFIG c where c.CFG_ID_C='DB_VERSION' [42102-199]
	at org.h2.message.DbException.getJdbcSQLException(DbException.java:451)
	at org.h2.message.DbException.getJdbcSQLException(DbException.java:427)
	at org.h2.message.DbException.get(DbException.java:205)
	at org.h2.message.DbException.get(DbException.java:181)
	at org.h2.command.Parser.readTableOrView(Parser.java:7146)
	at org.h2.command.Parser.readTableFilter(Parser.java:1895)
	at org.h2.command.Parser.parseSelectSimpleFromPart(Parser.java:2641)
	at org.h2.command.Parser.parseSelectSimple(Parser.java:2788)
	at org.h2.command.Parser.parseSelectSub(Parser.java:2636)
	at org.h2.command.Parser.parseSelectUnion(Parser.java:2469)
	at org.h2.command.Parser.parseSelect(Parser.java:2440)
	at org.h2.command.Parser.parsePrepared(Parser.java:814)
	at org.h2.command.Parser.parse(Parser.java:788)
	at org.h2.command.Parser.parse(Parser.java:760)
	at org.h2.command.Parser.prepareCommand(Parser.java:683)
	at org.h2.engine.Session.prepareLocal(Session.java:627)
	at org.h2.engine.Session.prepareCommand(Session.java:565)
	at org.h2.jdbc.JdbcConnection.prepareCommand(JdbcConnection.java:1292)
	at org.h2.jdbc.JdbcStatement.executeQuery(JdbcStatement.java:78)
	at com.mchange.v2.c3p0.impl.NewProxyStatement.executeQuery(NewProxyStatement.java:327)
	at com.sismics.util.jpa.DbOpenHelper.open(DbOpenHelper.java:76)
	at com.sismics.util.jpa.EMF.<clinit>(EMF.java:53)
	at com.sismics.docs.core.util.TransactionUtil.handle(TransactionUtil.java:37)
	at com.sismics.docs.core.service.InboxService.syncInbox(InboxService.java:76)
	at com.sismics.docs.core.service.InboxService.runOneIteration(InboxService.java:66)
	at com.google.common.util.concurrent.AbstractScheduledService$ServiceDelegate$Task.run(AbstractScheduledService.java:221)
	at com.google.common.util.concurrent.Callables$4.run(Callables.java:119)
	at java.base/java.util.concurrent.Executors$RunnableAdapter.call(Executors.java:539)
	at java.base/java.util.concurrent.FutureTask.runAndReset(FutureTask.java:305)
	at java.base/java.util.concurrent.ScheduledThreadPoolExecutor$ScheduledFutureTask.run(ScheduledThreadPoolExecutor.java:305)
	at java.base/java.util.concurrent.ThreadPoolExecutor.runWorker(ThreadPoolExecutor.java:1136)
	at java.base/java.util.concurrent.ThreadPoolExecutor$Worker.run(ThreadPoolExecutor.java:635)
	at java.base/java.lang.Thread.run(Thread.java:833)
06 5月 2024 18:04:30,036 DEBUG com.mchange.v2.log.slf4j.Slf4jMLog$Slf4jMLogger$DebugLogger.log(Slf4jMLog.java:207) Testing a Connection in response to an Exception: 
org.h2.jdbc.JdbcSQLSyntaxErrorException: Table "T_CONFIG" not found; SQL statement:
select c.CFG_VALUE_C from T_CONFIG c where c.CFG_ID_C='DB_VERSION' [42102-199]
	at org.h2.message.DbException.getJdbcSQLException(DbException.java:451)
	at org.h2.message.DbException.getJdbcSQLException(DbException.java:427)
	at org.h2.message.DbException.get(DbException.java:205)
	at org.h2.message.DbException.get(DbException.java:181)
	at org.h2.command.Parser.readTableOrView(Parser.java:7146)
	at org.h2.command.Parser.readTableFilter(Parser.java:1895)
	at org.h2.command.Parser.parseSelectSimpleFromPart(Parser.java:2641)
	at org.h2.command.Parser.parseSelectSimple(Parser.java:2788)
	at org.h2.command.Parser.parseSelectSub(Parser.java:2636)
	at org.h2.command.Parser.parseSelectUnion(Parser.java:2469)
	at org.h2.command.Parser.parseSelect(Parser.java:2440)
	at org.h2.command.Parser.parsePrepared(Parser.java:814)
	at org.h2.command.Parser.parse(Parser.java:788)
	at org.h2.command.Parser.parse(Parser.java:760)
	at org.h2.command.Parser.prepareCommand(Parser.java:683)
	at org.h2.engine.Session.prepareLocal(Session.java:627)
	at org.h2.engine.Session.prepareCommand(Session.java:565)
	at org.h2.jdbc.JdbcConnection.prepareCommand(JdbcConnection.java:1292)
	at org.h2.jdbc.JdbcStatement.executeQuery(JdbcStatement.java:78)
	at com.mchange.v2.c3p0.impl.NewProxyStatement.executeQuery(NewProxyStatement.java:327)
	at com.sismics.util.jpa.DbOpenHelper.open(DbOpenHelper.java:76)
	at com.sismics.util.jpa.EMF.<clinit>(EMF.java:53)
	at com.sismics.docs.core.util.TransactionUtil.handle(TransactionUtil.java:37)
	at com.sismics.docs.core.service.InboxService.syncInbox(InboxService.java:76)
	at com.sismics.docs.core.service.InboxService.runOneIteration(InboxService.java:66)
	at com.google.common.util.concurrent.AbstractScheduledService$ServiceDelegate$Task.run(AbstractScheduledService.java:221)
	at com.google.common.util.concurrent.Callables$4.run(Callables.java:119)
	at java.base/java.util.concurrent.Executors$RunnableAdapter.call(Executors.java:539)
	at java.base/java.util.concurrent.FutureTask.runAndReset(FutureTask.java:305)
	at java.base/java.util.concurrent.ScheduledThreadPoolExecutor$ScheduledFutureTask.run(ScheduledThreadPoolExecutor.java:305)
	at java.base/java.util.concurrent.ThreadPoolExecutor.runWorker(ThreadPoolExecutor.java:1136)
	at java.base/java.util.concurrent.ThreadPoolExecutor$Worker.run(ThreadPoolExecutor.java:635)
	at java.base/java.lang.Thread.run(Thread.java:833)
06 5月 2024 18:04:30,038 INFO com.sismics.util.jpa.DbOpenHelper.open(DbOpenHelper.java:83) Unable to get database version: Table T_CONFIG not found 
06 5月 2024 18:04:30,038 INFO com.sismics.util.jpa.DbOpenHelper.open(DbOpenHelper.java:98) Executing initial schema creation script 
06 5月 2024 18:04:30,043 INFO com.sismics.util.jpa.DbOpenHelper.executeAllScript(DbOpenHelper.java:142) Executing script: dbupdate-000-0.sql 
06 5月 2024 18:04:30,099 INFO com.sismics.util.jpa.DbOpenHelper.executeAllScript(DbOpenHelper.java:142) Executing script: dbupdate-000-1.sql 
06 5月 2024 18:04:30,108 INFO com.sismics.util.jpa.DbOpenHelper.open(DbOpenHelper.java:106) Found database version 0, new version is 27, executing database incremental update scripts 
06 5月 2024 18:04:30,110 INFO com.sismics.util.jpa.DbOpenHelper.executeAllScript(DbOpenHelper.java:142) Executing script: dbupdate-001-0.sql 
06 5月 2024 18:04:30,139 INFO com.sismics.util.jpa.DbOpenHelper.executeAllScript(DbOpenHelper.java:142) Executing script: dbupdate-002-0.sql 
06 5月 2024 18:04:30,149 INFO com.sismics.util.jpa.DbOpenHelper.executeAllScript(DbOpenHelper.java:142) Executing script: dbupdate-003-0.sql 
06 5月 2024 18:04:30,157 INFO com.sismics.util.jpa.DbOpenHelper.executeAllScript(DbOpenHelper.java:142) Executing script: dbupdate-004-0.sql 
06 5月 2024 18:04:30,174 INFO com.sismics.util.jpa.DbOpenHelper.executeAllScript(DbOpenHelper.java:142) Executing script: dbupdate-005-0.sql 
06 5月 2024 18:04:30,182 INFO com.sismics.util.jpa.DbOpenHelper.executeAllScript(DbOpenHelper.java:142) Executing script: dbupdate-006-0.sql 
06 5月 2024 18:04:30,269 INFO com.sismics.util.jpa.DbOpenHelper.executeAllScript(DbOpenHelper.java:142) Executing script: dbupdate-007-0.sql 
06 5月 2024 18:04:30,277 INFO com.sismics.util.jpa.DbOpenHelper.executeAllScript(DbOpenHelper.java:142) Executing script: dbupdate-008-0.sql 
06 5月 2024 18:04:30,283 INFO com.sismics.util.jpa.DbOpenHelper.executeAllScript(DbOpenHelper.java:142) Executing script: dbupdate-009-0.sql 
06 5月 2024 18:04:30,294 INFO com.sismics.util.jpa.DbOpenHelper.executeAllScript(DbOpenHelper.java:142) Executing script: dbupdate-010-0.sql 
06 5月 2024 18:04:30,299 INFO com.sismics.util.jpa.DbOpenHelper.executeAllScript(DbOpenHelper.java:142) Executing script: dbupdate-011-0.sql 
06 5月 2024 18:04:30,304 INFO com.sismics.util.jpa.DbOpenHelper.executeAllScript(DbOpenHelper.java:142) Executing script: dbupdate-012-0.sql 
06 5月 2024 18:04:30,312 INFO com.sismics.util.jpa.DbOpenHelper.executeAllScript(DbOpenHelper.java:142) Executing script: dbupdate-013-0.sql 
06 5月 2024 18:04:30,315 INFO com.sismics.util.jpa.DbOpenHelper.executeAllScript(DbOpenHelper.java:142) Executing script: dbupdate-014-0.sql 
06 5月 2024 18:04:30,322 INFO com.sismics.util.jpa.DbOpenHelper.executeAllScript(DbOpenHelper.java:142) Executing script: dbupdate-015-0.sql 
06 5月 2024 18:04:30,334 INFO com.sismics.util.jpa.DbOpenHelper.executeAllScript(DbOpenHelper.java:142) Executing script: dbupdate-016-0.sql 
06 5月 2024 18:04:30,337 INFO com.sismics.util.jpa.DbOpenHelper.executeAllScript(DbOpenHelper.java:142) Executing script: dbupdate-017-0.sql 
06 5月 2024 18:04:30,340 INFO com.sismics.util.jpa.DbOpenHelper.executeAllScript(DbOpenHelper.java:142) Executing script: dbupdate-018-0.sql 
06 5月 2024 18:04:30,361 INFO com.sismics.util.jpa.DbOpenHelper.executeAllScript(DbOpenHelper.java:142) Executing script: dbupdate-019-0.sql 
06 5月 2024 18:04:30,364 INFO com.sismics.util.jpa.DbOpenHelper.executeAllScript(DbOpenHelper.java:142) Executing script: dbupdate-020-0.sql 
06 5月 2024 18:04:30,368 INFO com.sismics.util.jpa.DbOpenHelper.executeAllScript(DbOpenHelper.java:142) Executing script: dbupdate-021-0.sql 
06 5月 2024 18:04:30,379 INFO com.sismics.util.jpa.DbOpenHelper.executeAllScript(DbOpenHelper.java:142) Executing script: dbupdate-022-0.sql 
06 5月 2024 18:04:30,395 INFO com.sismics.util.jpa.DbOpenHelper.executeAllScript(DbOpenHelper.java:142) Executing script: dbupdate-023-0.sql 
06 5月 2024 18:04:30,402 INFO com.sismics.util.jpa.DbOpenHelper.executeAllScript(DbOpenHelper.java:142) Executing script: dbupdate-024-0.sql 
06 5月 2024 18:04:30,411 INFO com.sismics.util.jpa.DbOpenHelper.executeAllScript(DbOpenHelper.java:142) Executing script: dbupdate-025-0.sql 
06 5月 2024 18:04:30,414 INFO com.sismics.util.jpa.DbOpenHelper.executeAllScript(DbOpenHelper.java:142) Executing script: dbupdate-026-0.sql 
06 5月 2024 18:04:30,417 INFO com.sismics.util.jpa.DbOpenHelper.executeAllScript(DbOpenHelper.java:142) Executing script: dbupdate-027-0.sql 
06 5月 2024 18:04:30,418 INFO com.sismics.util.jpa.DbOpenHelper.open(DbOpenHelper.java:108) Database upgrade complete 
06 5月 2024 18:04:30,418 INFO com.sismics.util.jpa.EMF.getEntityManagerProperties(EMF.java:67) Configuring EntityManager from hibernate.properties 
06 5月 2024 18:04:30,868 DEBUG com.mchange.v2.log.slf4j.Slf4jMLog$Slf4jMLogger$DebugLogger.log(Slf4jMLog.java:204) MBean: com.mchange.v2.c3p0:type=PooledDataSource,identityToken=1hgeby9b3lgqwbk1fw7vw|6c6ac76a,name=1hgeby9b3lgqwbk1fw7vw|6c6ac76a registered. 
06 5月 2024 18:04:30,883 DEBUG com.mchange.v2.log.slf4j.Slf4jMLog$Slf4jMLogger$DebugLogger.log(Slf4jMLog.java:204) MBean: com.mchange.v2.c3p0:type=PooledDataSource,identityToken=1hgeby9b3lgqwbk1fw7vw|6c6ac76a,name=1hgeby9b3lgqwbk1fw7vw|6c6ac76a unregistered, in order to be reregistered after update. 
06 5月 2024 18:04:30,884 DEBUG com.mchange.v2.log.slf4j.Slf4jMLog$Slf4jMLogger$DebugLogger.log(Slf4jMLog.java:204) MBean: com.mchange.v2.c3p0:type=PooledDataSource,identityToken=1hgeby9b3lgqwbk1fw7vw|6c6ac76a,name=1hgeby9b3lgqwbk1fw7vw|6c6ac76a registered. 
06 5月 2024 18:04:30,891 INFO com.mchange.v2.log.slf4j.Slf4jMLog$Slf4jMLogger$InfoLogger.log(Slf4jMLog.java:212) Initializing c3p0 pool... com.mchange.v2.c3p0.PoolBackedDataSource@c96948aa [ connectionPoolDataSource -> com.mchange.v2.c3p0.WrapperConnectionPoolDataSource@e245d59c [ acquireIncrement -> 3, acquireRetryAttempts -> 30, acquireRetryDelay -> 1000, autoCommitOnClose -> false, automaticTestTable -> null, breakAfterAcquireFailure -> false, checkoutTimeout -> 0, connectionCustomizerClassName -> null, connectionTesterClassName -> com.mchange.v2.c3p0.impl.DefaultConnectionTester, contextClassLoaderSource -> caller, debugUnreturnedConnectionStackTraces -> false, factoryClassLocation -> null, forceIgnoreUnresolvedTransactions -> false, forceSynchronousCheckins -> false, identityToken -> 1hgeby9b3lgqwbk1fw7vw|7c3f4f2, idleConnectionTestPeriod -> 0, initialPoolSize -> 1, maxAdministrativeTaskTime -> 0, maxConnectionAge -> 0, maxIdleTime -> 0, maxIdleTimeExcessConnections -> 0, maxPoolSize -> 10, maxStatements -> 0, maxStatementsPerConnection -> 0, minPoolSize -> 1, nestedDataSource -> com.mchange.v2.c3p0.DriverManagerDataSource@fe2c6156 [ description -> null, driverClass -> null, factoryClassLocation -> null, forceUseNamedDriverClass -> false, identityToken -> 1hgeby9b3lgqwbk1fw7vw|5d5a7eac, jdbcUrl -> jdbc:h2:mem:docs, properties -> {password=******, user=******} ], preferredTestQuery -> null, privilegeSpawnedThreads -> false, propertyCycle -> 0, statementCacheNumDeferredCloseThreads -> 0, testConnectionOnCheckin -> false, testConnectionOnCheckout -> false, unreturnedConnectionTimeout -> 0, usesTraditionalReflectiveProxies -> false; userOverrides: {} ], dataSourceName -> null, extensions -> {}, factoryClassLocation -> null, identityToken -> 1hgeby9b3lgqwbk1fw7vw|6c6ac76a, numHelperThreads -> 3 ] 
06 5月 2024 18:04:30,891 DEBUG com.mchange.v2.log.slf4j.Slf4jMLog$Slf4jMLogger$DebugLogger.log(Slf4jMLog.java:204) com.mchange.v2.resourcepool.BasicResourcePool@4d8b44bf config: [start -> 1; min -> 1; max -> 10; inc -> 3; num_acq_attempts -> 30; acq_attempt_delay -> 1000; check_idle_resources_delay -> 0; max_resource_age -> 0; max_idle_time -> 0; excess_max_idle_time -> 0; destroy_unreturned_resc_time -> 0; expiration_enforcement_delay -> 0; break_on_acquisition_failure -> false; debug_store_checkout_exceptions -> false; force_synchronous_checkins -> false] 
06 5月 2024 18:04:30,892 DEBUG com.mchange.v2.log.slf4j.Slf4jMLog$Slf4jMLogger$DebugLogger.log(Slf4jMLog.java:204) Created new pool for auth, username (masked): 'sa******'. 
06 5月 2024 18:04:30,892 DEBUG com.mchange.v2.log.slf4j.Slf4jMLog$Slf4jMLogger$DebugLogger.log(Slf4jMLog.java:204) acquire test -- pool size: 0; target_pool_size: 1; desired target? 1 
06 5月 2024 18:04:30,892 DEBUG com.mchange.v2.log.slf4j.Slf4jMLog$Slf4jMLogger$DebugLogger.log(Slf4jMLog.java:204) awaitAvailable(): [unknown] 
Hibernate: select config0_.CFG_ID_C as cfg_id_c1_5_0_, config0_.CFG_VALUE_C as cfg_valu2_5_0_ from T_CONFIG config0_ where config0_.CFG_ID_C=?
]]></system-out>
  </testcase>
  <testcase name="extractContentPowerpointTest" classname="com.sismics.docs.core.util.TestFileUtil" time="0.512">
    <system-out><![CDATA[06 5月 2024 18:04:35,275 DEBUG org.apache.pdfbox.io.ScratchFileBuffer.finalize(ScratchFileBuffer.java:520) ScratchFileBuffer not closed! 
]]></system-out>
  </testcase>
  <testcase name="extractContentOpenDocumentTextTest" classname="com.sismics.docs.core.util.TestFileUtil" time="0.752">
    <system-err><![CDATA[5月 06, 2024 6:04:35 下午 org.odftoolkit.odfdom.pkg.OdfXMLFactory newOdfAttribute
信息: None-ODF attribute created for loext:contextual-spacing
5月 06, 2024 6:04:35 下午 org.odftoolkit.odfdom.pkg.OdfXMLFactory newOdfAttribute
信息: None-ODF attribute created for loext:contextual-spacing
5月 06, 2024 6:04:35 下午 org.odftoolkit.odfdom.pkg.OdfXMLFactory newOdfAttribute
信息: None-ODF attribute created for loext:contextual-spacing
5月 06, 2024 6:04:35 下午 org.odftoolkit.odfdom.pkg.OdfXMLFactory newOdfAttribute
信息: None-ODF attribute created for loext:contextual-spacing
5月 06, 2024 6:04:35 下午 org.odftoolkit.odfdom.pkg.OdfXMLFactory newOdfAttribute
信息: None-ODF attribute created for loext:contextual-spacing
5月 06, 2024 6:04:35 下午 org.odftoolkit.odfdom.pkg.OdfXMLFactory newOdfAttribute
信息: None-ODF attribute created for loext:contextual-spacing
5月 06, 2024 6:04:35 下午 org.odftoolkit.odfdom.pkg.OdfXMLFactory newOdfAttribute
信息: None-ODF attribute created for loext:contextual-spacing
5月 06, 2024 6:04:35 下午 org.odftoolkit.odfdom.pkg.OdfXMLFactory newOdfAttribute
信息: None-ODF attribute created for loext:contextual-spacing
5月 06, 2024 6:04:35 下午 org.odftoolkit.odfdom.pkg.OdfXMLFactory newOdfAttribute
信息: None-ODF attribute created for officeooo:rsid
5月 06, 2024 6:04:35 下午 org.odftoolkit.odfdom.pkg.OdfXMLFactory newOdfAttribute
信息: None-ODF attribute created for officeooo:paragraph-rsid
]]></system-err>
  </testcase>
  <testcase name="convertToPdfTest" classname="com.sismics.docs.core.util.TestFileUtil" time="9.106">
    <system-out><![CDATA[06 5月 2024 18:04:36,300 DEBUG org.apache.fontbox.ttf.GlyphSubstitutionTable.readLookupTable(GlyphSubstitutionTable.java:263) Type 4 GSUB lookup table is not supported and will be ignored 
06 5月 2024 18:04:36,300 DEBUG org.apache.fontbox.ttf.GlyphSubstitutionTable.readLookupTable(GlyphSubstitutionTable.java:263) Type 4 GSUB lookup table is not supported and will be ignored 
06 5月 2024 18:04:36,300 DEBUG org.apache.fontbox.ttf.GlyphSubstitutionTable.readLookupTable(GlyphSubstitutionTable.java:263) Type 6 GSUB lookup table is not supported and will be ignored 
06 5月 2024 18:04:36,300 DEBUG org.apache.fontbox.ttf.GlyphSubstitutionTable.readLookupTable(GlyphSubstitutionTable.java:263) Type 4 GSUB lookup table is not supported and will be ignored 
06 5月 2024 18:04:36,301 DEBUG org.apache.fontbox.ttf.GlyphSubstitutionTable.readLookupTable(GlyphSubstitutionTable.java:263) Type 4 GSUB lookup table is not supported and will be ignored 
06 5月 2024 18:04:36,332 DEBUG org.apache.fontbox.util.autodetect.FontFileFinder.walk(FontFileFinder.java:136) checkFontfile check C:\WINDOWS\FONTS\8514fix.fon 
06 5月 2024 18:04:36,333 DEBUG org.apache.fontbox.util.autodetect.FontFileFinder.walk(FontFileFinder.java:136) checkFontfile check C:\WINDOWS\FONTS\8514fixe.fon 
06 5月 2024 18:04:36,333 DEBUG org.apache.fontbox.util.autodetect.FontFileFinder.walk(FontFileFinder.java:136) checkFontfile check C:\WINDOWS\FONTS\8514fixg.fon 
06 5月 2024 18:04:36,333 DEBUG org.apache.fontbox.util.autodetect.FontFileFinder.walk(FontFileFinder.java:136) checkFontfile check C:\WINDOWS\FONTS\8514fixr.fon 
06 5月 2024 18:04:36,333 DEBUG org.apache.fontbox.util.autodetect.FontFileFinder.walk(FontFileFinder.java:136) checkFontfile check C:\WINDOWS\FONTS\8514fixt.fon 
06 5月 2024 18:04:36,333 DEBUG org.apache.fontbox.util.autodetect.FontFileFinder.walk(FontFileFinder.java:136) checkFontfile check C:\WINDOWS\FONTS\8514oem.fon 
06 5月 2024 18:04:36,334 DEBUG org.apache.fontbox.util.autodetect.FontFileFinder.walk(FontFileFinder.java:136) checkFontfile check C:\WINDOWS\FONTS\8514oeme.fon 
06 5月 2024 18:04:36,334 DEBUG org.apache.fontbox.util.autodetect.FontFileFinder.walk(FontFileFinder.java:136) checkFontfile check C:\WINDOWS\FONTS\8514oemg.fon 
06 5月 2024 18:04:36,334 DEBUG org.apache.fontbox.util.autodetect.FontFileFinder.walk(FontFileFinder.java:136) checkFontfile check C:\WINDOWS\FONTS\8514oemr.fon 
06 5月 2024 18:04:36,334 DEBUG org.apache.fontbox.util.autodetect.FontFileFinder.walk(FontFileFinder.java:136) checkFontfile check C:\WINDOWS\FONTS\8514oemt.fon 
06 5月 2024 18:04:36,334 DEBUG org.apache.fontbox.util.autodetect.FontFileFinder.walk(FontFileFinder.java:136) checkFontfile check C:\WINDOWS\FONTS\8514sys.fon 
06 5月 2024 18:04:36,334 DEBUG org.apache.fontbox.util.autodetect.FontFileFinder.walk(FontFileFinder.java:136) checkFontfile check C:\WINDOWS\FONTS\8514syse.fon 
06 5月 2024 18:04:36,334 DEBUG org.apache.fontbox.util.autodetect.FontFileFinder.walk(FontFileFinder.java:136) checkFontfile check C:\WINDOWS\FONTS\8514sysg.fon 
06 5月 2024 18:04:36,335 DEBUG org.apache.fontbox.util.autodetect.FontFileFinder.walk(FontFileFinder.java:136) checkFontfile check C:\WINDOWS\FONTS\8514sysr.fon 
06 5月 2024 18:04:36,335 DEBUG org.apache.fontbox.util.autodetect.FontFileFinder.walk(FontFileFinder.java:136) checkFontfile check C:\WINDOWS\FONTS\8514syst.fon 
06 5月 2024 18:04:36,335 DEBUG org.apache.fontbox.util.autodetect.FontFileFinder.walk(FontFileFinder.java:136) checkFontfile check C:\WINDOWS\FONTS\85775.fon 
06 5月 2024 18:04:36,336 DEBUG org.apache.fontbox.util.autodetect.FontFileFinder.walk(FontFileFinder.java:136) checkFontfile check C:\WINDOWS\FONTS\85855.fon 
06 5月 2024 18:04:36,336 DEBUG org.apache.fontbox.util.autodetect.FontFileFinder.walk(FontFileFinder.java:136) checkFontfile check C:\WINDOWS\FONTS\85f1255.fon 
06 5月 2024 18:04:36,336 DEBUG org.apache.fontbox.util.autodetect.FontFileFinder.walk(FontFileFinder.java:136) checkFontfile check C:\WINDOWS\FONTS\85f1256.fon 
06 5月 2024 18:04:36,336 DEBUG org.apache.fontbox.util.autodetect.FontFileFinder.walk(FontFileFinder.java:136) checkFontfile check C:\WINDOWS\FONTS\85f1257.fon 
06 5月 2024 18:04:36,336 DEBUG org.apache.fontbox.util.autodetect.FontFileFinder.walk(FontFileFinder.java:136) checkFontfile check C:\WINDOWS\FONTS\85f874.fon 
06 5月 2024 18:04:36,337 DEBUG org.apache.fontbox.util.autodetect.FontFileFinder.walk(FontFileFinder.java:136) checkFontfile check C:\WINDOWS\FONTS\85s1255.fon 
06 5月 2024 18:04:36,337 DEBUG org.apache.fontbox.util.autodetect.FontFileFinder.walk(FontFileFinder.java:136) checkFontfile check C:\WINDOWS\FONTS\85s1256.fon 
06 5月 2024 18:04:36,337 DEBUG org.apache.fontbox.util.autodetect.FontFileFinder.walk(FontFileFinder.java:136) checkFontfile check C:\WINDOWS\FONTS\85s1257.fon 
06 5月 2024 18:04:36,337 DEBUG org.apache.fontbox.util.autodetect.FontFileFinder.walk(FontFileFinder.java:136) checkFontfile check C:\WINDOWS\FONTS\85s874.fon 
06 5月 2024 18:04:36,337 DEBUG org.apache.fontbox.util.autodetect.FontFileFinder.walk(FontFileFinder.java:136) checkFontfile check C:\WINDOWS\FONTS\AGENCYB.TTF 
06 5月 2024 18:04:36,337 DEBUG org.apache.fontbox.util.autodetect.FontFileFinder.walk(FontFileFinder.java:142) checkFontfile found C:\WINDOWS\FONTS\AGENCYB.TTF 
06 5月 2024 18:04:36,338 DEBUG org.apache.fontbox.util.autodetect.FontFileFinder.walk(FontFileFinder.java:136) checkFontfile check C:\WINDOWS\FONTS\AGENCYR.TTF 
06 5月 2024 18:04:36,338 DEBUG org.apache.fontbox.util.autodetect.FontFileFinder.walk(FontFileFinder.java:142) checkFontfile found C:\WINDOWS\FONTS\AGENCYR.TTF 
06 5月 2024 18:04:36,338 DEBUG org.apache.fontbox.util.autodetect.FontFileFinder.walk(FontFileFinder.java:136) checkFontfile check C:\WINDOWS\FONTS\ALGER.TTF 
06 5月 2024 18:04:36,338 DEBUG org.apache.fontbox.util.autodetect.FontFileFinder.walk(FontFileFinder.java:142) checkFontfile found C:\WINDOWS\FONTS\ALGER.TTF 
06 5月 2024 18:04:36,338 DEBUG org.apache.fontbox.util.autodetect.FontFileFinder.walk(FontFileFinder.java:136) checkFontfile check C:\WINDOWS\FONTS\ANTQUAB.TTF 
06 5月 2024 18:04:36,338 DEBUG org.apache.fontbox.util.autodetect.FontFileFinder.walk(FontFileFinder.java:142) checkFontfile found C:\WINDOWS\FONTS\ANTQUAB.TTF 
06 5月 2024 18:04:36,339 DEBUG org.apache.fontbox.util.autodetect.FontFileFinder.walk(FontFileFinder.java:136) checkFontfile check C:\WINDOWS\FONTS\ANTQUABI.TTF 
06 5月 2024 18:04:36,339 DEBUG org.apache.fontbox.util.autodetect.FontFileFinder.walk(FontFileFinder.java:142) checkFontfile found C:\WINDOWS\FONTS\ANTQUABI.TTF 
06 5月 2024 18:04:36,340 DEBUG org.apache.fontbox.util.autodetect.FontFileFinder.walk(FontFileFinder.java:136) checkFontfile check C:\WINDOWS\FONTS\ANTQUAI.TTF 
06 5月 2024 18:04:36,340 DEBUG org.apache.fontbox.util.autodetect.FontFileFinder.walk(FontFileFinder.java:142) checkFontfile found C:\WINDOWS\FONTS\ANTQUAI.TTF 
06 5月 2024 18:04:36,340 DEBUG org.apache.fontbox.util.autodetect.FontFileFinder.walk(FontFileFinder.java:136) checkFontfile check C:\WINDOWS\FONTS\app775.fon 
06 5月 2024 18:04:36,340 DEBUG org.apache.fontbox.util.autodetect.FontFileFinder.walk(FontFileFinder.java:136) checkFontfile check C:\WINDOWS\FONTS\app850.fon 
06 5月 2024 18:04:36,340 DEBUG org.apache.fontbox.util.autodetect.FontFileFinder.walk(FontFileFinder.java:136) checkFontfile check C:\WINDOWS\FONTS\app852.fon 
06 5月 2024 18:04:36,340 DEBUG org.apache.fontbox.util.autodetect.FontFileFinder.walk(FontFileFinder.java:136) checkFontfile check C:\WINDOWS\FONTS\app855.fon 
06 5月 2024 18:04:36,341 DEBUG org.apache.fontbox.util.autodetect.FontFileFinder.walk(FontFileFinder.java:136) checkFontfile check C:\WINDOWS\FONTS\app857.fon 
06 5月 2024 18:04:36,341 DEBUG org.apache.fontbox.util.autodetect.FontFileFinder.walk(FontFileFinder.java:136) checkFontfile check C:\WINDOWS\FONTS\app866.fon 
06 5月 2024 18:04:36,341 DEBUG org.apache.fontbox.util.autodetect.FontFileFinder.walk(FontFileFinder.java:136) checkFontfile check C:\WINDOWS\FONTS\app932.fon 
06 5月 2024 18:04:36,341 DEBUG org.apache.fontbox.util.autodetect.FontFileFinder.walk(FontFileFinder.java:136) checkFontfile check C:\WINDOWS\FONTS\app936.fon 
06 5月 2024 18:04:36,342 DEBUG org.apache.fontbox.util.autodetect.FontFileFinder.walk(FontFileFinder.java:136) checkFontfile check C:\WINDOWS\FONTS\app949.fon 
06 5月 2024 18:04:36,342 DEBUG org.apache.fontbox.util.autodetect.FontFileFinder.walk(FontFileFinder.java:136) checkFontfile check C:\WINDOWS\FONTS\app950.fon 
06 5月 2024 18:04:36,342 DEBUG org.apache.fontbox.util.autodetect.FontFileFinder.walk(FontFileFinder.java:136) checkFontfile check C:\WINDOWS\FONTS\arial.ttf 
06 5月 2024 18:04:36,342 DEBUG org.apache.fontbox.util.autodetect.FontFileFinder.walk(FontFileFinder.java:142) checkFontfile found C:\WINDOWS\FONTS\arial.ttf 
06 5月 2024 18:04:36,342 DEBUG org.apache.fontbox.util.autodetect.FontFileFinder.walk(FontFileFinder.java:136) checkFontfile check C:\WINDOWS\FONTS\arialbd.ttf 
06 5月 2024 18:04:36,342 DEBUG org.apache.fontbox.util.autodetect.FontFileFinder.walk(FontFileFinder.java:142) checkFontfile found C:\WINDOWS\FONTS\arialbd.ttf 
06 5月 2024 18:04:36,343 DEBUG org.apache.fontbox.util.autodetect.FontFileFinder.walk(FontFileFinder.java:136) checkFontfile check C:\WINDOWS\FONTS\arialbi.ttf 
06 5月 2024 18:04:36,343 DEBUG org.apache.fontbox.util.autodetect.FontFileFinder.walk(FontFileFinder.java:142) checkFontfile found C:\WINDOWS\FONTS\arialbi.ttf 
06 5月 2024 18:04:36,343 DEBUG org.apache.fontbox.util.autodetect.FontFileFinder.walk(FontFileFinder.java:136) checkFontfile check C:\WINDOWS\FONTS\ariali.ttf 
06 5月 2024 18:04:36,343 DEBUG org.apache.fontbox.util.autodetect.FontFileFinder.walk(FontFileFinder.java:142) checkFontfile found C:\WINDOWS\FONTS\ariali.ttf 
06 5月 2024 18:04:36,343 DEBUG org.apache.fontbox.util.autodetect.FontFileFinder.walk(FontFileFinder.java:136) checkFontfile check C:\WINDOWS\FONTS\ARIALN.TTF 
06 5月 2024 18:04:36,343 DEBUG org.apache.fontbox.util.autodetect.FontFileFinder.walk(FontFileFinder.java:142) checkFontfile found C:\WINDOWS\FONTS\ARIALN.TTF 
06 5月 2024 18:04:36,343 DEBUG org.apache.fontbox.util.autodetect.FontFileFinder.walk(FontFileFinder.java:136) checkFontfile check C:\WINDOWS\FONTS\ARIALNB.TTF 
06 5月 2024 18:04:36,344 DEBUG org.apache.fontbox.util.autodetect.FontFileFinder.walk(FontFileFinder.java:142) checkFontfile found C:\WINDOWS\FONTS\ARIALNB.TTF 
06 5月 2024 18:04:36,344 DEBUG org.apache.fontbox.util.autodetect.FontFileFinder.walk(FontFileFinder.java:136) checkFontfile check C:\WINDOWS\FONTS\ARIALNBI.TTF 
06 5月 2024 18:04:36,344 DEBUG org.apache.fontbox.util.autodetect.FontFileFinder.walk(FontFileFinder.java:142) checkFontfile found C:\WINDOWS\FONTS\ARIALNBI.TTF 
06 5月 2024 18:04:36,344 DEBUG org.apache.fontbox.util.autodetect.FontFileFinder.walk(FontFileFinder.java:136) checkFontfile check C:\WINDOWS\FONTS\ARIALNI.TTF 
06 5月 2024 18:04:36,344 DEBUG org.apache.fontbox.util.autodetect.FontFileFinder.walk(FontFileFinder.java:142) checkFontfile found C:\WINDOWS\FONTS\ARIALNI.TTF 
06 5月 2024 18:04:36,344 DEBUG org.apache.fontbox.util.autodetect.FontFileFinder.walk(FontFileFinder.java:136) checkFontfile check C:\WINDOWS\FONTS\ariblk.ttf 
06 5月 2024 18:04:36,345 DEBUG org.apache.fontbox.util.autodetect.FontFileFinder.walk(FontFileFinder.java:142) checkFontfile found C:\WINDOWS\FONTS\ariblk.ttf 
06 5月 2024 18:04:36,345 DEBUG org.apache.fontbox.util.autodetect.FontFileFinder.walk(FontFileFinder.java:136) checkFontfile check C:\WINDOWS\FONTS\ARLRDBD.TTF 
06 5月 2024 18:04:36,345 DEBUG org.apache.fontbox.util.autodetect.FontFileFinder.walk(FontFileFinder.java:142) checkFontfile found C:\WINDOWS\FONTS\ARLRDBD.TTF 
06 5月 2024 18:04:36,345 DEBUG org.apache.fontbox.util.autodetect.FontFileFinder.walk(FontFileFinder.java:136) checkFontfile check C:\WINDOWS\FONTS\bahnschrift.ttf 
06 5月 2024 18:04:36,345 DEBUG org.apache.fontbox.util.autodetect.FontFileFinder.walk(FontFileFinder.java:142) checkFontfile found C:\WINDOWS\FONTS\bahnschrift.ttf 
06 5月 2024 18:04:36,345 DEBUG org.apache.fontbox.util.autodetect.FontFileFinder.walk(FontFileFinder.java:136) checkFontfile check C:\WINDOWS\FONTS\BASKVILL.TTF 
06 5月 2024 18:04:36,345 DEBUG org.apache.fontbox.util.autodetect.FontFileFinder.walk(FontFileFinder.java:142) checkFontfile found C:\WINDOWS\FONTS\BASKVILL.TTF 
06 5月 2024 18:04:36,346 DEBUG org.apache.fontbox.util.autodetect.FontFileFinder.walk(FontFileFinder.java:136) checkFontfile check C:\WINDOWS\FONTS\BAUHS93.TTF 
06 5月 2024 18:04:36,346 DEBUG org.apache.fontbox.util.autodetect.FontFileFinder.walk(FontFileFinder.java:142) checkFontfile found C:\WINDOWS\FONTS\BAUHS93.TTF 
06 5月 2024 18:04:36,346 DEBUG org.apache.fontbox.util.autodetect.FontFileFinder.walk(FontFileFinder.java:136) checkFontfile check C:\WINDOWS\FONTS\BELL.TTF 
06 5月 2024 18:04:36,346 DEBUG org.apache.fontbox.util.autodetect.FontFileFinder.walk(FontFileFinder.java:142) checkFontfile found C:\WINDOWS\FONTS\BELL.TTF 
06 5月 2024 18:04:36,346 DEBUG org.apache.fontbox.util.autodetect.FontFileFinder.walk(FontFileFinder.java:136) checkFontfile check C:\WINDOWS\FONTS\BELLB.TTF 
06 5月 2024 18:04:36,347 DEBUG org.apache.fontbox.util.autodetect.FontFileFinder.walk(FontFileFinder.java:142) checkFontfile found C:\WINDOWS\FONTS\BELLB.TTF 
06 5月 2024 18:04:36,347 DEBUG org.apache.fontbox.util.autodetect.FontFileFinder.walk(FontFileFinder.java:136) checkFontfile check C:\WINDOWS\FONTS\BELLI.TTF 
06 5月 2024 18:04:36,347 DEBUG org.apache.fontbox.util.autodetect.FontFileFinder.walk(FontFileFinder.java:142) checkFontfile found C:\WINDOWS\FONTS\BELLI.TTF 
06 5月 2024 18:04:36,347 DEBUG org.apache.fontbox.util.autodetect.FontFileFinder.walk(FontFileFinder.java:136) checkFontfile check C:\WINDOWS\FONTS\BERNHC.TTF 
06 5月 2024 18:04:36,347 DEBUG org.apache.fontbox.util.autodetect.FontFileFinder.walk(FontFileFinder.java:142) checkFontfile found C:\WINDOWS\FONTS\BERNHC.TTF 
06 5月 2024 18:04:36,348 DEBUG org.apache.fontbox.util.autodetect.FontFileFinder.walk(FontFileFinder.java:136) checkFontfile check C:\WINDOWS\FONTS\BIZ-UDGothicB.ttc 
06 5月 2024 18:04:36,348 DEBUG org.apache.fontbox.util.autodetect.FontFileFinder.walk(FontFileFinder.java:142) checkFontfile found C:\WINDOWS\FONTS\BIZ-UDGothicB.ttc 
06 5月 2024 18:04:36,348 DEBUG org.apache.fontbox.util.autodetect.FontFileFinder.walk(FontFileFinder.java:136) checkFontfile check C:\WINDOWS\FONTS\BIZ-UDGothicR.ttc 
06 5月 2024 18:04:36,348 DEBUG org.apache.fontbox.util.autodetect.FontFileFinder.walk(FontFileFinder.java:142) checkFontfile found C:\WINDOWS\FONTS\BIZ-UDGothicR.ttc 
06 5月 2024 18:04:36,349 DEBUG org.apache.fontbox.util.autodetect.FontFileFinder.walk(FontFileFinder.java:136) checkFontfile check C:\WINDOWS\FONTS\BIZ-UDMinchoM.ttc 
06 5月 2024 18:04:36,349 DEBUG org.apache.fontbox.util.autodetect.FontFileFinder.walk(FontFileFinder.java:142) checkFontfile found C:\WINDOWS\FONTS\BIZ-UDMinchoM.ttc 
06 5月 2024 18:04:36,349 DEBUG org.apache.fontbox.util.autodetect.FontFileFinder.walk(FontFileFinder.java:136) checkFontfile check C:\WINDOWS\FONTS\BKANT.TTF 
06 5月 2024 18:04:36,349 DEBUG org.apache.fontbox.util.autodetect.FontFileFinder.walk(FontFileFinder.java:142) checkFontfile found C:\WINDOWS\FONTS\BKANT.TTF 
06 5月 2024 18:04:36,349 DEBUG org.apache.fontbox.util.autodetect.FontFileFinder.walk(FontFileFinder.java:136) checkFontfile check C:\WINDOWS\FONTS\BOD_B.TTF 
06 5月 2024 18:04:36,349 DEBUG org.apache.fontbox.util.autodetect.FontFileFinder.walk(FontFileFinder.java:142) checkFontfile found C:\WINDOWS\FONTS\BOD_B.TTF 
06 5月 2024 18:04:36,349 DEBUG org.apache.fontbox.util.autodetect.FontFileFinder.walk(FontFileFinder.java:136) checkFontfile check C:\WINDOWS\FONTS\BOD_BI.TTF 
06 5月 2024 18:04:36,349 DEBUG org.apache.fontbox.util.autodetect.FontFileFinder.walk(FontFileFinder.java:142) checkFontfile found C:\WINDOWS\FONTS\BOD_BI.TTF 
06 5月 2024 18:04:36,350 DEBUG org.apache.fontbox.util.autodetect.FontFileFinder.walk(FontFileFinder.java:136) checkFontfile check C:\WINDOWS\FONTS\BOD_BLAI.TTF 
06 5月 2024 18:04:36,350 DEBUG org.apache.fontbox.util.autodetect.FontFileFinder.walk(FontFileFinder.java:142) checkFontfile found C:\WINDOWS\FONTS\BOD_BLAI.TTF 
06 5月 2024 18:04:36,350 DEBUG org.apache.fontbox.util.autodetect.FontFileFinder.walk(FontFileFinder.java:136) checkFontfile check C:\WINDOWS\FONTS\BOD_BLAR.TTF 
06 5月 2024 18:04:36,350 DEBUG org.apache.fontbox.util.autodetect.FontFileFinder.walk(FontFileFinder.java:142) checkFontfile found C:\WINDOWS\FONTS\BOD_BLAR.TTF 
06 5月 2024 18:04:36,350 DEBUG org.apache.fontbox.util.autodetect.FontFileFinder.walk(FontFileFinder.java:136) checkFontfile check C:\WINDOWS\FONTS\BOD_CB.TTF 
06 5月 2024 18:04:36,350 DEBUG org.apache.fontbox.util.autodetect.FontFileFinder.walk(FontFileFinder.java:142) checkFontfile found C:\WINDOWS\FONTS\BOD_CB.TTF 
06 5月 2024 18:04:36,351 DEBUG org.apache.fontbox.util.autodetect.FontFileFinder.walk(FontFileFinder.java:136) checkFontfile check C:\WINDOWS\FONTS\BOD_CBI.TTF 
06 5月 2024 18:04:36,351 DEBUG org.apache.fontbox.util.autodetect.FontFileFinder.walk(FontFileFinder.java:142) checkFontfile found C:\WINDOWS\FONTS\BOD_CBI.TTF 
06 5月 2024 18:04:36,351 DEBUG org.apache.fontbox.util.autodetect.FontFileFinder.walk(FontFileFinder.java:136) checkFontfile check C:\WINDOWS\FONTS\BOD_CI.TTF 
06 5月 2024 18:04:36,351 DEBUG org.apache.fontbox.util.autodetect.FontFileFinder.walk(FontFileFinder.java:142) checkFontfile found C:\WINDOWS\FONTS\BOD_CI.TTF 
06 5月 2024 18:04:36,351 DEBUG org.apache.fontbox.util.autodetect.FontFileFinder.walk(FontFileFinder.java:136) checkFontfile check C:\WINDOWS\FONTS\BOD_CR.TTF 
06 5月 2024 18:04:36,351 DEBUG org.apache.fontbox.util.autodetect.FontFileFinder.walk(FontFileFinder.java:142) checkFontfile found C:\WINDOWS\FONTS\BOD_CR.TTF 
06 5月 2024 18:04:36,351 DEBUG org.apache.fontbox.util.autodetect.FontFileFinder.walk(FontFileFinder.java:136) checkFontfile check C:\WINDOWS\FONTS\BOD_I.TTF 
06 5月 2024 18:04:36,351 DEBUG org.apache.fontbox.util.autodetect.FontFileFinder.walk(FontFileFinder.java:142) checkFontfile found C:\WINDOWS\FONTS\BOD_I.TTF 
06 5月 2024 18:04:36,352 DEBUG org.apache.fontbox.util.autodetect.FontFileFinder.walk(FontFileFinder.java:136) checkFontfile check C:\WINDOWS\FONTS\BOD_PSTC.TTF 
06 5月 2024 18:04:36,352 DEBUG org.apache.fontbox.util.autodetect.FontFileFinder.walk(FontFileFinder.java:142) checkFontfile found C:\WINDOWS\FONTS\BOD_PSTC.TTF 
06 5月 2024 18:04:36,352 DEBUG org.apache.fontbox.util.autodetect.FontFileFinder.walk(FontFileFinder.java:136) checkFontfile check C:\WINDOWS\FONTS\BOD_R.TTF 
06 5月 2024 18:04:36,352 DEBUG org.apache.fontbox.util.autodetect.FontFileFinder.walk(FontFileFinder.java:142) checkFontfile found C:\WINDOWS\FONTS\BOD_R.TTF 
06 5月 2024 18:04:36,352 DEBUG org.apache.fontbox.util.autodetect.FontFileFinder.walk(FontFileFinder.java:136) checkFontfile check C:\WINDOWS\FONTS\BOOKOS.TTF 
06 5月 2024 18:04:36,353 DEBUG org.apache.fontbox.util.autodetect.FontFileFinder.walk(FontFileFinder.java:142) checkFontfile found C:\WINDOWS\FONTS\BOOKOS.TTF 
06 5月 2024 18:04:36,353 DEBUG org.apache.fontbox.util.autodetect.FontFileFinder.walk(FontFileFinder.java:136) checkFontfile check C:\WINDOWS\FONTS\BOOKOSB.TTF 
06 5月 2024 18:04:36,353 DEBUG org.apache.fontbox.util.autodetect.FontFileFinder.walk(FontFileFinder.java:142) checkFontfile found C:\WINDOWS\FONTS\BOOKOSB.TTF 
06 5月 2024 18:04:36,353 DEBUG org.apache.fontbox.util.autodetect.FontFileFinder.walk(FontFileFinder.java:136) checkFontfile check C:\WINDOWS\FONTS\BOOKOSBI.TTF 
06 5月 2024 18:04:36,353 DEBUG org.apache.fontbox.util.autodetect.FontFileFinder.walk(FontFileFinder.java:142) checkFontfile found C:\WINDOWS\FONTS\BOOKOSBI.TTF 
06 5月 2024 18:04:36,354 DEBUG org.apache.fontbox.util.autodetect.FontFileFinder.walk(FontFileFinder.java:136) checkFontfile check C:\WINDOWS\FONTS\BOOKOSI.TTF 
06 5月 2024 18:04:36,354 DEBUG org.apache.fontbox.util.autodetect.FontFileFinder.walk(FontFileFinder.java:142) checkFontfile found C:\WINDOWS\FONTS\BOOKOSI.TTF 
06 5月 2024 18:04:36,354 DEBUG org.apache.fontbox.util.autodetect.FontFileFinder.walk(FontFileFinder.java:136) checkFontfile check C:\WINDOWS\FONTS\BRADHITC.TTF 
06 5月 2024 18:04:36,355 DEBUG org.apache.fontbox.util.autodetect.FontFileFinder.walk(FontFileFinder.java:142) checkFontfile found C:\WINDOWS\FONTS\BRADHITC.TTF 
06 5月 2024 18:04:36,355 DEBUG org.apache.fontbox.util.autodetect.FontFileFinder.walk(FontFileFinder.java:136) checkFontfile check C:\WINDOWS\FONTS\BRITANIC.TTF 
06 5月 2024 18:04:36,355 DEBUG org.apache.fontbox.util.autodetect.FontFileFinder.walk(FontFileFinder.java:142) checkFontfile found C:\WINDOWS\FONTS\BRITANIC.TTF 
06 5月 2024 18:04:36,355 DEBUG org.apache.fontbox.util.autodetect.FontFileFinder.walk(FontFileFinder.java:136) checkFontfile check C:\WINDOWS\FONTS\BRLNSB.TTF 
06 5月 2024 18:04:36,356 DEBUG org.apache.fontbox.util.autodetect.FontFileFinder.walk(FontFileFinder.java:142) checkFontfile found C:\WINDOWS\FONTS\BRLNSB.TTF 
06 5月 2024 18:04:36,356 DEBUG org.apache.fontbox.util.autodetect.FontFileFinder.walk(FontFileFinder.java:136) checkFontfile check C:\WINDOWS\FONTS\BRLNSDB.TTF 
06 5月 2024 18:04:36,356 DEBUG org.apache.fontbox.util.autodetect.FontFileFinder.walk(FontFileFinder.java:142) checkFontfile found C:\WINDOWS\FONTS\BRLNSDB.TTF 
06 5月 2024 18:04:36,356 DEBUG org.apache.fontbox.util.autodetect.FontFileFinder.walk(FontFileFinder.java:136) checkFontfile check C:\WINDOWS\FONTS\BRLNSR.TTF 
06 5月 2024 18:04:36,356 DEBUG org.apache.fontbox.util.autodetect.FontFileFinder.walk(FontFileFinder.java:142) checkFontfile found C:\WINDOWS\FONTS\BRLNSR.TTF 
06 5月 2024 18:04:36,357 DEBUG org.apache.fontbox.util.autodetect.FontFileFinder.walk(FontFileFinder.java:136) checkFontfile check C:\WINDOWS\FONTS\BROADW.TTF 
06 5月 2024 18:04:36,357 DEBUG org.apache.fontbox.util.autodetect.FontFileFinder.walk(FontFileFinder.java:142) checkFontfile found C:\WINDOWS\FONTS\BROADW.TTF 
06 5月 2024 18:04:36,357 DEBUG org.apache.fontbox.util.autodetect.FontFileFinder.walk(FontFileFinder.java:136) checkFontfile check C:\WINDOWS\FONTS\BRUSHSCI.TTF 
06 5月 2024 18:04:36,357 DEBUG org.apache.fontbox.util.autodetect.FontFileFinder.walk(FontFileFinder.java:142) checkFontfile found C:\WINDOWS\FONTS\BRUSHSCI.TTF 
06 5月 2024 18:04:36,358 DEBUG org.apache.fontbox.util.autodetect.FontFileFinder.walk(FontFileFinder.java:136) checkFontfile check C:\WINDOWS\FONTS\BSSYM7.TTF 
06 5月 2024 18:04:36,358 DEBUG org.apache.fontbox.util.autodetect.FontFileFinder.walk(FontFileFinder.java:142) checkFontfile found C:\WINDOWS\FONTS\BSSYM7.TTF 
06 5月 2024 18:04:36,358 DEBUG org.apache.fontbox.util.autodetect.FontFileFinder.walk(FontFileFinder.java:136) checkFontfile check C:\WINDOWS\FONTS\c8514fix.fon 
06 5月 2024 18:04:36,358 DEBUG org.apache.fontbox.util.autodetect.FontFileFinder.walk(FontFileFinder.java:136) checkFontfile check C:\WINDOWS\FONTS\c8514oem.fon 
06 5月 2024 18:04:36,358 DEBUG org.apache.fontbox.util.autodetect.FontFileFinder.walk(FontFileFinder.java:136) checkFontfile check C:\WINDOWS\FONTS\c8514sys.fon 
06 5月 2024 18:04:36,359 DEBUG org.apache.fontbox.util.autodetect.FontFileFinder.walk(FontFileFinder.java:136) checkFontfile check C:\WINDOWS\FONTS\calibri.ttf 
06 5月 2024 18:04:36,359 DEBUG org.apache.fontbox.util.autodetect.FontFileFinder.walk(FontFileFinder.java:142) checkFontfile found C:\WINDOWS\FONTS\calibri.ttf 
06 5月 2024 18:04:36,359 DEBUG org.apache.fontbox.util.autodetect.FontFileFinder.walk(FontFileFinder.java:136) checkFontfile check C:\WINDOWS\FONTS\calibrib.ttf 
06 5月 2024 18:04:36,359 DEBUG org.apache.fontbox.util.autodetect.FontFileFinder.walk(FontFileFinder.java:142) checkFontfile found C:\WINDOWS\FONTS\calibrib.ttf 
06 5月 2024 18:04:36,359 DEBUG org.apache.fontbox.util.autodetect.FontFileFinder.walk(FontFileFinder.java:136) checkFontfile check C:\WINDOWS\FONTS\calibrii.ttf 
06 5月 2024 18:04:36,360 DEBUG org.apache.fontbox.util.autodetect.FontFileFinder.walk(FontFileFinder.java:142) checkFontfile found C:\WINDOWS\FONTS\calibrii.ttf 
06 5月 2024 18:04:36,360 DEBUG org.apache.fontbox.util.autodetect.FontFileFinder.walk(FontFileFinder.java:136) checkFontfile check C:\WINDOWS\FONTS\calibril.ttf 
06 5月 2024 18:04:36,360 DEBUG org.apache.fontbox.util.autodetect.FontFileFinder.walk(FontFileFinder.java:142) checkFontfile found C:\WINDOWS\FONTS\calibril.ttf 
06 5月 2024 18:04:36,360 DEBUG org.apache.fontbox.util.autodetect.FontFileFinder.walk(FontFileFinder.java:136) checkFontfile check C:\WINDOWS\FONTS\calibrili.ttf 
06 5月 2024 18:04:36,360 DEBUG org.apache.fontbox.util.autodetect.FontFileFinder.walk(FontFileFinder.java:142) checkFontfile found C:\WINDOWS\FONTS\calibrili.ttf 
06 5月 2024 18:04:36,361 DEBUG org.apache.fontbox.util.autodetect.FontFileFinder.walk(FontFileFinder.java:136) checkFontfile check C:\WINDOWS\FONTS\calibriz.ttf 
06 5月 2024 18:04:36,361 DEBUG org.apache.fontbox.util.autodetect.FontFileFinder.walk(FontFileFinder.java:142) checkFontfile found C:\WINDOWS\FONTS\calibriz.ttf 
06 5月 2024 18:04:36,361 DEBUG org.apache.fontbox.util.autodetect.FontFileFinder.walk(FontFileFinder.java:136) checkFontfile check C:\WINDOWS\FONTS\CALIFB.TTF 
06 5月 2024 18:04:36,361 DEBUG org.apache.fontbox.util.autodetect.FontFileFinder.walk(FontFileFinder.java:142) checkFontfile found C:\WINDOWS\FONTS\CALIFB.TTF 
06 5月 2024 18:04:36,362 DEBUG org.apache.fontbox.util.autodetect.FontFileFinder.walk(FontFileFinder.java:136) checkFontfile check C:\WINDOWS\FONTS\CALIFI.TTF 
06 5月 2024 18:04:36,362 DEBUG org.apache.fontbox.util.autodetect.FontFileFinder.walk(FontFileFinder.java:142) checkFontfile found C:\WINDOWS\FONTS\CALIFI.TTF 
06 5月 2024 18:04:36,362 DEBUG org.apache.fontbox.util.autodetect.FontFileFinder.walk(FontFileFinder.java:136) checkFontfile check C:\WINDOWS\FONTS\CALIFR.TTF 
06 5月 2024 18:04:36,362 DEBUG org.apache.fontbox.util.autodetect.FontFileFinder.walk(FontFileFinder.java:142) checkFontfile found C:\WINDOWS\FONTS\CALIFR.TTF 
06 5月 2024 18:04:36,362 DEBUG org.apache.fontbox.util.autodetect.FontFileFinder.walk(FontFileFinder.java:136) checkFontfile check C:\WINDOWS\FONTS\CALIST.TTF 
06 5月 2024 18:04:36,362 DEBUG org.apache.fontbox.util.autodetect.FontFileFinder.walk(FontFileFinder.java:142) checkFontfile found C:\WINDOWS\FONTS\CALIST.TTF 
06 5月 2024 18:04:36,363 DEBUG org.apache.fontbox.util.autodetect.FontFileFinder.walk(FontFileFinder.java:136) checkFontfile check C:\WINDOWS\FONTS\CALISTB.TTF 
06 5月 2024 18:04:36,363 DEBUG org.apache.fontbox.util.autodetect.FontFileFinder.walk(FontFileFinder.java:142) checkFontfile found C:\WINDOWS\FONTS\CALISTB.TTF 
06 5月 2024 18:04:36,363 DEBUG org.apache.fontbox.util.autodetect.FontFileFinder.walk(FontFileFinder.java:136) checkFontfile check C:\WINDOWS\FONTS\CALISTBI.TTF 
06 5月 2024 18:04:36,363 DEBUG org.apache.fontbox.util.autodetect.FontFileFinder.walk(FontFileFinder.java:142) checkFontfile found C:\WINDOWS\FONTS\CALISTBI.TTF 
06 5月 2024 18:04:36,363 DEBUG org.apache.fontbox.util.autodetect.FontFileFinder.walk(FontFileFinder.java:136) checkFontfile check C:\WINDOWS\FONTS\CALISTI.TTF 
06 5月 2024 18:04:36,363 DEBUG org.apache.fontbox.util.autodetect.FontFileFinder.walk(FontFileFinder.java:142) checkFontfile found C:\WINDOWS\FONTS\CALISTI.TTF 
06 5月 2024 18:04:36,364 DEBUG org.apache.fontbox.util.autodetect.FontFileFinder.walk(FontFileFinder.java:136) checkFontfile check C:\WINDOWS\FONTS\cambria.ttc 
06 5月 2024 18:04:36,364 DEBUG org.apache.fontbox.util.autodetect.FontFileFinder.walk(FontFileFinder.java:142) checkFontfile found C:\WINDOWS\FONTS\cambria.ttc 
06 5月 2024 18:04:36,364 DEBUG org.apache.fontbox.util.autodetect.FontFileFinder.walk(FontFileFinder.java:136) checkFontfile check C:\WINDOWS\FONTS\cambriab.ttf 
06 5月 2024 18:04:36,364 DEBUG org.apache.fontbox.util.autodetect.FontFileFinder.walk(FontFileFinder.java:142) checkFontfile found C:\WINDOWS\FONTS\cambriab.ttf 
06 5月 2024 18:04:36,364 DEBUG org.apache.fontbox.util.autodetect.FontFileFinder.walk(FontFileFinder.java:136) checkFontfile check C:\WINDOWS\FONTS\cambriai.ttf 
06 5月 2024 18:04:36,364 DEBUG org.apache.fontbox.util.autodetect.FontFileFinder.walk(FontFileFinder.java:142) checkFontfile found C:\WINDOWS\FONTS\cambriai.ttf 
06 5月 2024 18:04:36,365 DEBUG org.apache.fontbox.util.autodetect.FontFileFinder.walk(FontFileFinder.java:136) checkFontfile check C:\WINDOWS\FONTS\cambriaz.ttf 
06 5月 2024 18:04:36,365 DEBUG org.apache.fontbox.util.autodetect.FontFileFinder.walk(FontFileFinder.java:142) checkFontfile found C:\WINDOWS\FONTS\cambriaz.ttf 
06 5月 2024 18:04:36,365 DEBUG org.apache.fontbox.util.autodetect.FontFileFinder.walk(FontFileFinder.java:136) checkFontfile check C:\WINDOWS\FONTS\Candara.ttf 
06 5月 2024 18:04:36,365 DEBUG org.apache.fontbox.util.autodetect.FontFileFinder.walk(FontFileFinder.java:142) checkFontfile found C:\WINDOWS\FONTS\Candara.ttf 
06 5月 2024 18:04:36,365 DEBUG org.apache.fontbox.util.autodetect.FontFileFinder.walk(FontFileFinder.java:136) checkFontfile check C:\WINDOWS\FONTS\Candarab.ttf 
06 5月 2024 18:04:36,366 DEBUG org.apache.fontbox.util.autodetect.FontFileFinder.walk(FontFileFinder.java:142) checkFontfile found C:\WINDOWS\FONTS\Candarab.ttf 
06 5月 2024 18:04:36,366 DEBUG org.apache.fontbox.util.autodetect.FontFileFinder.walk(FontFileFinder.java:136) checkFontfile check C:\WINDOWS\FONTS\Candarai.ttf 
06 5月 2024 18:04:36,366 DEBUG org.apache.fontbox.util.autodetect.FontFileFinder.walk(FontFileFinder.java:142) checkFontfile found C:\WINDOWS\FONTS\Candarai.ttf 
06 5月 2024 18:04:36,366 DEBUG org.apache.fontbox.util.autodetect.FontFileFinder.walk(FontFileFinder.java:136) checkFontfile check C:\WINDOWS\FONTS\Candaral.ttf 
06 5月 2024 18:04:36,367 DEBUG org.apache.fontbox.util.autodetect.FontFileFinder.walk(FontFileFinder.java:142) checkFontfile found C:\WINDOWS\FONTS\Candaral.ttf 
06 5月 2024 18:04:36,367 DEBUG org.apache.fontbox.util.autodetect.FontFileFinder.walk(FontFileFinder.java:136) checkFontfile check C:\WINDOWS\FONTS\Candarali.ttf 
06 5月 2024 18:04:36,367 DEBUG org.apache.fontbox.util.autodetect.FontFileFinder.walk(FontFileFinder.java:142) checkFontfile found C:\WINDOWS\FONTS\Candarali.ttf 
06 5月 2024 18:04:36,367 DEBUG org.apache.fontbox.util.autodetect.FontFileFinder.walk(FontFileFinder.java:136) checkFontfile check C:\WINDOWS\FONTS\Candaraz.ttf 
06 5月 2024 18:04:36,367 DEBUG org.apache.fontbox.util.autodetect.FontFileFinder.walk(FontFileFinder.java:142) checkFontfile found C:\WINDOWS\FONTS\Candaraz.ttf 
06 5月 2024 18:04:36,368 DEBUG org.apache.fontbox.util.autodetect.FontFileFinder.walk(FontFileFinder.java:136) checkFontfile check C:\WINDOWS\FONTS\CascadiaCode.ttf 
06 5月 2024 18:04:36,368 DEBUG org.apache.fontbox.util.autodetect.FontFileFinder.walk(FontFileFinder.java:142) checkFontfile found C:\WINDOWS\FONTS\CascadiaCode.ttf 
06 5月 2024 18:04:36,368 DEBUG org.apache.fontbox.util.autodetect.FontFileFinder.walk(FontFileFinder.java:136) checkFontfile check C:\WINDOWS\FONTS\CascadiaMono.ttf 
06 5月 2024 18:04:36,368 DEBUG org.apache.fontbox.util.autodetect.FontFileFinder.walk(FontFileFinder.java:142) checkFontfile found C:\WINDOWS\FONTS\CascadiaMono.ttf 
06 5月 2024 18:04:36,368 DEBUG org.apache.fontbox.util.autodetect.FontFileFinder.walk(FontFileFinder.java:136) checkFontfile check C:\WINDOWS\FONTS\CASTELAR.TTF 
06 5月 2024 18:04:36,368 DEBUG org.apache.fontbox.util.autodetect.FontFileFinder.walk(FontFileFinder.java:142) checkFontfile found C:\WINDOWS\FONTS\CASTELAR.TTF 
06 5月 2024 18:04:36,369 DEBUG org.apache.fontbox.util.autodetect.FontFileFinder.walk(FontFileFinder.java:136) checkFontfile check C:\WINDOWS\FONTS\CENSCBK.TTF 
06 5月 2024 18:04:36,369 DEBUG org.apache.fontbox.util.autodetect.FontFileFinder.walk(FontFileFinder.java:142) checkFontfile found C:\WINDOWS\FONTS\CENSCBK.TTF 
06 5月 2024 18:04:36,369 DEBUG org.apache.fontbox.util.autodetect.FontFileFinder.walk(FontFileFinder.java:136) checkFontfile check C:\WINDOWS\FONTS\CENTAUR.TTF 
06 5月 2024 18:04:36,369 DEBUG org.apache.fontbox.util.autodetect.FontFileFinder.walk(FontFileFinder.java:142) checkFontfile found C:\WINDOWS\FONTS\CENTAUR.TTF 
06 5月 2024 18:04:36,370 DEBUG org.apache.fontbox.util.autodetect.FontFileFinder.walk(FontFileFinder.java:136) checkFontfile check C:\WINDOWS\FONTS\CENTURY.TTF 
06 5月 2024 18:04:36,370 DEBUG org.apache.fontbox.util.autodetect.FontFileFinder.walk(FontFileFinder.java:142) checkFontfile found C:\WINDOWS\FONTS\CENTURY.TTF 
06 5月 2024 18:04:36,370 DEBUG org.apache.fontbox.util.autodetect.FontFileFinder.walk(FontFileFinder.java:136) checkFontfile check C:\WINDOWS\FONTS\cga40737.fon 
06 5月 2024 18:04:36,370 DEBUG org.apache.fontbox.util.autodetect.FontFileFinder.walk(FontFileFinder.java:136) checkFontfile check C:\WINDOWS\FONTS\cga40850.fon 
06 5月 2024 18:04:36,370 DEBUG org.apache.fontbox.util.autodetect.FontFileFinder.walk(FontFileFinder.java:136) checkFontfile check C:\WINDOWS\FONTS\cga40852.fon 
06 5月 2024 18:04:36,371 DEBUG org.apache.fontbox.util.autodetect.FontFileFinder.walk(FontFileFinder.java:136) checkFontfile check C:\WINDOWS\FONTS\cga40857.fon 
06 5月 2024 18:04:36,371 DEBUG org.apache.fontbox.util.autodetect.FontFileFinder.walk(FontFileFinder.java:136) checkFontfile check C:\WINDOWS\FONTS\cga40866.fon 
06 5月 2024 18:04:36,371 DEBUG org.apache.fontbox.util.autodetect.FontFileFinder.walk(FontFileFinder.java:136) checkFontfile check C:\WINDOWS\FONTS\cga40869.fon 
06 5月 2024 18:04:36,371 DEBUG org.apache.fontbox.util.autodetect.FontFileFinder.walk(FontFileFinder.java:136) checkFontfile check C:\WINDOWS\FONTS\cga40woa.fon 
06 5月 2024 18:04:36,372 DEBUG org.apache.fontbox.util.autodetect.FontFileFinder.walk(FontFileFinder.java:136) checkFontfile check C:\WINDOWS\FONTS\cga80737.fon 
06 5月 2024 18:04:36,372 DEBUG org.apache.fontbox.util.autodetect.FontFileFinder.walk(FontFileFinder.java:136) checkFontfile check C:\WINDOWS\FONTS\cga80850.fon 
06 5月 2024 18:04:36,372 DEBUG org.apache.fontbox.util.autodetect.FontFileFinder.walk(FontFileFinder.java:136) checkFontfile check C:\WINDOWS\FONTS\cga80852.fon 
06 5月 2024 18:04:36,372 DEBUG org.apache.fontbox.util.autodetect.FontFileFinder.walk(FontFileFinder.java:136) checkFontfile check C:\WINDOWS\FONTS\cga80857.fon 
06 5月 2024 18:04:36,372 DEBUG org.apache.fontbox.util.autodetect.FontFileFinder.walk(FontFileFinder.java:136) checkFontfile check C:\WINDOWS\FONTS\cga80866.fon 
06 5月 2024 18:04:36,372 DEBUG org.apache.fontbox.util.autodetect.FontFileFinder.walk(FontFileFinder.java:136) checkFontfile check C:\WINDOWS\FONTS\cga80869.fon 
06 5月 2024 18:04:36,373 DEBUG org.apache.fontbox.util.autodetect.FontFileFinder.walk(FontFileFinder.java:136) checkFontfile check C:\WINDOWS\FONTS\cga80woa.fon 
06 5月 2024 18:04:36,373 DEBUG org.apache.fontbox.util.autodetect.FontFileFinder.walk(FontFileFinder.java:136) checkFontfile check C:\WINDOWS\FONTS\CHILLER.TTF 
06 5月 2024 18:04:36,373 DEBUG org.apache.fontbox.util.autodetect.FontFileFinder.walk(FontFileFinder.java:142) checkFontfile found C:\WINDOWS\FONTS\CHILLER.TTF 
06 5月 2024 18:04:36,373 DEBUG org.apache.fontbox.util.autodetect.FontFileFinder.walk(FontFileFinder.java:136) checkFontfile check C:\WINDOWS\FONTS\COLONNA.TTF 
06 5月 2024 18:04:36,373 DEBUG org.apache.fontbox.util.autodetect.FontFileFinder.walk(FontFileFinder.java:142) checkFontfile found C:\WINDOWS\FONTS\COLONNA.TTF 
06 5月 2024 18:04:36,373 DEBUG org.apache.fontbox.util.autodetect.FontFileFinder.walk(FontFileFinder.java:136) checkFontfile check C:\WINDOWS\FONTS\comic.ttf 
06 5月 2024 18:04:36,374 DEBUG org.apache.fontbox.util.autodetect.FontFileFinder.walk(FontFileFinder.java:142) checkFontfile found C:\WINDOWS\FONTS\comic.ttf 
06 5月 2024 18:04:36,374 DEBUG org.apache.fontbox.util.autodetect.FontFileFinder.walk(FontFileFinder.java:136) checkFontfile check C:\WINDOWS\FONTS\comicbd.ttf 
06 5月 2024 18:04:36,374 DEBUG org.apache.fontbox.util.autodetect.FontFileFinder.walk(FontFileFinder.java:142) checkFontfile found C:\WINDOWS\FONTS\comicbd.ttf 
06 5月 2024 18:04:36,374 DEBUG org.apache.fontbox.util.autodetect.FontFileFinder.walk(FontFileFinder.java:136) checkFontfile check C:\WINDOWS\FONTS\comici.ttf 
06 5月 2024 18:04:36,374 DEBUG org.apache.fontbox.util.autodetect.FontFileFinder.walk(FontFileFinder.java:142) checkFontfile found C:\WINDOWS\FONTS\comici.ttf 
06 5月 2024 18:04:36,375 DEBUG org.apache.fontbox.util.autodetect.FontFileFinder.walk(FontFileFinder.java:136) checkFontfile check C:\WINDOWS\FONTS\comicz.ttf 
06 5月 2024 18:04:36,375 DEBUG org.apache.fontbox.util.autodetect.FontFileFinder.walk(FontFileFinder.java:142) checkFontfile found C:\WINDOWS\FONTS\comicz.ttf 
06 5月 2024 18:04:36,375 DEBUG org.apache.fontbox.util.autodetect.FontFileFinder.walk(FontFileFinder.java:136) checkFontfile check C:\WINDOWS\FONTS\consola.ttf 
06 5月 2024 18:04:36,375 DEBUG org.apache.fontbox.util.autodetect.FontFileFinder.walk(FontFileFinder.java:142) checkFontfile found C:\WINDOWS\FONTS\consola.ttf 
06 5月 2024 18:04:36,375 DEBUG org.apache.fontbox.util.autodetect.FontFileFinder.walk(FontFileFinder.java:136) checkFontfile check C:\WINDOWS\FONTS\consolab.ttf 
06 5月 2024 18:04:36,375 DEBUG org.apache.fontbox.util.autodetect.FontFileFinder.walk(FontFileFinder.java:142) checkFontfile found C:\WINDOWS\FONTS\consolab.ttf 
06 5月 2024 18:04:36,376 DEBUG org.apache.fontbox.util.autodetect.FontFileFinder.walk(FontFileFinder.java:136) checkFontfile check C:\WINDOWS\FONTS\consolai.ttf 
06 5月 2024 18:04:36,376 DEBUG org.apache.fontbox.util.autodetect.FontFileFinder.walk(FontFileFinder.java:142) checkFontfile found C:\WINDOWS\FONTS\consolai.ttf 
06 5月 2024 18:04:36,376 DEBUG org.apache.fontbox.util.autodetect.FontFileFinder.walk(FontFileFinder.java:136) checkFontfile check C:\WINDOWS\FONTS\consolaz.ttf 
06 5月 2024 18:04:36,376 DEBUG org.apache.fontbox.util.autodetect.FontFileFinder.walk(FontFileFinder.java:142) checkFontfile found C:\WINDOWS\FONTS\consolaz.ttf 
06 5月 2024 18:04:36,376 DEBUG org.apache.fontbox.util.autodetect.FontFileFinder.walk(FontFileFinder.java:136) checkFontfile check C:\WINDOWS\FONTS\constan.ttf 
06 5月 2024 18:04:36,376 DEBUG org.apache.fontbox.util.autodetect.FontFileFinder.walk(FontFileFinder.java:142) checkFontfile found C:\WINDOWS\FONTS\constan.ttf 
06 5月 2024 18:04:36,377 DEBUG org.apache.fontbox.util.autodetect.FontFileFinder.walk(FontFileFinder.java:136) checkFontfile check C:\WINDOWS\FONTS\constanb.ttf 
06 5月 2024 18:04:36,378 DEBUG org.apache.fontbox.util.autodetect.FontFileFinder.walk(FontFileFinder.java:142) checkFontfile found C:\WINDOWS\FONTS\constanb.ttf 
06 5月 2024 18:04:36,378 DEBUG org.apache.fontbox.util.autodetect.FontFileFinder.walk(FontFileFinder.java:136) checkFontfile check C:\WINDOWS\FONTS\constani.ttf 
06 5月 2024 18:04:36,378 DEBUG org.apache.fontbox.util.autodetect.FontFileFinder.walk(FontFileFinder.java:142) checkFontfile found C:\WINDOWS\FONTS\constani.ttf 
06 5月 2024 18:04:36,378 DEBUG org.apache.fontbox.util.autodetect.FontFileFinder.walk(FontFileFinder.java:136) checkFontfile check C:\WINDOWS\FONTS\constanz.ttf 
06 5月 2024 18:04:36,379 DEBUG org.apache.fontbox.util.autodetect.FontFileFinder.walk(FontFileFinder.java:142) checkFontfile found C:\WINDOWS\FONTS\constanz.ttf 
06 5月 2024 18:04:36,379 DEBUG org.apache.fontbox.util.autodetect.FontFileFinder.walk(FontFileFinder.java:136) checkFontfile check C:\WINDOWS\FONTS\COOPBL.TTF 
06 5月 2024 18:04:36,379 DEBUG org.apache.fontbox.util.autodetect.FontFileFinder.walk(FontFileFinder.java:142) checkFontfile found C:\WINDOWS\FONTS\COOPBL.TTF 
06 5月 2024 18:04:36,380 DEBUG org.apache.fontbox.util.autodetect.FontFileFinder.walk(FontFileFinder.java:136) checkFontfile check C:\WINDOWS\FONTS\COPRGTB.TTF 
06 5月 2024 18:04:36,380 DEBUG org.apache.fontbox.util.autodetect.FontFileFinder.walk(FontFileFinder.java:142) checkFontfile found C:\WINDOWS\FONTS\COPRGTB.TTF 
06 5月 2024 18:04:36,380 DEBUG org.apache.fontbox.util.autodetect.FontFileFinder.walk(FontFileFinder.java:136) checkFontfile check C:\WINDOWS\FONTS\COPRGTL.TTF 
06 5月 2024 18:04:36,380 DEBUG org.apache.fontbox.util.autodetect.FontFileFinder.walk(FontFileFinder.java:142) checkFontfile found C:\WINDOWS\FONTS\COPRGTL.TTF 
06 5月 2024 18:04:36,381 DEBUG org.apache.fontbox.util.autodetect.FontFileFinder.walk(FontFileFinder.java:136) checkFontfile check C:\WINDOWS\FONTS\corbel.ttf 
06 5月 2024 18:04:36,381 DEBUG org.apache.fontbox.util.autodetect.FontFileFinder.walk(FontFileFinder.java:142) checkFontfile found C:\WINDOWS\FONTS\corbel.ttf 
06 5月 2024 18:04:36,381 DEBUG org.apache.fontbox.util.autodetect.FontFileFinder.walk(FontFileFinder.java:136) checkFontfile check C:\WINDOWS\FONTS\corbelb.ttf 
06 5月 2024 18:04:36,381 DEBUG org.apache.fontbox.util.autodetect.FontFileFinder.walk(FontFileFinder.java:142) checkFontfile found C:\WINDOWS\FONTS\corbelb.ttf 
06 5月 2024 18:04:36,382 DEBUG org.apache.fontbox.util.autodetect.FontFileFinder.walk(FontFileFinder.java:136) checkFontfile check C:\WINDOWS\FONTS\corbeli.ttf 
06 5月 2024 18:04:36,382 DEBUG org.apache.fontbox.util.autodetect.FontFileFinder.walk(FontFileFinder.java:142) checkFontfile found C:\WINDOWS\FONTS\corbeli.ttf 
06 5月 2024 18:04:36,382 DEBUG org.apache.fontbox.util.autodetect.FontFileFinder.walk(FontFileFinder.java:136) checkFontfile check C:\WINDOWS\FONTS\corbell.ttf 
06 5月 2024 18:04:36,382 DEBUG org.apache.fontbox.util.autodetect.FontFileFinder.walk(FontFileFinder.java:142) checkFontfile found C:\WINDOWS\FONTS\corbell.ttf 
06 5月 2024 18:04:36,383 DEBUG org.apache.fontbox.util.autodetect.FontFileFinder.walk(FontFileFinder.java:136) checkFontfile check C:\WINDOWS\FONTS\corbelli.ttf 
06 5月 2024 18:04:36,383 DEBUG org.apache.fontbox.util.autodetect.FontFileFinder.walk(FontFileFinder.java:142) checkFontfile found C:\WINDOWS\FONTS\corbelli.ttf 
06 5月 2024 18:04:36,383 DEBUG org.apache.fontbox.util.autodetect.FontFileFinder.walk(FontFileFinder.java:136) checkFontfile check C:\WINDOWS\FONTS\corbelz.ttf 
06 5月 2024 18:04:36,383 DEBUG org.apache.fontbox.util.autodetect.FontFileFinder.walk(FontFileFinder.java:142) checkFontfile found C:\WINDOWS\FONTS\corbelz.ttf 
06 5月 2024 18:04:36,384 DEBUG org.apache.fontbox.util.autodetect.FontFileFinder.walk(FontFileFinder.java:136) checkFontfile check C:\WINDOWS\FONTS\coue1255.fon 
06 5月 2024 18:04:36,384 DEBUG org.apache.fontbox.util.autodetect.FontFileFinder.walk(FontFileFinder.java:136) checkFontfile check C:\WINDOWS\FONTS\coue1256.fon 
06 5月 2024 18:04:36,384 DEBUG org.apache.fontbox.util.autodetect.FontFileFinder.walk(FontFileFinder.java:136) checkFontfile check C:\WINDOWS\FONTS\coue1257.fon 
06 5月 2024 18:04:36,384 DEBUG org.apache.fontbox.util.autodetect.FontFileFinder.walk(FontFileFinder.java:136) checkFontfile check C:\WINDOWS\FONTS\couf1255.fon 
06 5月 2024 18:04:36,384 DEBUG org.apache.fontbox.util.autodetect.FontFileFinder.walk(FontFileFinder.java:136) checkFontfile check C:\WINDOWS\FONTS\couf1256.fon 
06 5月 2024 18:04:36,385 DEBUG org.apache.fontbox.util.autodetect.FontFileFinder.walk(FontFileFinder.java:136) checkFontfile check C:\WINDOWS\FONTS\couf1257.fon 
06 5月 2024 18:04:36,385 DEBUG org.apache.fontbox.util.autodetect.FontFileFinder.walk(FontFileFinder.java:136) checkFontfile check C:\WINDOWS\FONTS\cour.ttf 
06 5月 2024 18:04:36,385 DEBUG org.apache.fontbox.util.autodetect.FontFileFinder.walk(FontFileFinder.java:142) checkFontfile found C:\WINDOWS\FONTS\cour.ttf 
06 5月 2024 18:04:36,385 DEBUG org.apache.fontbox.util.autodetect.FontFileFinder.walk(FontFileFinder.java:136) checkFontfile check C:\WINDOWS\FONTS\courbd.ttf 
06 5月 2024 18:04:36,385 DEBUG org.apache.fontbox.util.autodetect.FontFileFinder.walk(FontFileFinder.java:142) checkFontfile found C:\WINDOWS\FONTS\courbd.ttf 
06 5月 2024 18:04:36,386 DEBUG org.apache.fontbox.util.autodetect.FontFileFinder.walk(FontFileFinder.java:136) checkFontfile check C:\WINDOWS\FONTS\courbi.ttf 
06 5月 2024 18:04:36,386 DEBUG org.apache.fontbox.util.autodetect.FontFileFinder.walk(FontFileFinder.java:142) checkFontfile found C:\WINDOWS\FONTS\courbi.ttf 
06 5月 2024 18:04:36,386 DEBUG org.apache.fontbox.util.autodetect.FontFileFinder.walk(FontFileFinder.java:136) checkFontfile check C:\WINDOWS\FONTS\coure.fon 
06 5月 2024 18:04:36,386 DEBUG org.apache.fontbox.util.autodetect.FontFileFinder.walk(FontFileFinder.java:136) checkFontfile check C:\WINDOWS\FONTS\couree.fon 
06 5月 2024 18:04:36,386 DEBUG org.apache.fontbox.util.autodetect.FontFileFinder.walk(FontFileFinder.java:136) checkFontfile check C:\WINDOWS\FONTS\coureg.fon 
06 5月 2024 18:04:36,387 DEBUG org.apache.fontbox.util.autodetect.FontFileFinder.walk(FontFileFinder.java:136) checkFontfile check C:\WINDOWS\FONTS\courer.fon 
06 5月 2024 18:04:36,387 DEBUG org.apache.fontbox.util.autodetect.FontFileFinder.walk(FontFileFinder.java:136) checkFontfile check C:\WINDOWS\FONTS\couret.fon 
06 5月 2024 18:04:36,387 DEBUG org.apache.fontbox.util.autodetect.FontFileFinder.walk(FontFileFinder.java:136) checkFontfile check C:\WINDOWS\FONTS\courf.fon 
06 5月 2024 18:04:36,388 DEBUG org.apache.fontbox.util.autodetect.FontFileFinder.walk(FontFileFinder.java:136) checkFontfile check C:\WINDOWS\FONTS\courfe.fon 
06 5月 2024 18:04:36,389 DEBUG org.apache.fontbox.util.autodetect.FontFileFinder.walk(FontFileFinder.java:136) checkFontfile check C:\WINDOWS\FONTS\courfg.fon 
06 5月 2024 18:04:36,389 DEBUG org.apache.fontbox.util.autodetect.FontFileFinder.walk(FontFileFinder.java:136) checkFontfile check C:\WINDOWS\FONTS\courfr.fon 
06 5月 2024 18:04:36,389 DEBUG org.apache.fontbox.util.autodetect.FontFileFinder.walk(FontFileFinder.java:136) checkFontfile check C:\WINDOWS\FONTS\courft.fon 
06 5月 2024 18:04:36,389 DEBUG org.apache.fontbox.util.autodetect.FontFileFinder.walk(FontFileFinder.java:136) checkFontfile check C:\WINDOWS\FONTS\couri.ttf 
06 5月 2024 18:04:36,390 DEBUG org.apache.fontbox.util.autodetect.FontFileFinder.walk(FontFileFinder.java:142) checkFontfile found C:\WINDOWS\FONTS\couri.ttf 
06 5月 2024 18:04:36,390 DEBUG org.apache.fontbox.util.autodetect.FontFileFinder.walk(FontFileFinder.java:136) checkFontfile check C:\WINDOWS\FONTS\CURLZ___.TTF 
06 5月 2024 18:04:36,390 DEBUG org.apache.fontbox.util.autodetect.FontFileFinder.walk(FontFileFinder.java:142) checkFontfile found C:\WINDOWS\FONTS\CURLZ___.TTF 
06 5月 2024 18:04:36,390 DEBUG org.apache.fontbox.util.autodetect.FontFileFinder.walk(FontFileFinder.java:136) checkFontfile check C:\WINDOWS\FONTS\cvgafix.fon 
06 5月 2024 18:04:36,391 DEBUG org.apache.fontbox.util.autodetect.FontFileFinder.walk(FontFileFinder.java:136) checkFontfile check C:\WINDOWS\FONTS\cvgasys.fon 
06 5月 2024 18:04:36,391 DEBUG org.apache.fontbox.util.autodetect.FontFileFinder.walk(FontFileFinder.java:136) checkFontfile check C:\WINDOWS\FONTS\Deng.ttf 
06 5月 2024 18:04:36,391 DEBUG org.apache.fontbox.util.autodetect.FontFileFinder.walk(FontFileFinder.java:142) checkFontfile found C:\WINDOWS\FONTS\Deng.ttf 
06 5月 2024 18:04:36,391 DEBUG org.apache.fontbox.util.autodetect.FontFileFinder.walk(FontFileFinder.java:136) checkFontfile check C:\WINDOWS\FONTS\Dengb.ttf 
06 5月 2024 18:04:36,392 DEBUG org.apache.fontbox.util.autodetect.FontFileFinder.walk(FontFileFinder.java:142) checkFontfile found C:\WINDOWS\FONTS\Dengb.ttf 
06 5月 2024 18:04:36,392 DEBUG org.apache.fontbox.util.autodetect.FontFileFinder.walk(FontFileFinder.java:136) checkFontfile check C:\WINDOWS\FONTS\Dengl.ttf 
06 5月 2024 18:04:36,392 DEBUG org.apache.fontbox.util.autodetect.FontFileFinder.walk(FontFileFinder.java:142) checkFontfile found C:\WINDOWS\FONTS\Dengl.ttf 
06 5月 2024 18:04:36,392 DEBUG org.apache.fontbox.util.autodetect.FontFileFinder.walk(FontFileFinder.java:136) checkFontfile check C:\WINDOWS\FONTS\desktop.ini 
06 5月 2024 18:04:36,393 DEBUG org.apache.fontbox.util.autodetect.FontFileFinder.walk(FontFileFinder.java:136) checkFontfile check C:\WINDOWS\FONTS\dos737.fon 
06 5月 2024 18:04:36,393 DEBUG org.apache.fontbox.util.autodetect.FontFileFinder.walk(FontFileFinder.java:136) checkFontfile check C:\WINDOWS\FONTS\dos869.fon 
06 5月 2024 18:04:36,393 DEBUG org.apache.fontbox.util.autodetect.FontFileFinder.walk(FontFileFinder.java:136) checkFontfile check C:\WINDOWS\FONTS\dosapp.fon 
06 5月 2024 18:04:36,394 DEBUG org.apache.fontbox.util.autodetect.FontFileFinder.walk(FontFileFinder.java:136) checkFontfile check C:\WINDOWS\FONTS\DUBAI-BOLD.TTF 
06 5月 2024 18:04:36,394 DEBUG org.apache.fontbox.util.autodetect.FontFileFinder.walk(FontFileFinder.java:142) checkFontfile found C:\WINDOWS\FONTS\DUBAI-BOLD.TTF 
06 5月 2024 18:04:36,394 DEBUG org.apache.fontbox.util.autodetect.FontFileFinder.walk(FontFileFinder.java:136) checkFontfile check C:\WINDOWS\FONTS\DUBAI-LIGHT.TTF 
06 5月 2024 18:04:36,394 DEBUG org.apache.fontbox.util.autodetect.FontFileFinder.walk(FontFileFinder.java:142) checkFontfile found C:\WINDOWS\FONTS\DUBAI-LIGHT.TTF 
06 5月 2024 18:04:36,394 DEBUG org.apache.fontbox.util.autodetect.FontFileFinder.walk(FontFileFinder.java:136) checkFontfile check C:\WINDOWS\FONTS\DUBAI-MEDIUM.TTF 
06 5月 2024 18:04:36,395 DEBUG org.apache.fontbox.util.autodetect.FontFileFinder.walk(FontFileFinder.java:142) checkFontfile found C:\WINDOWS\FONTS\DUBAI-MEDIUM.TTF 
06 5月 2024 18:04:36,395 DEBUG org.apache.fontbox.util.autodetect.FontFileFinder.walk(FontFileFinder.java:136) checkFontfile check C:\WINDOWS\FONTS\DUBAI-REGULAR.TTF 
06 5月 2024 18:04:36,395 DEBUG org.apache.fontbox.util.autodetect.FontFileFinder.walk(FontFileFinder.java:142) checkFontfile found C:\WINDOWS\FONTS\DUBAI-REGULAR.TTF 
06 5月 2024 18:04:36,396 DEBUG org.apache.fontbox.util.autodetect.FontFileFinder.walk(FontFileFinder.java:136) checkFontfile check C:\WINDOWS\FONTS\ebrima.ttf 
06 5月 2024 18:04:36,396 DEBUG org.apache.fontbox.util.autodetect.FontFileFinder.walk(FontFileFinder.java:142) checkFontfile found C:\WINDOWS\FONTS\ebrima.ttf 
06 5月 2024 18:04:36,396 DEBUG org.apache.fontbox.util.autodetect.FontFileFinder.walk(FontFileFinder.java:136) checkFontfile check C:\WINDOWS\FONTS\ebrimabd.ttf 
06 5月 2024 18:04:36,396 DEBUG org.apache.fontbox.util.autodetect.FontFileFinder.walk(FontFileFinder.java:142) checkFontfile found C:\WINDOWS\FONTS\ebrimabd.ttf 
06 5月 2024 18:04:36,397 DEBUG org.apache.fontbox.util.autodetect.FontFileFinder.walk(FontFileFinder.java:136) checkFontfile check C:\WINDOWS\FONTS\ega40737.fon 
06 5月 2024 18:04:36,397 DEBUG org.apache.fontbox.util.autodetect.FontFileFinder.walk(FontFileFinder.java:136) checkFontfile check C:\WINDOWS\FONTS\ega40850.fon 
06 5月 2024 18:04:36,397 DEBUG org.apache.fontbox.util.autodetect.FontFileFinder.walk(FontFileFinder.java:136) checkFontfile check C:\WINDOWS\FONTS\ega40852.fon 
06 5月 2024 18:04:36,397 DEBUG org.apache.fontbox.util.autodetect.FontFileFinder.walk(FontFileFinder.java:136) checkFontfile check C:\WINDOWS\FONTS\ega40857.fon 
06 5月 2024 18:04:36,398 DEBUG org.apache.fontbox.util.autodetect.FontFileFinder.walk(FontFileFinder.java:136) checkFontfile check C:\WINDOWS\FONTS\ega40866.fon 
06 5月 2024 18:04:36,398 DEBUG org.apache.fontbox.util.autodetect.FontFileFinder.walk(FontFileFinder.java:136) checkFontfile check C:\WINDOWS\FONTS\ega40869.fon 
06 5月 2024 18:04:36,398 DEBUG org.apache.fontbox.util.autodetect.FontFileFinder.walk(FontFileFinder.java:136) checkFontfile check C:\WINDOWS\FONTS\ega40woa.fon 
06 5月 2024 18:04:36,398 DEBUG org.apache.fontbox.util.autodetect.FontFileFinder.walk(FontFileFinder.java:136) checkFontfile check C:\WINDOWS\FONTS\ega80737.fon 
06 5月 2024 18:04:36,399 DEBUG org.apache.fontbox.util.autodetect.FontFileFinder.walk(FontFileFinder.java:136) checkFontfile check C:\WINDOWS\FONTS\ega80850.fon 
06 5月 2024 18:04:36,399 DEBUG org.apache.fontbox.util.autodetect.FontFileFinder.walk(FontFileFinder.java:136) checkFontfile check C:\WINDOWS\FONTS\ega80852.fon 
06 5月 2024 18:04:36,399 DEBUG org.apache.fontbox.util.autodetect.FontFileFinder.walk(FontFileFinder.java:136) checkFontfile check C:\WINDOWS\FONTS\ega80857.fon 
06 5月 2024 18:04:36,399 DEBUG org.apache.fontbox.util.autodetect.FontFileFinder.walk(FontFileFinder.java:136) checkFontfile check C:\WINDOWS\FONTS\ega80866.fon 
06 5月 2024 18:04:36,400 DEBUG org.apache.fontbox.util.autodetect.FontFileFinder.walk(FontFileFinder.java:136) checkFontfile check C:\WINDOWS\FONTS\ega80869.fon 
06 5月 2024 18:04:36,400 DEBUG org.apache.fontbox.util.autodetect.FontFileFinder.walk(FontFileFinder.java:136) checkFontfile check C:\WINDOWS\FONTS\ega80woa.fon 
06 5月 2024 18:04:36,400 DEBUG org.apache.fontbox.util.autodetect.FontFileFinder.walk(FontFileFinder.java:136) checkFontfile check C:\WINDOWS\FONTS\ELEPHNT.TTF 
06 5月 2024 18:04:36,400 DEBUG org.apache.fontbox.util.autodetect.FontFileFinder.walk(FontFileFinder.java:142) checkFontfile found C:\WINDOWS\FONTS\ELEPHNT.TTF 
[...]
06 5月 2024 18:04:44,905 DEBUG org.apache.pdfbox.io.ScratchFile.enlarge(ScratchFile.java:255) fileLen after1: 3473408, raf length: 3473408, file length: 3473408 
06 5月 2024 18:04:44,905 DEBUG org.apache.pdfbox.io.ScratchFile.enlarge(ScratchFile.java:246) file: C:\Users\13181\AppData\Local\Temp\PDFBox15148828154050330581.tmp 
06 5月 2024 18:04:44,905 DEBUG org.apache.pdfbox.io.ScratchFile.enlarge(ScratchFile.java:247) fileLen before: 3473408, raf length: 3473408, file length: 3473408 
06 5月 2024 18:04:44,905 DEBUG org.apache.pdfbox.io.ScratchFile.enlarge(ScratchFile.java:255) fileLen after1: 3538944, raf length: 3538944, file length: 3538944 
06 5月 2024 18:04:45,064 DEBUG org.apache.pdfbox.io.ScratchFile.enlarge(ScratchFile.java:246) file: C:\Users\13181\AppData\Local\Temp\PDFBox15148828154050330581.tmp 
06 5月 2024 18:04:45,065 DEBUG org.apache.pdfbox.io.ScratchFile.enlarge(ScratchFile.java:247) fileLen before: 3538944, raf length: 3538944, file length: 3538944 
06 5月 2024 18:04:45,065 DEBUG org.apache.pdfbox.io.ScratchFile.enlarge(ScratchFile.java:255) fileLen after1: 3604480, raf length: 3604480, file length: 3604480 
06 5月 2024 18:04:45,065 DEBUG org.apache.pdfbox.io.ScratchFile.enlarge(ScratchFile.java:246) file: C:\Users\13181\AppData\Local\Temp\PDFBox15148828154050330581.tmp 
06 5月 2024 18:04:45,065 DEBUG org.apache.pdfbox.io.ScratchFile.enlarge(ScratchFile.java:247) fileLen before: 3604480, raf length: 3604480, file length: 3604480 
06 5月 2024 18:04:45,066 DEBUG org.apache.pdfbox.io.ScratchFile.enlarge(ScratchFile.java:255) fileLen after1: 3670016, raf length: 3670016, file length: 3670016 
06 5月 2024 18:04:45,204 DEBUG org.apache.pdfbox.io.ScratchFile.enlarge(ScratchFile.java:246) file: C:\Users\13181\AppData\Local\Temp\PDFBox15148828154050330581.tmp 
06 5月 2024 18:04:45,204 DEBUG org.apache.pdfbox.io.ScratchFile.enlarge(ScratchFile.java:247) fileLen before: 3670016, raf length: 3670016, file length: 3670016 
06 5月 2024 18:04:45,205 DEBUG org.apache.pdfbox.io.ScratchFile.enlarge(ScratchFile.java:255) fileLen after1: 3735552, raf length: 3735552, file length: 3735552 
06 5月 2024 18:04:45,338 DEBUG org.apache.pdfbox.io.ScratchFile.enlarge(ScratchFile.java:246) file: C:\Users\13181\AppData\Local\Temp\PDFBox15148828154050330581.tmp 
06 5月 2024 18:04:45,338 DEBUG org.apache.pdfbox.io.ScratchFile.enlarge(ScratchFile.java:247) fileLen before: 3735552, raf length: 3735552, file length: 3735552 
06 5月 2024 18:04:45,338 DEBUG org.apache.pdfbox.io.ScratchFile.enlarge(ScratchFile.java:255) fileLen after1: 3801088, raf length: 3801088, file length: 3801088 
06 5月 2024 18:04:45,338 DEBUG org.apache.pdfbox.io.ScratchFile.enlarge(ScratchFile.java:246) file: C:\Users\13181\AppData\Local\Temp\PDFBox15148828154050330581.tmp 
06 5月 2024 18:04:45,339 DEBUG org.apache.pdfbox.io.ScratchFile.enlarge(ScratchFile.java:247) fileLen before: 3801088, raf length: 3801088, file length: 3801088 
06 5月 2024 18:04:45,339 DEBUG org.apache.pdfbox.io.ScratchFile.enlarge(ScratchFile.java:255) fileLen after1: 3866624, raf length: 3866624, file length: 3866624 
]]></system-out>
    <system-err><![CDATA[5月 06, 2024 6:04:37 下午 org.odftoolkit.odfdom.pkg.OdfXMLFactory newOdfAttribute
信息: None-ODF attribute created for loext:contextual-spacing
5月 06, 2024 6:04:37 下午 org.odftoolkit.odfdom.pkg.OdfXMLFactory newOdfAttribute
信息: None-ODF attribute created for loext:contextual-spacing
5月 06, 2024 6:04:37 下午 org.odftoolkit.odfdom.pkg.OdfXMLFactory newOdfAttribute
信息: None-ODF attribute created for loext:contextual-spacing
5月 06, 2024 6:04:37 下午 org.odftoolkit.odfdom.pkg.OdfXMLFactory newOdfAttribute
信息: None-ODF attribute created for loext:contextual-spacing
5月 06, 2024 6:04:37 下午 org.odftoolkit.odfdom.pkg.OdfXMLFactory newOdfAttribute
信息: None-ODF attribute created for loext:contextual-spacing
5月 06, 2024 6:04:37 下午 org.odftoolkit.odfdom.pkg.OdfXMLFactory newOdfAttribute
信息: None-ODF attribute created for loext:contextual-spacing
5月 06, 2024 6:04:37 下午 org.odftoolkit.odfdom.pkg.OdfXMLFactory newOdfAttribute
信息: None-ODF attribute created for loext:contextual-spacing
5月 06, 2024 6:04:37 下午 org.odftoolkit.odfdom.pkg.OdfXMLFactory newOdfAttribute
信息: None-ODF attribute created for loext:contextual-spacing
5月 06, 2024 6:04:37 下午 org.odftoolkit.odfdom.pkg.OdfXMLFactory newOdfAttribute
信息: None-ODF attribute created for officeooo:rsid
5月 06, 2024 6:04:37 下午 org.odftoolkit.odfdom.pkg.OdfXMLFactory newOdfAttribute
信息: None-ODF attribute created for officeooo:paragraph-rsid
]]></system-err>
  </testcase>
  <testcase name="extractContentPdf" classname="com.sismics.docs.core.util.TestFileUtil" time="0.119">
    <system-out><![CDATA[06 5月 2024 18:04:45,382 DEBUG org.apache.fontbox.ttf.PostScriptTable.read(PostScriptTable.java:170) No PostScript name information is provided for the font DGCDAO+ArialUnicodeMS 
06 5月 2024 18:04:45,384 WARN org.apache.pdfbox.pdmodel.font.PDSimpleFont.toUnicode(PDSimpleFont.java:301) No Unicode mapping for 3 (32) in font DGCDAO+ArialUnicodeMS 
06 5月 2024 18:04:45,385 WARN org.apache.pdfbox.pdmodel.font.PDSimpleFont.toUnicode(PDSimpleFont.java:301) No Unicode mapping for 56 (85) in font DGCDAO+ArialUnicodeMS 
06 5月 2024 18:04:45,385 WARN org.apache.pdfbox.pdmodel.font.PDSimpleFont.toUnicode(PDSimpleFont.java:301) No Unicode mapping for 81 (110) in font DGCDAO+ArialUnicodeMS 
06 5月 2024 18:04:45,385 WARN org.apache.pdfbox.pdmodel.font.PDSimpleFont.toUnicode(PDSimpleFont.java:301) No Unicode mapping for 76 (105) in font DGCDAO+ArialUnicodeMS 
06 5月 2024 18:04:45,385 WARN org.apache.pdfbox.pdmodel.font.PDSimpleFont.toUnicode(PDSimpleFont.java:301) No Unicode mapping for 89 (118) in font DGCDAO+ArialUnicodeMS 
06 5月 2024 18:04:45,386 WARN org.apache.pdfbox.pdmodel.font.PDSimpleFont.toUnicode(PDSimpleFont.java:301) No Unicode mapping for 72 (101) in font DGCDAO+ArialUnicodeMS 
06 5月 2024 18:04:45,386 WARN org.apache.pdfbox.pdmodel.font.PDSimpleFont.toUnicode(PDSimpleFont.java:301) No Unicode mapping for 85 (114) in font DGCDAO+ArialUnicodeMS 
06 5月 2024 18:04:45,386 WARN org.apache.pdfbox.pdmodel.font.PDSimpleFont.toUnicode(PDSimpleFont.java:301) No Unicode mapping for 86 (115) in font DGCDAO+ArialUnicodeMS 
06 5月 2024 18:04:45,386 WARN org.apache.pdfbox.pdmodel.font.PDSimpleFont.toUnicode(PDSimpleFont.java:301) No Unicode mapping for 68 (97) in font DGCDAO+ArialUnicodeMS 
06 5月 2024 18:04:45,386 WARN org.apache.pdfbox.pdmodel.font.PDSimpleFont.toUnicode(PDSimpleFont.java:301) No Unicode mapping for 79 (108) in font DGCDAO+ArialUnicodeMS 
06 5月 2024 18:04:45,386 WARN org.apache.pdfbox.pdmodel.font.PDSimpleFont.toUnicode(PDSimpleFont.java:301) No Unicode mapping for 39 (68) in font DGCDAO+ArialUnicodeMS 
06 5月 2024 18:04:45,387 WARN org.apache.pdfbox.pdmodel.font.PDSimpleFont.toUnicode(PDSimpleFont.java:301) No Unicode mapping for 70 (99) in font DGCDAO+ArialUnicodeMS 
06 5月 2024 18:04:45,387 WARN org.apache.pdfbox.pdmodel.font.PDSimpleFont.toUnicode(PDSimpleFont.java:301) No Unicode mapping for 87 (116) in font DGCDAO+ArialUnicodeMS 
06 5月 2024 18:04:45,387 WARN org.apache.pdfbox.pdmodel.font.PDSimpleFont.toUnicode(PDSimpleFont.java:301) No Unicode mapping for 82 (111) in font DGCDAO+ArialUnicodeMS 
06 5月 2024 18:04:45,387 WARN org.apache.pdfbox.pdmodel.font.PDSimpleFont.toUnicode(PDSimpleFont.java:301) No Unicode mapping for 73 (102) in font DGCDAO+ArialUnicodeMS 
06 5月 2024 18:04:45,388 WARN org.apache.pdfbox.pdmodel.font.PDSimpleFont.toUnicode(PDSimpleFont.java:301) No Unicode mapping for 43 (72) in font DGCDAO+ArialUnicodeMS 
06 5月 2024 18:04:45,388 WARN org.apache.pdfbox.pdmodel.font.PDSimpleFont.toUnicode(PDSimpleFont.java:301) No Unicode mapping for 88 (117) in font DGCDAO+ArialUnicodeMS 
06 5月 2024 18:04:45,388 WARN org.apache.pdfbox.pdmodel.font.PDSimpleFont.toUnicode(PDSimpleFont.java:301) No Unicode mapping for 80 (109) in font DGCDAO+ArialUnicodeMS 
06 5月 2024 18:04:45,388 WARN org.apache.pdfbox.pdmodel.font.PDSimpleFont.toUnicode(PDSimpleFont.java:301) No Unicode mapping for 53 (82) in font DGCDAO+ArialUnicodeMS 
06 5月 2024 18:04:45,388 WARN org.apache.pdfbox.pdmodel.font.PDSimpleFont.toUnicode(PDSimpleFont.java:301) No Unicode mapping for 74 (103) in font DGCDAO+ArialUnicodeMS 
06 5月 2024 18:04:45,388 WARN org.apache.pdfbox.pdmodel.font.PDSimpleFont.toUnicode(PDSimpleFont.java:301) No Unicode mapping for 75 (104) in font DGCDAO+ArialUnicodeMS 
06 5月 2024 18:04:45,389 WARN org.apache.pdfbox.pdmodel.font.PDSimpleFont.toUnicode(PDSimpleFont.java:301) No Unicode mapping for 51 (80) in font DGCDAO+ArialUnicodeMS 
06 5月 2024 18:04:45,389 WARN org.apache.pdfbox.pdmodel.font.PDSimpleFont.toUnicode(PDSimpleFont.java:301) No Unicode mapping for 69 (98) in font DGCDAO+ArialUnicodeMS 
06 5月 2024 18:04:45,389 WARN org.apache.pdfbox.pdmodel.font.PDSimpleFont.toUnicode(PDSimpleFont.java:301) No Unicode mapping for 58 (87) in font DGCDAO+ArialUnicodeMS 
06 5月 2024 18:04:45,390 WARN org.apache.pdfbox.pdmodel.font.PDSimpleFont.toUnicode(PDSimpleFont.java:301) No Unicode mapping for 71 (100) in font DGCDAO+ArialUnicodeMS 
06 5月 2024 18:04:45,390 WARN org.apache.pdfbox.pdmodel.font.PDSimpleFont.toUnicode(PDSimpleFont.java:301) No Unicode mapping for 92 (121) in font DGCDAO+ArialUnicodeMS 
06 5月 2024 18:04:45,391 WARN org.apache.pdfbox.pdmodel.font.PDSimpleFont.toUnicode(PDSimpleFont.java:301) No Unicode mapping for 84 (113) in font DGCDAO+ArialUnicodeMS 
06 5月 2024 18:04:45,392 WARN org.apache.pdfbox.pdmodel.font.PDSimpleFont.toUnicode(PDSimpleFont.java:301) No Unicode mapping for 15 (44) in font DGCDAO+ArialUnicodeMS 
06 5月 2024 18:04:45,393 WARN org.apache.pdfbox.pdmodel.font.PDSimpleFont.toUnicode(PDSimpleFont.java:301) No Unicode mapping for 77 (106) in font DGCDAO+ArialUnicodeMS 
06 5月 2024 18:04:45,393 WARN org.apache.pdfbox.pdmodel.font.PDSimpleFont.toUnicode(PDSimpleFont.java:301) No Unicode mapping for 83 (112) in font DGCDAO+ArialUnicodeMS 
06 5月 2024 18:04:45,393 WARN org.apache.pdfbox.pdmodel.font.PDSimpleFont.toUnicode(PDSimpleFont.java:301) No Unicode mapping for 90 (119) in font DGCDAO+ArialUnicodeMS 
06 5月 2024 18:04:45,395 WARN org.apache.pdfbox.pdmodel.font.PDSimpleFont.toUnicode(PDSimpleFont.java:301) No Unicode mapping for 78 (107) in font DGCDAO+ArialUnicodeMS 
06 5月 2024 18:04:45,402 WARN org.apache.pdfbox.pdmodel.font.PDSimpleFont.toUnicode(PDSimpleFont.java:301) No Unicode mapping for 49 (78) in font DGCDAO+ArialUnicodeMS 
06 5月 2024 18:04:45,402 WARN org.apache.pdfbox.pdmodel.font.PDSimpleFont.toUnicode(PDSimpleFont.java:301) No Unicode mapping for 38 (67) in font DGCDAO+ArialUnicodeMS 
06 5月 2024 18:04:45,406 WARN org.apache.pdfbox.pdmodel.font.PDSimpleFont.toUnicode(PDSimpleFont.java:301) No Unicode mapping for 48 (77) in font DGCDAO+ArialUnicodeMS 
06 5月 2024 18:04:45,406 WARN org.apache.pdfbox.pdmodel.font.PDSimpleFont.toUnicode(PDSimpleFont.java:301) No Unicode mapping for 54 (83) in font DGCDAO+ArialUnicodeMS 
06 5月 2024 18:04:45,408 WARN org.apache.pdfbox.pdmodel.font.PDSimpleFont.toUnicode(PDSimpleFont.java:301) No Unicode mapping for 93 (122) in font DGCDAO+ArialUnicodeMS 
06 5月 2024 18:04:45,409 WARN org.apache.pdfbox.pdmodel.font.PDSimpleFont.toUnicode(PDSimpleFont.java:301) No Unicode mapping for 55 (84) in font DGCDAO+ArialUnicodeMS 
06 5月 2024 18:04:45,409 WARN org.apache.pdfbox.pdmodel.font.PDSimpleFont.toUnicode(PDSimpleFont.java:301) No Unicode mapping for 42 (71) in font DGCDAO+ArialUnicodeMS 
06 5月 2024 18:04:45,409 WARN org.apache.pdfbox.pdmodel.font.PDSimpleFont.toUnicode(PDSimpleFont.java:301) No Unicode mapping for 36 (65) in font DGCDAO+ArialUnicodeMS 
06 5月 2024 18:04:45,415 WARN org.apache.pdfbox.pdmodel.font.PDSimpleFont.toUnicode(PDSimpleFont.java:301) No Unicode mapping for 17 (46) in font DGCDAO+ArialUnicodeMS 
06 5月 2024 18:04:45,415 WARN org.apache.pdfbox.pdmodel.font.PDSimpleFont.toUnicode(PDSimpleFont.java:301) No Unicode mapping for 44 (73) in font DGCDAO+ArialUnicodeMS 
06 5月 2024 18:04:45,416 WARN org.apache.pdfbox.pdmodel.font.PDSimpleFont.toUnicode(PDSimpleFont.java:301) No Unicode mapping for 21 (50) in font DGCDAO+ArialUnicodeMS 
06 5月 2024 18:04:45,416 WARN org.apache.pdfbox.pdmodel.font.PDSimpleFont.toUnicode(PDSimpleFont.java:301) No Unicode mapping for 40 (69) in font DGCDAO+ArialUnicodeMS 
06 5月 2024 18:04:45,417 WARN org.apache.pdfbox.pdmodel.font.PDSimpleFont.toUnicode(PDSimpleFont.java:301) No Unicode mapping for 91 (120) in font DGCDAO+ArialUnicodeMS 
06 5月 2024 18:04:45,417 WARN org.apache.pdfbox.pdmodel.font.PDSimpleFont.toUnicode(PDSimpleFont.java:301) No Unicode mapping for 41 (70) in font DGCDAO+ArialUnicodeMS 
06 5月 2024 18:04:45,418 WARN org.apache.pdfbox.pdmodel.font.PDSimpleFont.toUnicode(PDSimpleFont.java:301) No Unicode mapping for 16 (45) in font DGCDAO+ArialUnicodeMS 
06 5月 2024 18:04:45,419 WARN org.apache.pdfbox.pdmodel.font.PDSimpleFont.toUnicode(PDSimpleFont.java:301) No Unicode mapping for 22 (51) in font DGCDAO+ArialUnicodeMS 
06 5月 2024 18:04:45,420 WARN org.apache.pdfbox.pdmodel.font.PDSimpleFont.toUnicode(PDSimpleFont.java:301) No Unicode mapping for 23 (52) in font DGCDAO+ArialUnicodeMS 
06 5月 2024 18:04:45,420 WARN org.apache.pdfbox.pdmodel.font.PDSimpleFont.toUnicode(PDSimpleFont.java:301) No Unicode mapping for 30 (59) in font DGCDAO+ArialUnicodeMS 
06 5月 2024 18:04:45,421 WARN org.apache.pdfbox.pdmodel.font.PDSimpleFont.toUnicode(PDSimpleFont.java:301) No Unicode mapping for 24 (53) in font DGCDAO+ArialUnicodeMS 
06 5月 2024 18:04:45,424 WARN org.apache.pdfbox.pdmodel.font.PDSimpleFont.toUnicode(PDSimpleFont.java:301) No Unicode mapping for 25 (54) in font DGCDAO+ArialUnicodeMS 
06 5月 2024 18:04:45,424 WARN org.apache.pdfbox.pdmodel.font.PDSimpleFont.toUnicode(PDSimpleFont.java:301) No Unicode mapping for 26 (55) in font DGCDAO+ArialUnicodeMS 
06 5月 2024 18:04:45,425 WARN org.apache.pdfbox.pdmodel.font.PDSimpleFont.toUnicode(PDSimpleFont.java:301) No Unicode mapping for 27 (56) in font DGCDAO+ArialUnicodeMS 
06 5月 2024 18:04:45,426 WARN org.apache.pdfbox.pdmodel.font.PDSimpleFont.toUnicode(PDSimpleFont.java:301) No Unicode mapping for 28 (57) in font DGCDAO+ArialUnicodeMS 
06 5月 2024 18:04:45,426 WARN org.apache.pdfbox.pdmodel.font.PDSimpleFont.toUnicode(PDSimpleFont.java:301) No Unicode mapping for 20 (49) in font DGCDAO+ArialUnicodeMS 
06 5月 2024 18:04:45,426 WARN org.apache.pdfbox.pdmodel.font.PDSimpleFont.toUnicode(PDSimpleFont.java:301) No Unicode mapping for 19 (48) in font DGCDAO+ArialUnicodeMS 
]]></system-out>
  </testcase>
  <testcase name="extractContentScannedPdf" classname="com.sismics.docs.core.util.TestFileUtil" time="1.996">
    <failure type="java.lang.AssertionError"><![CDATA[java.lang.AssertionError
	at com.sismics.docs.core.util.TestFileUtil.extractContentScannedPdf(TestFileUtil.java:74)
]]></failure>
    <system-out><![CDATA[06 5月 2024 18:04:45,470 INFO com.sismics.docs.core.util.format.PdfFormatHandler.extractContent(PdfFormatHandler.java:62) OCR page 1/3 of PDF file containing only images 
06 5月 2024 18:04:45,502 DEBUG org.apache.pdfbox.io.ScratchFileBuffer.finalize(ScratchFileBuffer.java:520) ScratchFileBuffer not closed! 
06 5月 2024 18:04:45,503 DEBUG org.apache.pdfbox.io.ScratchFileBuffer.finalize(ScratchFileBuffer.java:520) ScratchFileBuffer not closed! 
06 5月 2024 18:04:45,503 DEBUG org.apache.pdfbox.io.ScratchFileBuffer.finalize(ScratchFileBuffer.java:520) ScratchFileBuffer not closed! 
06 5月 2024 18:04:45,503 DEBUG org.apache.pdfbox.io.ScratchFileBuffer.finalize(ScratchFileBuffer.java:520) ScratchFileBuffer not closed! 
06 5月 2024 18:04:45,503 DEBUG org.apache.pdfbox.io.ScratchFileBuffer.finalize(ScratchFileBuffer.java:520) ScratchFileBuffer not closed! 
06 5月 2024 18:04:45,503 DEBUG org.apache.pdfbox.io.ScratchFileBuffer.finalize(ScratchFileBuffer.java:520) ScratchFileBuffer not closed! 
06 5月 2024 18:04:45,503 DEBUG org.apache.pdfbox.io.ScratchFileBuffer.finalize(ScratchFileBuffer.java:520) ScratchFileBuffer not closed! 
06 5月 2024 18:04:45,503 DEBUG org.apache.pdfbox.io.ScratchFileBuffer.finalize(ScratchFileBuffer.java:520) ScratchFileBuffer not closed! 
06 5月 2024 18:04:45,504 DEBUG org.apache.pdfbox.io.ScratchFileBuffer.finalize(ScratchFileBuffer.java:520) ScratchFileBuffer not closed! 
06 5月 2024 18:04:45,504 DEBUG org.apache.pdfbox.io.ScratchFileBuffer.finalize(ScratchFileBuffer.java:520) ScratchFileBuffer not closed! 
06 5月 2024 18:04:45,504 DEBUG org.apache.pdfbox.io.ScratchFileBuffer.finalize(ScratchFileBuffer.java:520) ScratchFileBuffer not closed! 
06 5月 2024 18:04:46,676 DEBUG org.apache.pdfbox.io.ScratchFileBuffer.finalize(ScratchFileBuffer.java:520) ScratchFileBuffer not closed! 
06 5月 2024 18:04:47,472 ERROR com.sismics.docs.core.util.format.PdfFormatHandler.extractContent(PdfFormatHandler.java:68) Error while OCR-izing the PDF 
java.io.IOException: Cannot run program "tesseract": CreateProcess error=2, 系统找不到指定的文件。
	at java.base/java.lang.ProcessBuilder.start(ProcessBuilder.java:1143)
	at java.base/java.lang.ProcessBuilder.start(ProcessBuilder.java:1073)
	at com.sismics.docs.core.util.FileUtil.ocrFile(FileUtil.java:71)
	at com.sismics.docs.core.util.format.PdfFormatHandler.extractContent(PdfFormatHandler.java:64)
	at com.sismics.docs.core.util.TestFileUtil.extractContentScannedPdf(TestFileUtil.java:73)
	at java.base/jdk.internal.reflect.NativeMethodAccessorImpl.invoke0(Native Method)
	at java.base/jdk.internal.reflect.NativeMethodAccessorImpl.invoke(NativeMethodAccessorImpl.java:77)
	at java.base/jdk.internal.reflect.DelegatingMethodAccessorImpl.invoke(DelegatingMethodAccessorImpl.java:43)
	at java.base/java.lang.reflect.Method.invoke(Method.java:568)
	at org.junit.runners.model.FrameworkMethod$1.runReflectiveCall(FrameworkMethod.java:59)
	at org.junit.internal.runners.model.ReflectiveCallable.run(ReflectiveCallable.java:12)
	at org.junit.runners.model.FrameworkMethod.invokeExplosively(FrameworkMethod.java:56)
	at org.junit.internal.runners.statements.InvokeMethod.evaluate(InvokeMethod.java:17)
	at org.junit.runners.ParentRunner$3.evaluate(ParentRunner.java:306)
	at org.junit.runners.BlockJUnit4ClassRunner$1.evaluate(BlockJUnit4ClassRunner.java:100)
	at org.junit.runners.ParentRunner.runLeaf(ParentRunner.java:366)
	at org.junit.runners.BlockJUnit4ClassRunner.runChild(BlockJUnit4ClassRunner.java:103)
	at org.junit.runners.BlockJUnit4ClassRunner.runChild(BlockJUnit4ClassRunner.java:63)
	at org.junit.runners.ParentRunner$4.run(ParentRunner.java:331)
	at org.junit.runners.ParentRunner$1.schedule(ParentRunner.java:79)
	at org.junit.runners.ParentRunner.runChildren(ParentRunner.java:329)
	at org.junit.runners.ParentRunner.access$100(ParentRunner.java:66)
	at org.junit.runners.ParentRunner$2.evaluate(ParentRunner.java:293)
	at org.junit.runners.ParentRunner$3.evaluate(ParentRunner.java:306)
	at org.junit.runners.ParentRunner.run(ParentRunner.java:413)
	at org.apache.maven.surefire.junit4.JUnit4Provider.execute(JUnit4Provider.java:364)
	at org.apache.maven.surefire.junit4.JUnit4Provider.executeWithRerun(JUnit4Provider.java:272)
	at org.apache.maven.surefire.junit4.JUnit4Provider.executeTestSet(JUnit4Provider.java:237)
	at org.apache.maven.surefire.junit4.JUnit4Provider.invoke(JUnit4Provider.java:158)
	at org.apache.maven.surefire.booter.ForkedBooter.runSuitesInProcess(ForkedBooter.java:428)
	at org.apache.maven.surefire.booter.ForkedBooter.execute(ForkedBooter.java:162)
	at org.apache.maven.surefire.booter.ForkedBooter.run(ForkedBooter.java:562)
	at org.apache.maven.surefire.booter.ForkedBooter.main(ForkedBooter.java:548)
Caused by: java.io.IOException: CreateProcess error=2, 系统找不到指定的文件。
	at java.base/java.lang.ProcessImpl.create(Native Method)
	at java.base/java.lang.ProcessImpl.<init>(ProcessImpl.java:494)
	at java.base/java.lang.ProcessImpl.start(ProcessImpl.java:159)
	at java.base/java.lang.ProcessBuilder.start(ProcessBuilder.java:1110)
	... 32 more
]]></system-out>
  </testcase>
</testsuite>