-------------------------------------------------------------------------------
Test set: com.sismics.docs.rest.TestUserResource
-------------------------------------------------------------------------------
Tests run: 4, Failures: 1, Errors: 0, Skipped: 0, Time elapsed: 13.076 s <<< FAILURE! - in com.sismics.docs.rest.TestUserResource
com.sismics.docs.rest.TestUserResource.testResetPassword  Time elapsed: 1.547 s  <<< FAILURE!
java.lang.AssertionError
	at com.sismics.docs.rest.TestUserResource.testResetPassword(TestUserResource.java:455)

