<?xml version="1.0" encoding="UTF-8"?>
<testsuite xmlns:xsi="http://www.w3.org/2001/XMLSchema-instance" xsi:noNamespaceSchemaLocation="https://maven.apache.org/surefire/maven-surefire-plugin/xsd/surefire-test-report-3.0.xsd" version="3.0" name="com.sismics.docs.rest.TestFileResource" time="33.236" tests="5" errors="0" skipped="0" failures="0">
  <properties>
[...]
</properties>
  <testcase name="testQuota" classname="com.sismics.docs.rest.TestFileResource" time="11.874">
    <system-out><![CDATA[06 5月 2024 18:06:17,382 INFO com.sismics.util.filter.RequestContextFilter.init(RequestContextFilter.java:43) Using base data directory: C:\Users\13181\AppData\Local\Temp 
06 5月 2024 18:06:20,314 INFO com.sismics.util.ClasspathScanner.findClasses(ClasspathScanner.java:48) Found 1 classes for IndexingHandler 
06 5月 2024 18:06:20,360 INFO com.sismics.docs.core.util.indexing.LuceneIndexingHandler.initLucene(LuceneIndexingHandler.java:115) Using RAM Lucene storage 
06 5月 2024 18:06:20,481 INFO com.sismics.docs.core.service.FileService.startUp(FileService.java:39) File service starting up 
06 5月 2024 18:06:20,485 INFO com.sismics.docs.core.service.InboxService.startUp(InboxService.java:55) Inbox service starting up 
06 5月 2024 18:06:21,896 INFO com.sismics.util.ClasspathScanner.findClasses(ClasspathScanner.java:48) Found 2 classes for AuthenticationHandler 
06 5月 2024 18:06:23,260 INFO com.sismics.docs.core.util.FileUtil.startProcessingFile(FileUtil.java:221) Processing started for file: e669fee1-bffa-41fb-8ffa-4fb6ef3c0ab5 
06 5月 2024 18:06:23,270 INFO com.sismics.docs.core.listener.async.FileProcessingAsyncListener.on(FileProcessingAsyncListener.java:53) File created event: FileCreatedAsyncEvent{fileId=e669fee1-bffa-41fb-8ffa-4fb6ef3c0ab5, language=null} 
06 5月 2024 18:06:23,519 INFO com.sismics.util.ClasspathScanner.findClasses(ClasspathScanner.java:48) Found 7 classes for FormatHandler 
06 5月 2024 18:06:23,926 INFO com.sismics.docs.core.listener.async.FileProcessingAsyncListener.extractContent(FileProcessingAsyncListener.java:176) Start extracting content from: File{id=e669fee1-bffa-41fb-8ffa-4fb6ef3c0ab5, name=Einstein-Roosevelt-letter.png} 
06 5月 2024 18:06:23,927 INFO com.sismics.docs.core.listener.async.FileProcessingAsyncListener.extractContent(FileProcessingAsyncListener.java:182) File content extracted in 1ms: e669fee1-bffa-41fb-8ffa-4fb6ef3c0ab5 
06 5月 2024 18:06:24,023 INFO com.sismics.docs.core.util.FileUtil.endProcessingFile(FileUtil.java:231) Processing ended for file: e669fee1-bffa-41fb-8ffa-4fb6ef3c0ab5 
06 5月 2024 18:06:24,083 INFO com.sismics.docs.core.util.FileUtil.startProcessingFile(FileUtil.java:221) Processing started for file: ea86b65a-9cce-4f24-8cbf-8bea2900261e 
06 5月 2024 18:06:24,086 INFO com.sismics.docs.core.listener.async.FileProcessingAsyncListener.on(FileProcessingAsyncListener.java:53) File created event: FileCreatedAsyncEvent{fileId=ea86b65a-9cce-4f24-8cbf-8bea2900261e, language=null} 
06 5月 2024 18:06:24,422 INFO com.sismics.docs.core.listener.async.FileProcessingAsyncListener.extractContent(FileProcessingAsyncListener.java:176) Start extracting content from: File{id=ea86b65a-9cce-4f24-8cbf-8bea2900261e, name=Einstein-Roosevelt-letter.png} 
06 5月 2024 18:06:24,423 INFO com.sismics.docs.core.listener.async.FileProcessingAsyncListener.extractContent(FileProcessingAsyncListener.java:182) File content extracted in 1ms: ea86b65a-9cce-4f24-8cbf-8bea2900261e 
06 5月 2024 18:06:24,427 INFO com.sismics.docs.core.util.FileUtil.endProcessingFile(FileUtil.java:231) Processing ended for file: ea86b65a-9cce-4f24-8cbf-8bea2900261e 
06 5月 2024 18:06:24,480 INFO com.sismics.docs.core.util.FileUtil.startProcessingFile(FileUtil.java:221) Processing started for file: 029e461c-e25d-42b2-97bd-16a9d0c64786 
06 5月 2024 18:06:24,483 INFO com.sismics.docs.core.listener.async.FileProcessingAsyncListener.on(FileProcessingAsyncListener.java:53) File created event: FileCreatedAsyncEvent{fileId=029e461c-e25d-42b2-97bd-16a9d0c64786, language=null} 
06 5月 2024 18:06:24,817 INFO com.sismics.docs.core.listener.async.FileProcessingAsyncListener.extractContent(FileProcessingAsyncListener.java:176) Start extracting content from: File{id=029e461c-e25d-42b2-97bd-16a9d0c64786, name=Einstein-Roosevelt-letter.png} 
06 5月 2024 18:06:24,817 INFO com.sismics.docs.core.listener.async.FileProcessingAsyncListener.extractContent(FileProcessingAsyncListener.java:182) File content extracted in 0ms: 029e461c-e25d-42b2-97bd-16a9d0c64786 
06 5月 2024 18:06:24,822 INFO com.sismics.docs.core.util.FileUtil.endProcessingFile(FileUtil.java:231) Processing ended for file: 029e461c-e25d-42b2-97bd-16a9d0c64786 
06 5月 2024 18:06:24,855 ERROR com.sismics.rest.exception.ClientException.<init>(ClientException.java:36) QuotaReached: QuotaReached 
java.io.IOException: QuotaReached
	at com.sismics.docs.core.util.FileUtil.createFile(FileUtil.java:130)
	at com.sismics.docs.rest.resource.FileResource.add(FileResource.java:129)
	at java.base/jdk.internal.reflect.NativeMethodAccessorImpl.invoke0(Native Method)
	at java.base/jdk.internal.reflect.NativeMethodAccessorImpl.invoke(NativeMethodAccessorImpl.java:77)
	at java.base/jdk.internal.reflect.DelegatingMethodAccessorImpl.invoke(DelegatingMethodAccessorImpl.java:43)
	at java.base/java.lang.reflect.Method.invoke(Method.java:568)
	at org.glassfish.jersey.server.model.internal.ResourceMethodInvocationHandlerFactory.lambda$static$0(ResourceMethodInvocationHandlerFactory.java:52)
	at org.glassfish.jersey.server.model.internal.AbstractJavaResourceMethodDispatcher$1.run(AbstractJavaResourceMethodDispatcher.java:124)
	at org.glassfish.jersey.server.model.internal.AbstractJavaResourceMethodDispatcher.invoke(AbstractJavaResourceMethodDispatcher.java:167)
	at org.glassfish.jersey.server.model.internal.JavaResourceMethodDispatcherProvider$ResponseOutInvoker.doDispatch(JavaResourceMethodDispatcherProvider.java:176)
	at org.glassfish.jersey.server.model.internal.AbstractJavaResourceMethodDispatcher.dispatch(AbstractJavaResourceMethodDispatcher.java:79)
	at org.glassfish.jersey.server.model.ResourceMethodInvoker.invoke(ResourceMethodInvoker.java:475)
	at org.glassfish.jersey.server.model.ResourceMethodInvoker.apply(ResourceMethodInvoker.java:397)
	at org.glassfish.jersey.server.model.ResourceMethodInvoker.apply(ResourceMethodInvoker.java:81)
	at org.glassfish.jersey.server.ServerRuntime$1.run(ServerRuntime.java:255)
	at org.glassfish.jersey.internal.Errors$1.call(Errors.java:248)
	at org.glassfish.jersey.internal.Errors$1.call(Errors.java:244)
	at org.glassfish.jersey.internal.Errors.process(Errors.java:292)
	at org.glassfish.jersey.internal.Errors.process(Errors.java:274)
	at org.glassfish.jersey.internal.Errors.process(Errors.java:244)
	at org.glassfish.jersey.process.internal.RequestScope.runInScope(RequestScope.java:265)
	at org.glassfish.jersey.server.ServerRuntime.process(ServerRuntime.java:234)
	at org.glassfish.jersey.server.ApplicationHandler.handle(ApplicationHandler.java:680)
	at org.glassfish.jersey.servlet.WebComponent.serviceImpl(WebComponent.java:394)
	at org.glassfish.jersey.servlet.WebComponent.service(WebComponent.java:346)
	at org.glassfish.jersey.servlet.ServletContainer.service(ServletContainer.java:366)
	at org.glassfish.jersey.servlet.ServletContainer.service(ServletContainer.java:319)
	at org.glassfish.jersey.servlet.ServletContainer.service(ServletContainer.java:205)
	at org.glassfish.grizzly.servlet.FilterChainImpl.doFilter(FilterChainImpl.java:124)
	at com.sismics.util.filter.SecurityFilter.doFilter(SecurityFilter.java:134)
	at org.glassfish.grizzly.servlet.FilterChainImpl.doFilter(FilterChainImpl.java:114)
	at com.sismics.util.filter.SecurityFilter.doFilter(SecurityFilter.java:134)
	at org.glassfish.grizzly.servlet.FilterChainImpl.doFilter(FilterChainImpl.java:114)
	at com.sismics.util.filter.RequestContextFilter.doFilter(RequestContextFilter.java:89)
	at org.glassfish.grizzly.servlet.FilterChainImpl.doFilter(FilterChainImpl.java:114)
	at org.glassfish.grizzly.servlet.FilterChainImpl.invokeFilterChain(FilterChainImpl.java:83)
	at org.glassfish.grizzly.servlet.ServletHandler.doServletService(ServletHandler.java:202)
	at org.glassfish.grizzly.servlet.ServletHandler.service(ServletHandler.java:149)
	at org.glassfish.grizzly.http.server.HttpHandler$1.run(HttpHandler.java:200)
	at org.glassfish.grizzly.threadpool.AbstractThreadPool$Worker.doWork(AbstractThreadPool.java:569)
	at org.glassfish.grizzly.threadpool.AbstractThreadPool$Worker.run(AbstractThreadPool.java:549)
	at java.base/java.lang.Thread.run(Thread.java:833)
06 5月 2024 18:06:24,879 INFO com.sismics.docs.core.listener.async.FileDeletedAsyncListener.on(FileDeletedAsyncListener.java:33) File deleted event: FileDeletedAsyncEvent{fileId=e669fee1-bffa-41fb-8ffa-4fb6ef3c0ab5} 
06 5月 2024 18:06:24,957 INFO com.sismics.docs.core.listener.async.DocumentCreatedAsyncListener.on(DocumentCreatedAsyncListener.java:35) Document created event: DocumentCreatedAsyncEvent{documentId=c27fc5e2-bb0c-4c35-a6ec-06bf072cb783} 
06 5月 2024 18:06:25,011 INFO com.sismics.docs.core.util.FileUtil.startProcessingFile(FileUtil.java:221) Processing started for file: 6728fb7c-e0e3-407b-a395-6d4f23200e66 
06 5月 2024 18:06:25,014 INFO com.sismics.docs.core.listener.async.FileProcessingAsyncListener.on(FileProcessingAsyncListener.java:53) File created event: FileCreatedAsyncEvent{fileId=6728fb7c-e0e3-407b-a395-6d4f23200e66, language=eng} 
06 5月 2024 18:06:25,281 INFO com.sismics.docs.core.listener.async.FileProcessingAsyncListener.extractContent(FileProcessingAsyncListener.java:176) Start extracting content from: File{id=6728fb7c-e0e3-407b-a395-6d4f23200e66, name=PIA00452.jpg} 
06 5月 2024 18:06:27,786 ERROR com.sismics.docs.core.listener.async.FileProcessingAsyncListener.extractContent(FileProcessingAsyncListener.java:180) Error extracting content from: File{id=6728fb7c-e0e3-407b-a395-6d4f23200e66, name=PIA00452.jpg} 
java.io.IOException: Cannot run program "tesseract": CreateProcess error=2, 系统找不到指定的文件。
	at java.base/java.lang.ProcessBuilder.start(ProcessBuilder.java:1143)
	at java.base/java.lang.ProcessBuilder.start(ProcessBuilder.java:1073)
	at com.sismics.docs.core.util.FileUtil.ocrFile(FileUtil.java:71)
	at com.sismics.docs.core.util.format.ImageFormatHandler.extractContent(ImageFormatHandler.java:53)
	at com.sismics.docs.core.listener.async.FileProcessingAsyncListener.extractContent(FileProcessingAsyncListener.java:178)
	at com.sismics.docs.core.listener.async.FileProcessingAsyncListener.processFile(FileProcessingAsyncListener.java:104)
	at com.sismics.docs.core.listener.async.FileProcessingAsyncListener.on(FileProcessingAsyncListener.java:56)
	at java.base/jdk.internal.reflect.NativeMethodAccessorImpl.invoke0(Native Method)
	at java.base/jdk.internal.reflect.NativeMethodAccessorImpl.invoke(NativeMethodAccessorImpl.java:77)
	at java.base/jdk.internal.reflect.DelegatingMethodAccessorImpl.invoke(DelegatingMethodAccessorImpl.java:43)
	at java.base/java.lang.reflect.Method.invoke(Method.java:568)
	at com.google.common.eventbus.Subscriber.invokeSubscriberMethod(Subscriber.java:87)
	at com.google.common.eventbus.Subscriber$1.run(Subscriber.java:72)
	at com.google.common.util.concurrent.DirectExecutor.execute(DirectExecutor.java:30)
	at com.google.common.eventbus.Subscriber.dispatchEvent(Subscriber.java:67)
	at com.google.common.eventbus.Dispatcher$PerThreadQueuedDispatcher.dispatch(Dispatcher.java:108)
	at com.google.common.eventbus.EventBus.post(EventBus.java:212)
	at com.sismics.util.context.ThreadLocalContext.fireAllAsyncEvents(ThreadLocalContext.java:99)
	at com.sismics.util.filter.RequestContextFilter.doFilter(RequestContextFilter.java:139)
	at org.glassfish.grizzly.servlet.FilterChainImpl.doFilter(FilterChainImpl.java:114)
	at org.glassfish.grizzly.servlet.FilterChainImpl.invokeFilterChain(FilterChainImpl.java:83)
	at org.glassfish.grizzly.servlet.ServletHandler.doServletService(ServletHandler.java:202)
	at org.glassfish.grizzly.servlet.ServletHandler.service(ServletHandler.java:149)
	at org.glassfish.grizzly.http.server.HttpHandler$1.run(HttpHandler.java:200)
	at org.glassfish.grizzly.threadpool.AbstractThreadPool$Worker.doWork(AbstractThreadPool.java:569)
	at org.glassfish.grizzly.threadpool.AbstractThreadPool$Worker.run(AbstractThreadPool.java:549)
	at java.base/java.lang.Thread.run(Thread.java:833)
Caused by: java.io.IOException: CreateProcess error=2, 系统找不到指定的文件。
	at java.base/java.lang.ProcessImpl.create(Native Method)
	at java.base/java.lang.ProcessImpl.<init>(ProcessImpl.java:494)
	at java.base/java.lang.ProcessImpl.start(ProcessImpl.java:159)
	at java.base/java.lang.ProcessBuilder.start(ProcessBuilder.java:1110)
	... 26 more
06 5月 2024 18:06:27,788 INFO com.sismics.docs.core.listener.async.FileProcessingAsyncListener.extractContent(FileProcessingAsyncListener.java:182) File content extracted in 2,506ms: 6728fb7c-e0e3-407b-a395-6d4f23200e66 
06 5月 2024 18:06:27,791 INFO com.sismics.docs.core.util.FileUtil.endProcessingFile(FileUtil.java:231) Processing ended for file: 6728fb7c-e0e3-407b-a395-6d4f23200e66 
06 5月 2024 18:06:27,792 INFO com.sismics.docs.core.listener.async.DocumentUpdatedAsyncListener.on(DocumentUpdatedAsyncListener.java:39) Document updated event: DocumentUpdatedAsyncEvent{documentId=c27fc5e2-bb0c-4c35-a6ec-06bf072cb783} 
06 5月 2024 18:06:27,828 INFO com.sismics.docs.core.listener.async.FileDeletedAsyncListener.on(FileDeletedAsyncListener.java:33) File deleted event: FileDeletedAsyncEvent{fileId=6728fb7c-e0e3-407b-a395-6d4f23200e66} 
06 5月 2024 18:06:27,832 INFO com.sismics.docs.core.listener.async.DocumentDeletedAsyncListener.on(DocumentDeletedAsyncListener.java:31) Document deleted event: DocumentDeletedAsyncEvent{documentId=c27fc5e2-bb0c-4c35-a6ec-06bf072cb783} 
06 5月 2024 18:06:27,844 INFO org.subethamail.smtp.server.SMTPServer.run(SMTPServer.java:333) SMTP Server socket shut down. 
06 5月 2024 18:06:27,847 INFO com.sismics.docs.core.service.InboxService.shutDown(InboxService.java:60) Inbox service shutting down 
06 5月 2024 18:06:27,848 INFO com.sismics.docs.core.service.FileService.shutDown(FileService.java:44) File service shutting down 
]]></system-out>
    <system-err><![CDATA[5月 06, 2024 6:06:16 下午 org.glassfish.jersey.test.external.ExternalTestContainerFactory$ExternalTestContainer <init>
信息: Creating ExternalTestContainer configured at the base URI http://localhost:9998/docs
5月 06, 2024 6:06:16 下午 org.glassfish.grizzly.servlet.WebappContext deploy
信息: Starting application [GrizzlyContext] ...
5月 06, 2024 6:06:16 下午 org.glassfish.grizzly.servlet.WebappContext initServlets
信息: Loading Servlet: org.glassfish.jersey.servlet.ServletContainer
5月 06, 2024 6:06:17 下午 org.glassfish.grizzly.servlet.WebappContext initServlets
信息: [GrizzlyContext] Servlet [org.glassfish.jersey.servlet.ServletContainer] registered for url pattern(s) [[/*]].
]]></system-err>
  </testcase>
  <testcase name="testFileResourceZip" classname="com.sismics.docs.rest.TestFileResource" time="5.765">
    <system-out><![CDATA[06 5月 2024 18:06:27,852 INFO org.glassfish.jersey.test.external.ExternalTestContainerFactory$ExternalTestContainer.<init>(ExternalTestContainerFactory.java:91) Creating ExternalTestContainer configured at the base URI http://localhost:9998/docs 
06 5月 2024 18:06:27,962 INFO com.sismics.util.filter.RequestContextFilter.init(RequestContextFilter.java:43) Using base data directory: C:\Users\13181\AppData\Local\Temp 
06 5月 2024 18:06:28,146 INFO com.sismics.util.ClasspathScanner.findClasses(ClasspathScanner.java:48) Found 1 classes for IndexingHandler 
06 5月 2024 18:06:28,147 INFO com.sismics.docs.core.util.indexing.LuceneIndexingHandler.initLucene(LuceneIndexingHandler.java:115) Using RAM Lucene storage 
06 5月 2024 18:06:28,148 INFO com.sismics.docs.core.service.FileService.startUp(FileService.java:39) File service starting up 
06 5月 2024 18:06:28,148 INFO com.sismics.docs.core.service.InboxService.startUp(InboxService.java:55) Inbox service starting up 
06 5月 2024 18:06:29,148 INFO com.sismics.docs.core.listener.async.DocumentCreatedAsyncListener.on(DocumentCreatedAsyncListener.java:35) Document created event: DocumentCreatedAsyncEvent{documentId=24fad585-bdbf-4202-9428-e3e160a233c7} 
06 5月 2024 18:06:29,185 INFO com.sismics.docs.core.util.FileUtil.startProcessingFile(FileUtil.java:221) Processing started for file: 3c0dd1b1-0d7d-41e3-bd26-d7b0307d4a07 
06 5月 2024 18:06:29,188 INFO com.sismics.docs.core.listener.async.FileProcessingAsyncListener.on(FileProcessingAsyncListener.java:53) File created event: FileCreatedAsyncEvent{fileId=3c0dd1b1-0d7d-41e3-bd26-d7b0307d4a07, language=eng} 
06 5月 2024 18:06:29,417 INFO com.sismics.docs.core.listener.async.FileProcessingAsyncListener.extractContent(FileProcessingAsyncListener.java:176) Start extracting content from: File{id=3c0dd1b1-0d7d-41e3-bd26-d7b0307d4a07, name=PIA00452.jpg} 
06 5月 2024 18:06:31,847 ERROR com.sismics.docs.core.listener.async.FileProcessingAsyncListener.extractContent(FileProcessingAsyncListener.java:180) Error extracting content from: File{id=3c0dd1b1-0d7d-41e3-bd26-d7b0307d4a07, name=PIA00452.jpg} 
java.io.IOException: Cannot run program "tesseract": CreateProcess error=2, 系统找不到指定的文件。
	at java.base/java.lang.ProcessBuilder.start(ProcessBuilder.java:1143)
	at java.base/java.lang.ProcessBuilder.start(ProcessBuilder.java:1073)
	at com.sismics.docs.core.util.FileUtil.ocrFile(FileUtil.java:71)
	at com.sismics.docs.core.util.format.ImageFormatHandler.extractContent(ImageFormatHandler.java:53)
	at com.sismics.docs.core.listener.async.FileProcessingAsyncListener.extractContent(FileProcessingAsyncListener.java:178)
	at com.sismics.docs.core.listener.async.FileProcessingAsyncListener.processFile(FileProcessingAsyncListener.java:104)
	at com.sismics.docs.core.listener.async.FileProcessingAsyncListener.on(FileProcessingAsyncListener.java:56)
	at java.base/jdk.internal.reflect.NativeMethodAccessorImpl.invoke0(Native Method)
	at java.base/jdk.internal.reflect.NativeMethodAccessorImpl.invoke(NativeMethodAccessorImpl.java:77)
	at java.base/jdk.internal.reflect.DelegatingMethodAccessorImpl.invoke(DelegatingMethodAccessorImpl.java:43)
	at java.base/java.lang.reflect.Method.invoke(Method.java:568)
	at com.google.common.eventbus.Subscriber.invokeSubscriberMethod(Subscriber.java:87)
	at com.google.common.eventbus.Subscriber$1.run(Subscriber.java:72)
	at com.google.common.util.concurrent.DirectExecutor.execute(DirectExecutor.java:30)
	at com.google.common.eventbus.Subscriber.dispatchEvent(Subscriber.java:67)
	at com.google.common.eventbus.Dispatcher$PerThreadQueuedDispatcher.dispatch(Dispatcher.java:108)
	at com.google.common.eventbus.EventBus.post(EventBus.java:212)
	at com.sismics.util.context.ThreadLocalContext.fireAllAsyncEvents(ThreadLocalContext.java:99)
	at com.sismics.util.filter.RequestContextFilter.doFilter(RequestContextFilter.java:139)
	at org.glassfish.grizzly.servlet.FilterChainImpl.doFilter(FilterChainImpl.java:114)
	at org.glassfish.grizzly.servlet.FilterChainImpl.invokeFilterChain(FilterChainImpl.java:83)
	at org.glassfish.grizzly.servlet.ServletHandler.doServletService(ServletHandler.java:202)
	at org.glassfish.grizzly.servlet.ServletHandler.service(ServletHandler.java:149)
	at org.glassfish.grizzly.http.server.HttpHandler$1.run(HttpHandler.java:200)
	at org.glassfish.grizzly.threadpool.AbstractThreadPool$Worker.doWork(AbstractThreadPool.java:569)
	at org.glassfish.grizzly.threadpool.AbstractThreadPool$Worker.run(AbstractThreadPool.java:549)
	at java.base/java.lang.Thread.run(Thread.java:833)
Caused by: java.io.IOException: CreateProcess error=2, 系统找不到指定的文件。
	at java.base/java.lang.ProcessImpl.create(Native Method)
	at java.base/java.lang.ProcessImpl.<init>(ProcessImpl.java:494)
	at java.base/java.lang.ProcessImpl.start(ProcessImpl.java:159)
	at java.base/java.lang.ProcessBuilder.start(ProcessBuilder.java:1110)
	... 26 more
06 5月 2024 18:06:31,848 INFO com.sismics.docs.core.listener.async.FileProcessingAsyncListener.extractContent(FileProcessingAsyncListener.java:182) File content extracted in 2,431ms: 3c0dd1b1-0d7d-41e3-bd26-d7b0307d4a07 
06 5月 2024 18:06:31,854 INFO com.sismics.docs.core.util.FileUtil.endProcessingFile(FileUtil.java:231) Processing ended for file: 3c0dd1b1-0d7d-41e3-bd26-d7b0307d4a07 
06 5月 2024 18:06:31,855 INFO com.sismics.docs.core.listener.async.DocumentUpdatedAsyncListener.on(DocumentUpdatedAsyncListener.java:39) Document updated event: DocumentUpdatedAsyncEvent{documentId=24fad585-bdbf-4202-9428-e3e160a233c7} 
06 5月 2024 18:06:31,903 INFO com.sismics.docs.core.listener.async.DocumentCreatedAsyncListener.on(DocumentCreatedAsyncListener.java:35) Document created event: DocumentCreatedAsyncEvent{documentId=45cbfe7c-0539-4353-8f72-483770502ee5} 
06 5月 2024 18:06:31,949 INFO com.sismics.docs.core.util.FileUtil.startProcessingFile(FileUtil.java:221) Processing started for file: ff9b4493-5a31-49af-a7d6-2ec53f2eda48 
06 5月 2024 18:06:31,951 INFO com.sismics.docs.core.listener.async.FileProcessingAsyncListener.on(FileProcessingAsyncListener.java:53) File created event: FileCreatedAsyncEvent{fileId=ff9b4493-5a31-49af-a7d6-2ec53f2eda48, language=eng} 
06 5月 2024 18:06:32,280 INFO com.sismics.docs.core.listener.async.FileProcessingAsyncListener.extractContent(FileProcessingAsyncListener.java:176) Start extracting content from: File{id=ff9b4493-5a31-49af-a7d6-2ec53f2eda48, name=Einstein-Roosevelt-letter.png} 
06 5月 2024 18:06:33,563 ERROR com.sismics.docs.core.listener.async.FileProcessingAsyncListener.extractContent(FileProcessingAsyncListener.java:180) Error extracting content from: File{id=ff9b4493-5a31-49af-a7d6-2ec53f2eda48, name=Einstein-Roosevelt-letter.png} 
java.io.IOException: Cannot run program "tesseract": CreateProcess error=2, 系统找不到指定的文件。
	at java.base/java.lang.ProcessBuilder.start(ProcessBuilder.java:1143)
	at java.base/java.lang.ProcessBuilder.start(ProcessBuilder.java:1073)
	at com.sismics.docs.core.util.FileUtil.ocrFile(FileUtil.java:71)
	at com.sismics.docs.core.util.format.ImageFormatHandler.extractContent(ImageFormatHandler.java:53)
	at com.sismics.docs.core.listener.async.FileProcessingAsyncListener.extractContent(FileProcessingAsyncListener.java:178)
	at com.sismics.docs.core.listener.async.FileProcessingAsyncListener.processFile(FileProcessingAsyncListener.java:104)
	at com.sismics.docs.core.listener.async.FileProcessingAsyncListener.on(FileProcessingAsyncListener.java:56)
	at java.base/jdk.internal.reflect.NativeMethodAccessorImpl.invoke0(Native Method)
	at java.base/jdk.internal.reflect.NativeMethodAccessorImpl.invoke(NativeMethodAccessorImpl.java:77)
	at java.base/jdk.internal.reflect.DelegatingMethodAccessorImpl.invoke(DelegatingMethodAccessorImpl.java:43)
	at java.base/java.lang.reflect.Method.invoke(Method.java:568)
	at com.google.common.eventbus.Subscriber.invokeSubscriberMethod(Subscriber.java:87)
	at com.google.common.eventbus.Subscriber$1.run(Subscriber.java:72)
	at com.google.common.util.concurrent.DirectExecutor.execute(DirectExecutor.java:30)
	at com.google.common.eventbus.Subscriber.dispatchEvent(Subscriber.java:67)
	at com.google.common.eventbus.Dispatcher$PerThreadQueuedDispatcher.dispatch(Dispatcher.java:108)
	at com.google.common.eventbus.EventBus.post(EventBus.java:212)
	at com.sismics.util.context.ThreadLocalContext.fireAllAsyncEvents(ThreadLocalContext.java:99)
	at com.sismics.util.filter.RequestContextFilter.doFilter(RequestContextFilter.java:139)
	at org.glassfish.grizzly.servlet.FilterChainImpl.doFilter(FilterChainImpl.java:114)
	at org.glassfish.grizzly.servlet.FilterChainImpl.invokeFilterChain(FilterChainImpl.java:83)
	at org.glassfish.grizzly.servlet.ServletHandler.doServletService(ServletHandler.java:202)
	at org.glassfish.grizzly.servlet.ServletHandler.service(ServletHandler.java:149)
	at org.glassfish.grizzly.http.server.HttpHandler$1.run(HttpHandler.java:200)
	at org.glassfish.grizzly.threadpool.AbstractThreadPool$Worker.doWork(AbstractThreadPool.java:569)
	at org.glassfish.grizzly.threadpool.AbstractThreadPool$Worker.run(AbstractThreadPool.java:549)
	at java.base/java.lang.Thread.run(Thread.java:833)
Caused by: java.io.IOException: CreateProcess error=2, 系统找不到指定的文件。
	at java.base/java.lang.ProcessImpl.create(Native Method)
	at java.base/java.lang.ProcessImpl.<init>(ProcessImpl.java:494)
	at java.base/java.lang.ProcessImpl.start(ProcessImpl.java:159)
	at java.base/java.lang.ProcessBuilder.start(ProcessBuilder.java:1110)
	... 26 more
06 5月 2024 18:06:33,564 INFO com.sismics.docs.core.listener.async.FileProcessingAsyncListener.extractContent(FileProcessingAsyncListener.java:182) File content extracted in 1,284ms: ff9b4493-5a31-49af-a7d6-2ec53f2eda48 
06 5月 2024 18:06:33,567 INFO com.sismics.docs.core.util.FileUtil.endProcessingFile(FileUtil.java:231) Processing ended for file: ff9b4493-5a31-49af-a7d6-2ec53f2eda48 
06 5月 2024 18:06:33,568 INFO com.sismics.docs.core.listener.async.DocumentUpdatedAsyncListener.on(DocumentUpdatedAsyncListener.java:39) Document updated event: DocumentUpdatedAsyncEvent{documentId=45cbfe7c-0539-4353-8f72-483770502ee5} 
06 5月 2024 18:06:33,625 INFO org.subethamail.smtp.server.SMTPServer.run(SMTPServer.java:333) SMTP Server socket shut down. 
06 5月 2024 18:06:33,625 INFO com.sismics.docs.core.service.InboxService.shutDown(InboxService.java:60) Inbox service shutting down 
06 5月 2024 18:06:33,625 INFO com.sismics.docs.core.service.FileService.shutDown(FileService.java:44) File service shutting down 
]]></system-out>
  </testcase>
  <testcase name="testFileResource" classname="com.sismics.docs.rest.TestFileResource" time="9.909">
    <system-out><![CDATA[06 5月 2024 18:06:33,627 INFO org.glassfish.jersey.test.external.ExternalTestContainerFactory$ExternalTestContainer.<init>(ExternalTestContainerFactory.java:91) Creating ExternalTestContainer configured at the base URI http://localhost:9998/docs 
06 5月 2024 18:06:33,722 INFO com.sismics.util.filter.RequestContextFilter.init(RequestContextFilter.java:43) Using base data directory: C:\Users\13181\AppData\Local\Temp 
06 5月 2024 18:06:33,927 INFO com.sismics.util.ClasspathScanner.findClasses(ClasspathScanner.java:48) Found 1 classes for IndexingHandler 
06 5月 2024 18:06:33,928 INFO com.sismics.docs.core.util.indexing.LuceneIndexingHandler.initLucene(LuceneIndexingHandler.java:115) Using RAM Lucene storage 
06 5月 2024 18:06:33,929 INFO com.sismics.docs.core.service.FileService.startUp(FileService.java:39) File service starting up 
06 5月 2024 18:06:33,929 INFO com.sismics.docs.core.service.InboxService.startUp(InboxService.java:55) Inbox service starting up 
06 5月 2024 18:06:34,888 INFO com.sismics.docs.core.listener.async.DocumentCreatedAsyncListener.on(DocumentCreatedAsyncListener.java:35) Document created event: DocumentCreatedAsyncEvent{documentId=01740638-a16f-433c-891f-07501c6f44ab} 
06 5月 2024 18:06:34,925 INFO com.sismics.docs.core.util.FileUtil.startProcessingFile(FileUtil.java:221) Processing started for file: d30fbcc8-4e3e-4bf9-a7a9-61b99d5756f8 
06 5月 2024 18:06:34,927 INFO com.sismics.docs.core.listener.async.FileProcessingAsyncListener.on(FileProcessingAsyncListener.java:53) File created event: FileCreatedAsyncEvent{fileId=d30fbcc8-4e3e-4bf9-a7a9-61b99d5756f8, language=eng} 
06 5月 2024 18:06:35,174 INFO com.sismics.docs.core.listener.async.FileProcessingAsyncListener.extractContent(FileProcessingAsyncListener.java:176) Start extracting content from: File{id=d30fbcc8-4e3e-4bf9-a7a9-61b99d5756f8, name=PIA00452.jpg} 
06 5月 2024 18:06:37,443 ERROR com.sismics.docs.core.listener.async.FileProcessingAsyncListener.extractContent(FileProcessingAsyncListener.java:180) Error extracting content from: File{id=d30fbcc8-4e3e-4bf9-a7a9-61b99d5756f8, name=PIA00452.jpg} 
java.io.IOException: Cannot run program "tesseract": CreateProcess error=2, 系统找不到指定的文件。
	at java.base/java.lang.ProcessBuilder.start(ProcessBuilder.java:1143)
	at java.base/java.lang.ProcessBuilder.start(ProcessBuilder.java:1073)
	at com.sismics.docs.core.util.FileUtil.ocrFile(FileUtil.java:71)
	at com.sismics.docs.core.util.format.ImageFormatHandler.extractContent(ImageFormatHandler.java:53)
	at com.sismics.docs.core.listener.async.FileProcessingAsyncListener.extractContent(FileProcessingAsyncListener.java:178)
	at com.sismics.docs.core.listener.async.FileProcessingAsyncListener.processFile(FileProcessingAsyncListener.java:104)
	at com.sismics.docs.core.listener.async.FileProcessingAsyncListener.on(FileProcessingAsyncListener.java:56)
	at java.base/jdk.internal.reflect.NativeMethodAccessorImpl.invoke0(Native Method)
	at java.base/jdk.internal.reflect.NativeMethodAccessorImpl.invoke(NativeMethodAccessorImpl.java:77)
	at java.base/jdk.internal.reflect.DelegatingMethodAccessorImpl.invoke(DelegatingMethodAccessorImpl.java:43)
	at java.base/java.lang.reflect.Method.invoke(Method.java:568)
	at com.google.common.eventbus.Subscriber.invokeSubscriberMethod(Subscriber.java:87)
	at com.google.common.eventbus.Subscriber$1.run(Subscriber.java:72)
	at com.google.common.util.concurrent.DirectExecutor.execute(DirectExecutor.java:30)
	at com.google.common.eventbus.Subscriber.dispatchEvent(Subscriber.java:67)
	at com.google.common.eventbus.Dispatcher$PerThreadQueuedDispatcher.dispatch(Dispatcher.java:108)
	at com.google.common.eventbus.EventBus.post(EventBus.java:212)
	at com.sismics.util.context.ThreadLocalContext.fireAllAsyncEvents(ThreadLocalContext.java:99)
	at com.sismics.util.filter.RequestContextFilter.doFilter(RequestContextFilter.java:139)
	at org.glassfish.grizzly.servlet.FilterChainImpl.doFilter(FilterChainImpl.java:114)
	at org.glassfish.grizzly.servlet.FilterChainImpl.invokeFilterChain(FilterChainImpl.java:83)
	at org.glassfish.grizzly.servlet.ServletHandler.doServletService(ServletHandler.java:202)
	at org.glassfish.grizzly.servlet.ServletHandler.service(ServletHandler.java:149)
	at org.glassfish.grizzly.http.server.HttpHandler$1.run(HttpHandler.java:200)
	at org.glassfish.grizzly.threadpool.AbstractThreadPool$Worker.doWork(AbstractThreadPool.java:569)
	at org.glassfish.grizzly.threadpool.AbstractThreadPool$Worker.run(AbstractThreadPool.java:549)
	at java.base/java.lang.Thread.run(Thread.java:833)
Caused by: java.io.IOException: CreateProcess error=2, 系统找不到指定的文件。
	at java.base/java.lang.ProcessImpl.create(Native Method)
	at java.base/java.lang.ProcessImpl.<init>(ProcessImpl.java:494)
	at java.base/java.lang.ProcessImpl.start(ProcessImpl.java:159)
	at java.base/java.lang.ProcessBuilder.start(ProcessBuilder.java:1110)
	... 26 more
06 5月 2024 18:06:37,444 INFO com.sismics.docs.core.listener.async.FileProcessingAsyncListener.extractContent(FileProcessingAsyncListener.java:182) File content extracted in 2,270ms: d30fbcc8-4e3e-4bf9-a7a9-61b99d5756f8 
06 5月 2024 18:06:37,447 INFO com.sismics.docs.core.util.FileUtil.endProcessingFile(FileUtil.java:231) Processing ended for file: d30fbcc8-4e3e-4bf9-a7a9-61b99d5756f8 
06 5月 2024 18:06:37,447 INFO com.sismics.docs.core.listener.async.DocumentUpdatedAsyncListener.on(DocumentUpdatedAsyncListener.java:39) Document updated event: DocumentUpdatedAsyncEvent{documentId=01740638-a16f-433c-891f-07501c6f44ab} 
06 5月 2024 18:06:37,486 INFO com.sismics.docs.core.util.FileUtil.startProcessingFile(FileUtil.java:221) Processing started for file: bba7b848-bcfd-469d-9e49-db6635c7258f 
06 5月 2024 18:06:37,489 INFO com.sismics.docs.core.listener.async.FileProcessingAsyncListener.on(FileProcessingAsyncListener.java:53) File created event: FileCreatedAsyncEvent{fileId=bba7b848-bcfd-469d-9e49-db6635c7258f, language=eng} 
06 5月 2024 18:06:37,713 INFO com.sismics.docs.core.listener.async.FileProcessingAsyncListener.extractContent(FileProcessingAsyncListener.java:176) Start extracting content from: File{id=bba7b848-bcfd-469d-9e49-db6635c7258f, name=PIA00452.jpg} 
06 5月 2024 18:06:40,056 ERROR com.sismics.docs.core.listener.async.FileProcessingAsyncListener.extractContent(FileProcessingAsyncListener.java:180) Error extracting content from: File{id=bba7b848-bcfd-469d-9e49-db6635c7258f, name=PIA00452.jpg} 
java.io.IOException: Cannot run program "tesseract": CreateProcess error=2, 系统找不到指定的文件。
	at java.base/java.lang.ProcessBuilder.start(ProcessBuilder.java:1143)
	at java.base/java.lang.ProcessBuilder.start(ProcessBuilder.java:1073)
	at com.sismics.docs.core.util.FileUtil.ocrFile(FileUtil.java:71)
	at com.sismics.docs.core.util.format.ImageFormatHandler.extractContent(ImageFormatHandler.java:53)
	at com.sismics.docs.core.listener.async.FileProcessingAsyncListener.extractContent(FileProcessingAsyncListener.java:178)
	at com.sismics.docs.core.listener.async.FileProcessingAsyncListener.processFile(FileProcessingAsyncListener.java:104)
	at com.sismics.docs.core.listener.async.FileProcessingAsyncListener.on(FileProcessingAsyncListener.java:56)
	at java.base/jdk.internal.reflect.NativeMethodAccessorImpl.invoke0(Native Method)
	at java.base/jdk.internal.reflect.NativeMethodAccessorImpl.invoke(NativeMethodAccessorImpl.java:77)
	at java.base/jdk.internal.reflect.DelegatingMethodAccessorImpl.invoke(DelegatingMethodAccessorImpl.java:43)
	at java.base/java.lang.reflect.Method.invoke(Method.java:568)
	at com.google.common.eventbus.Subscriber.invokeSubscriberMethod(Subscriber.java:87)
	at com.google.common.eventbus.Subscriber$1.run(Subscriber.java:72)
	at com.google.common.util.concurrent.DirectExecutor.execute(DirectExecutor.java:30)
	at com.google.common.eventbus.Subscriber.dispatchEvent(Subscriber.java:67)
	at com.google.common.eventbus.Dispatcher$PerThreadQueuedDispatcher.dispatch(Dispatcher.java:108)
	at com.google.common.eventbus.EventBus.post(EventBus.java:212)
	at com.sismics.util.context.ThreadLocalContext.fireAllAsyncEvents(ThreadLocalContext.java:99)
	at com.sismics.util.filter.RequestContextFilter.doFilter(RequestContextFilter.java:139)
	at org.glassfish.grizzly.servlet.FilterChainImpl.doFilter(FilterChainImpl.java:114)
	at org.glassfish.grizzly.servlet.FilterChainImpl.invokeFilterChain(FilterChainImpl.java:83)
	at org.glassfish.grizzly.servlet.ServletHandler.doServletService(ServletHandler.java:202)
	at org.glassfish.grizzly.servlet.ServletHandler.service(ServletHandler.java:149)
	at org.glassfish.grizzly.http.server.HttpHandler$1.run(HttpHandler.java:200)
	at org.glassfish.grizzly.threadpool.AbstractThreadPool$Worker.doWork(AbstractThreadPool.java:569)
	at org.glassfish.grizzly.threadpool.AbstractThreadPool$Worker.run(AbstractThreadPool.java:549)
	at java.base/java.lang.Thread.run(Thread.java:833)
Caused by: java.io.IOException: CreateProcess error=2, 系统找不到指定的文件。
	at java.base/java.lang.ProcessImpl.create(Native Method)
	at java.base/java.lang.ProcessImpl.<init>(ProcessImpl.java:494)
	at java.base/java.lang.ProcessImpl.start(ProcessImpl.java:159)
	at java.base/java.lang.ProcessBuilder.start(ProcessBuilder.java:1110)
	... 26 more
06 5月 2024 18:06:40,057 INFO com.sismics.docs.core.listener.async.FileProcessingAsyncListener.extractContent(FileProcessingAsyncListener.java:182) File content extracted in 2,344ms: bba7b848-bcfd-469d-9e49-db6635c7258f 
06 5月 2024 18:06:40,060 INFO com.sismics.docs.core.util.FileUtil.endProcessingFile(FileUtil.java:231) Processing ended for file: bba7b848-bcfd-469d-9e49-db6635c7258f 
06 5月 2024 18:06:40,061 INFO com.sismics.docs.core.listener.async.DocumentUpdatedAsyncListener.on(DocumentUpdatedAsyncListener.java:39) Document updated event: DocumentUpdatedAsyncEvent{documentId=01740638-a16f-433c-891f-07501c6f44ab} 
06 5月 2024 18:06:40,167 INFO com.sismics.docs.core.listener.async.DocumentUpdatedAsyncListener.on(DocumentUpdatedAsyncListener.java:39) Document updated event: DocumentUpdatedAsyncEvent{documentId=01740638-a16f-433c-891f-07501c6f44ab} 
06 5月 2024 18:06:40,206 INFO com.sismics.docs.core.listener.async.FileDeletedAsyncListener.on(FileDeletedAsyncListener.java:33) File deleted event: FileDeletedAsyncEvent{fileId=d30fbcc8-4e3e-4bf9-a7a9-61b99d5756f8} 
06 5月 2024 18:06:40,210 INFO com.sismics.docs.core.listener.async.DocumentUpdatedAsyncListener.on(DocumentUpdatedAsyncListener.java:39) Document updated event: DocumentUpdatedAsyncEvent{documentId=01740638-a16f-433c-891f-07501c6f44ab} 
06 5月 2024 18:06:40,246 INFO com.sismics.docs.core.util.FileUtil.startProcessingFile(FileUtil.java:221) Processing started for file: bba7b848-bcfd-469d-9e49-db6635c7258f 
06 5月 2024 18:06:40,248 INFO com.sismics.docs.core.listener.async.FileProcessingAsyncListener.on(FileProcessingAsyncListener.java:67) File updated event: FileUpdatedAsyncEvent{fileId=bba7b848-bcfd-469d-9e49-db6635c7258f, language=eng} 
06 5月 2024 18:06:40,511 INFO com.sismics.docs.core.listener.async.FileProcessingAsyncListener.extractContent(FileProcessingAsyncListener.java:176) Start extracting content from: File{id=bba7b848-bcfd-469d-9e49-db6635c7258f, name=PIA00452.jpg} 
06 5月 2024 18:06:42,704 ERROR com.sismics.docs.core.listener.async.FileProcessingAsyncListener.extractContent(FileProcessingAsyncListener.java:180) Error extracting content from: File{id=bba7b848-bcfd-469d-9e49-db6635c7258f, name=PIA00452.jpg} 
java.io.IOException: Cannot run program "tesseract": CreateProcess error=2, 系统找不到指定的文件。
	at java.base/java.lang.ProcessBuilder.start(ProcessBuilder.java:1143)
	at java.base/java.lang.ProcessBuilder.start(ProcessBuilder.java:1073)
	at com.sismics.docs.core.util.FileUtil.ocrFile(FileUtil.java:71)
	at com.sismics.docs.core.util.format.ImageFormatHandler.extractContent(ImageFormatHandler.java:53)
	at com.sismics.docs.core.listener.async.FileProcessingAsyncListener.extractContent(FileProcessingAsyncListener.java:178)
	at com.sismics.docs.core.listener.async.FileProcessingAsyncListener.processFile(FileProcessingAsyncListener.java:104)
	at com.sismics.docs.core.listener.async.FileProcessingAsyncListener.on(FileProcessingAsyncListener.java:69)
	at java.base/jdk.internal.reflect.NativeMethodAccessorImpl.invoke0(Native Method)
	at java.base/jdk.internal.reflect.NativeMethodAccessorImpl.invoke(NativeMethodAccessorImpl.java:77)
	at java.base/jdk.internal.reflect.DelegatingMethodAccessorImpl.invoke(DelegatingMethodAccessorImpl.java:43)
	at java.base/java.lang.reflect.Method.invoke(Method.java:568)
	at com.google.common.eventbus.Subscriber.invokeSubscriberMethod(Subscriber.java:87)
	at com.google.common.eventbus.Subscriber$1.run(Subscriber.java:72)
	at com.google.common.util.concurrent.DirectExecutor.execute(DirectExecutor.java:30)
	at com.google.common.eventbus.Subscriber.dispatchEvent(Subscriber.java:67)
	at com.google.common.eventbus.Dispatcher$PerThreadQueuedDispatcher.dispatch(Dispatcher.java:108)
	at com.google.common.eventbus.EventBus.post(EventBus.java:212)
	at com.sismics.util.context.ThreadLocalContext.fireAllAsyncEvents(ThreadLocalContext.java:99)
	at com.sismics.util.filter.RequestContextFilter.doFilter(RequestContextFilter.java:139)
	at org.glassfish.grizzly.servlet.FilterChainImpl.doFilter(FilterChainImpl.java:114)
	at org.glassfish.grizzly.servlet.FilterChainImpl.invokeFilterChain(FilterChainImpl.java:83)
	at org.glassfish.grizzly.servlet.ServletHandler.doServletService(ServletHandler.java:202)
	at org.glassfish.grizzly.servlet.ServletHandler.service(ServletHandler.java:149)
	at org.glassfish.grizzly.http.server.HttpHandler$1.run(HttpHandler.java:200)
	at org.glassfish.grizzly.threadpool.AbstractThreadPool$Worker.doWork(AbstractThreadPool.java:569)
	at org.glassfish.grizzly.threadpool.AbstractThreadPool$Worker.run(AbstractThreadPool.java:549)
	at java.base/java.lang.Thread.run(Thread.java:833)
Caused by: java.io.IOException: CreateProcess error=2, 系统找不到指定的文件。
	at java.base/java.lang.ProcessImpl.create(Native Method)
	at java.base/java.lang.ProcessImpl.<init>(ProcessImpl.java:494)
	at java.base/java.lang.ProcessImpl.start(ProcessImpl.java:159)
	at java.base/java.lang.ProcessBuilder.start(ProcessBuilder.java:1110)
	... 26 more
06 5月 2024 18:06:42,705 INFO com.sismics.docs.core.listener.async.FileProcessingAsyncListener.extractContent(FileProcessingAsyncListener.java:182) File content extracted in 2,194ms: bba7b848-bcfd-469d-9e49-db6635c7258f 
06 5月 2024 18:06:42,708 INFO com.sismics.docs.core.util.FileUtil.endProcessingFile(FileUtil.java:231) Processing ended for file: bba7b848-bcfd-469d-9e49-db6635c7258f 
06 5月 2024 18:06:42,737 INFO com.sismics.docs.core.util.FileUtil.startProcessingFile(FileUtil.java:221) Processing started for file: c114905d-3a91-47fb-a7f4-cc7434286035 
06 5月 2024 18:06:42,739 INFO com.sismics.docs.core.listener.async.FileProcessingAsyncListener.on(FileProcessingAsyncListener.java:53) File created event: FileCreatedAsyncEvent{fileId=c114905d-3a91-47fb-a7f4-cc7434286035, language=eng} 
06 5月 2024 18:06:43,007 WARN org.apache.pdfbox.pdmodel.font.FileSystemFontProvider.loadDiskCache(FileSystemFontProvider.java:584) New fonts found, font cache will be re-built 
06 5月 2024 18:06:43,008 WARN org.apache.pdfbox.pdmodel.font.FileSystemFontProvider.<init>(FileSystemFontProvider.java:337) Building on-disk font cache, this may take a while 
06 5月 2024 18:06:43,085 ERROR org.apache.pdfbox.pdmodel.font.FileSystemFontProvider.addTrueTypeFont(FileSystemFontProvider.java:644) Could not load font file: C:\WINDOWS\FONTS\mstmc.ttf 
java.io.EOFException
	at org.apache.fontbox.ttf.TTFDataStream.readUnsignedInt(TTFDataStream.java:151)
	at org.apache.fontbox.ttf.TTFParser.readTableDirectory(TTFParser.java:312)
	at org.apache.fontbox.ttf.TTFParser.parse(TTFParser.java:139)
	at org.apache.fontbox.ttf.TTFParser.parse(TTFParser.java:87)
	at org.apache.pdfbox.pdmodel.font.FileSystemFontProvider.addTrueTypeFont(FileSystemFontProvider.java:638)
	at org.apache.pdfbox.pdmodel.font.FileSystemFontProvider.scanFonts(FileSystemFontProvider.java:359)
	at org.apache.pdfbox.pdmodel.font.FileSystemFontProvider.<init>(FileSystemFontProvider.java:338)
	at org.apache.pdfbox.pdmodel.font.FontMapperImpl$DefaultFontProvider.<clinit>(FontMapperImpl.java:140)
	at org.apache.pdfbox.pdmodel.font.FontMapperImpl.getProvider(FontMapperImpl.java:159)
	at org.apache.pdfbox.pdmodel.font.FontMapperImpl.findFont(FontMapperImpl.java:423)
	at org.apache.pdfbox.pdmodel.font.FontMapperImpl.getTrueTypeFont(FontMapperImpl.java:331)
	at org.apache.pdfbox.pdmodel.font.PDTrueTypeFont.<init>(PDTrueTypeFont.java:214)
	at org.apache.pdfbox.pdmodel.font.PDFontFactory.createFont(PDFontFactory.java:89)
	at org.apache.pdfbox.pdmodel.PDResources.getFont(PDResources.java:146)
	at org.apache.pdfbox.contentstream.operator.text.SetFontAndSize.process(SetFontAndSize.java:66)
	at org.apache.pdfbox.contentstream.PDFStreamEngine.processOperator(PDFStreamEngine.java:933)
	at org.apache.pdfbox.contentstream.PDFStreamEngine.processStreamOperators(PDFStreamEngine.java:515)
	at org.apache.pdfbox.contentstream.PDFStreamEngine.processStream(PDFStreamEngine.java:489)
	at org.apache.pdfbox.contentstream.PDFStreamEngine.processPage(PDFStreamEngine.java:156)
	at org.apache.pdfbox.rendering.PageDrawer.drawPage(PageDrawer.java:275)
	at org.apache.pdfbox.rendering.PDFRenderer.renderImage(PDFRenderer.java:347)
	at org.apache.pdfbox.rendering.PDFRenderer.renderImage(PDFRenderer.java:268)
	at org.apache.pdfbox.rendering.PDFRenderer.renderImage(PDFRenderer.java:228)
	at org.apache.pdfbox.rendering.PDFRenderer.renderImage(PDFRenderer.java:215)
	at com.sismics.docs.core.util.format.PdfFormatHandler.generateThumbnail(PdfFormatHandler.java:41)
	at com.sismics.docs.core.util.format.TextPlainFormatHandler.generateThumbnail(TextPlainFormatHandler.java:45)
	at com.sismics.docs.core.listener.async.FileProcessingAsyncListener.extractContent(FileProcessingAsyncListener.java:150)
	at com.sismics.docs.core.listener.async.FileProcessingAsyncListener.processFile(FileProcessingAsyncListener.java:104)
	at com.sismics.docs.core.listener.async.FileProcessingAsyncListener.on(FileProcessingAsyncListener.java:56)
	at java.base/jdk.internal.reflect.NativeMethodAccessorImpl.invoke0(Native Method)
	at java.base/jdk.internal.reflect.NativeMethodAccessorImpl.invoke(NativeMethodAccessorImpl.java:77)
	at java.base/jdk.internal.reflect.DelegatingMethodAccessorImpl.invoke(DelegatingMethodAccessorImpl.java:43)
	at java.base/java.lang.reflect.Method.invoke(Method.java:568)
	at com.google.common.eventbus.Subscriber.invokeSubscriberMethod(Subscriber.java:87)
	at com.google.common.eventbus.Subscriber$1.run(Subscriber.java:72)
	at com.google.common.util.concurrent.DirectExecutor.execute(DirectExecutor.java:30)
	at com.google.common.eventbus.Subscriber.dispatchEvent(Subscriber.java:67)
	at com.google.common.eventbus.Dispatcher$PerThreadQueuedDispatcher.dispatch(Dispatcher.java:108)
	at com.google.common.eventbus.EventBus.post(EventBus.java:212)
	at com.sismics.util.context.ThreadLocalContext.fireAllAsyncEvents(ThreadLocalContext.java:99)
	at com.sismics.util.filter.RequestContextFilter.doFilter(RequestContextFilter.java:139)
	at org.glassfish.grizzly.servlet.FilterChainImpl.doFilter(FilterChainImpl.java:114)
	at org.glassfish.grizzly.servlet.FilterChainImpl.invokeFilterChain(FilterChainImpl.java:83)
	at org.glassfish.grizzly.servlet.ServletHandler.doServletService(ServletHandler.java:202)
	at org.glassfish.grizzly.servlet.ServletHandler.service(ServletHandler.java:149)
	at org.glassfish.grizzly.http.server.HttpHandler$1.run(HttpHandler.java:200)
	at org.glassfish.grizzly.threadpool.AbstractThreadPool$Worker.doWork(AbstractThreadPool.java:569)
	at org.glassfish.grizzly.threadpool.AbstractThreadPool$Worker.run(AbstractThreadPool.java:549)
	at java.base/java.lang.Thread.run(Thread.java:833)
06 5月 2024 18:06:43,221 WARN org.apache.pdfbox.pdmodel.font.FileSystemFontProvider.<init>(FileSystemFontProvider.java:340) Finished building on-disk font cache, found 429 fonts 
06 5月 2024 18:06:43,224 WARN org.apache.pdfbox.pdmodel.font.PDTrueTypeFont.<init>(PDTrueTypeFont.java:220) Using fallback font 'CourierNewPSMT' for 'LiberationMono' 
06 5月 2024 18:06:43,466 INFO com.sismics.docs.core.listener.async.FileProcessingAsyncListener.extractContent(FileProcessingAsyncListener.java:176) Start extracting content from: File{id=c114905d-3a91-47fb-a7f4-cc7434286035, name=document.txt} 
06 5月 2024 18:06:43,467 INFO com.sismics.docs.core.listener.async.FileProcessingAsyncListener.extractContent(FileProcessingAsyncListener.java:182) File content extracted in 1ms: c114905d-3a91-47fb-a7f4-cc7434286035 
06 5月 2024 18:06:43,475 INFO com.sismics.docs.core.util.FileUtil.endProcessingFile(FileUtil.java:231) Processing ended for file: c114905d-3a91-47fb-a7f4-cc7434286035 
06 5月 2024 18:06:43,476 INFO com.sismics.docs.core.listener.async.DocumentUpdatedAsyncListener.on(DocumentUpdatedAsyncListener.java:39) Document updated event: DocumentUpdatedAsyncEvent{documentId=01740638-a16f-433c-891f-07501c6f44ab} 
06 5月 2024 18:06:43,500 INFO com.sismics.docs.core.listener.async.FileDeletedAsyncListener.on(FileDeletedAsyncListener.java:33) File deleted event: FileDeletedAsyncEvent{fileId=bba7b848-bcfd-469d-9e49-db6635c7258f} 
06 5月 2024 18:06:43,504 INFO com.sismics.docs.core.listener.async.DocumentUpdatedAsyncListener.on(DocumentUpdatedAsyncListener.java:39) Document updated event: DocumentUpdatedAsyncEvent{documentId=01740638-a16f-433c-891f-07501c6f44ab} 
06 5月 2024 18:06:43,517 INFO org.subethamail.smtp.server.SMTPServer.run(SMTPServer.java:333) SMTP Server socket shut down. 
06 5月 2024 18:06:43,518 INFO com.sismics.docs.core.service.InboxService.shutDown(InboxService.java:60) Inbox service shutting down 
06 5月 2024 18:06:43,518 INFO com.sismics.docs.core.service.FileService.shutDown(FileService.java:44) File service shutting down 
]]></system-out>
  </testcase>
  <testcase name="testZipFileUpload" classname="com.sismics.docs.rest.TestFileResource" time="1.34">
    <system-out><![CDATA[06 5月 2024 18:06:43,521 INFO org.glassfish.jersey.test.external.ExternalTestContainerFactory$ExternalTestContainer.<init>(ExternalTestContainerFactory.java:91) Creating ExternalTestContainer configured at the base URI http://localhost:9998/docs 
06 5月 2024 18:06:43,605 INFO com.sismics.util.filter.RequestContextFilter.init(RequestContextFilter.java:43) Using base data directory: C:\Users\13181\AppData\Local\Temp 
06 5月 2024 18:06:43,807 INFO com.sismics.util.ClasspathScanner.findClasses(ClasspathScanner.java:48) Found 1 classes for IndexingHandler 
06 5月 2024 18:06:43,808 INFO com.sismics.docs.core.util.indexing.LuceneIndexingHandler.initLucene(LuceneIndexingHandler.java:115) Using RAM Lucene storage 
06 5月 2024 18:06:43,808 INFO com.sismics.docs.core.service.FileService.startUp(FileService.java:39) File service starting up 
06 5月 2024 18:06:43,809 INFO com.sismics.docs.core.service.InboxService.startUp(InboxService.java:55) Inbox service starting up 
06 5月 2024 18:06:44,810 INFO com.sismics.docs.core.listener.async.DocumentCreatedAsyncListener.on(DocumentCreatedAsyncListener.java:35) Document created event: DocumentCreatedAsyncEvent{documentId=0211b66b-17b2-4e10-a3a0-c42a667412a1} 
06 5月 2024 18:06:44,865 INFO com.sismics.docs.core.util.FileUtil.startProcessingFile(FileUtil.java:221) Processing started for file: 5fa04b09-1abb-4d9b-aac7-aa0b5849dbbe 
06 5月 2024 18:06:44,867 INFO com.sismics.docs.core.listener.async.FileProcessingAsyncListener.on(FileProcessingAsyncListener.java:53) File created event: FileCreatedAsyncEvent{fileId=5fa04b09-1abb-4d9b-aac7-aa0b5849dbbe, language=eng} 
06 5月 2024 18:06:44,870 INFO com.sismics.docs.core.listener.async.FileProcessingAsyncListener.extractContent(FileProcessingAsyncListener.java:143) Format unhandled: application/x-zip-compressed 
06 5月 2024 18:06:44,873 INFO com.sismics.docs.core.util.FileUtil.endProcessingFile(FileUtil.java:231) Processing ended for file: 5fa04b09-1abb-4d9b-aac7-aa0b5849dbbe 
06 5月 2024 18:06:44,874 INFO com.sismics.docs.core.listener.async.DocumentUpdatedAsyncListener.on(DocumentUpdatedAsyncListener.java:39) Document updated event: DocumentUpdatedAsyncEvent{documentId=0211b66b-17b2-4e10-a3a0-c42a667412a1} 
06 5月 2024 18:06:44,881 INFO org.subethamail.smtp.server.SMTPServer.run(SMTPServer.java:333) SMTP Server socket shut down. 
06 5月 2024 18:06:44,882 INFO com.sismics.docs.core.service.InboxService.shutDown(InboxService.java:60) Inbox service shutting down 
06 5月 2024 18:06:44,882 INFO com.sismics.docs.core.service.FileService.shutDown(FileService.java:44) File service shutting down 
]]></system-out>
  </testcase>
  <testcase name="testOrphanFile" classname="com.sismics.docs.rest.TestFileResource" time="4.25">
    <system-out><![CDATA[06 5月 2024 18:06:44,884 INFO org.glassfish.jersey.test.external.ExternalTestContainerFactory$ExternalTestContainer.<init>(ExternalTestContainerFactory.java:91) Creating ExternalTestContainer configured at the base URI http://localhost:9998/docs 
06 5月 2024 18:06:44,961 INFO com.sismics.util.filter.RequestContextFilter.init(RequestContextFilter.java:43) Using base data directory: C:\Users\13181\AppData\Local\Temp 
06 5月 2024 18:06:45,171 INFO com.sismics.util.ClasspathScanner.findClasses(ClasspathScanner.java:48) Found 1 classes for IndexingHandler 
06 5月 2024 18:06:45,172 INFO com.sismics.docs.core.util.indexing.LuceneIndexingHandler.initLucene(LuceneIndexingHandler.java:115) Using RAM Lucene storage 
06 5月 2024 18:06:45,172 INFO com.sismics.docs.core.service.FileService.startUp(FileService.java:39) File service starting up 
06 5月 2024 18:06:45,173 INFO com.sismics.docs.core.service.InboxService.startUp(InboxService.java:55) Inbox service starting up 
06 5月 2024 18:06:46,116 INFO com.sismics.docs.core.util.FileUtil.startProcessingFile(FileUtil.java:221) Processing started for file: 5b62687a-2ca7-4a63-beca-7a7f79a76fda 
06 5月 2024 18:06:46,120 INFO com.sismics.docs.core.listener.async.FileProcessingAsyncListener.on(FileProcessingAsyncListener.java:53) File created event: FileCreatedAsyncEvent{fileId=5b62687a-2ca7-4a63-beca-7a7f79a76fda, language=null} 
06 5月 2024 18:06:46,372 INFO com.sismics.docs.core.listener.async.FileProcessingAsyncListener.extractContent(FileProcessingAsyncListener.java:176) Start extracting content from: File{id=5b62687a-2ca7-4a63-beca-7a7f79a76fda, name=PIA00452.jpg} 
06 5月 2024 18:06:46,372 INFO com.sismics.docs.core.listener.async.FileProcessingAsyncListener.extractContent(FileProcessingAsyncListener.java:182) File content extracted in 0ms: 5b62687a-2ca7-4a63-beca-7a7f79a76fda 
06 5月 2024 18:06:46,375 INFO com.sismics.docs.core.util.FileUtil.endProcessingFile(FileUtil.java:231) Processing ended for file: 5b62687a-2ca7-4a63-beca-7a7f79a76fda 
06 5月 2024 18:06:46,410 INFO com.sismics.docs.core.listener.async.DocumentCreatedAsyncListener.on(DocumentCreatedAsyncListener.java:35) Document created event: DocumentCreatedAsyncEvent{documentId=304454a9-752f-4cd1-a355-c1bd95eb09d6} 
06 5月 2024 18:06:46,432 INFO com.sismics.docs.core.util.FileUtil.startProcessingFile(FileUtil.java:221) Processing started for file: 5b62687a-2ca7-4a63-beca-7a7f79a76fda 
06 5月 2024 18:06:46,435 INFO com.sismics.docs.core.listener.async.FileProcessingAsyncListener.on(FileProcessingAsyncListener.java:67) File updated event: FileUpdatedAsyncEvent{fileId=5b62687a-2ca7-4a63-beca-7a7f79a76fda, language=eng} 
06 5月 2024 18:06:46,671 INFO com.sismics.docs.core.listener.async.FileProcessingAsyncListener.extractContent(FileProcessingAsyncListener.java:176) Start extracting content from: File{id=5b62687a-2ca7-4a63-beca-7a7f79a76fda, name=PIA00452.jpg} 
06 5月 2024 18:06:48,857 ERROR com.sismics.docs.core.listener.async.FileProcessingAsyncListener.extractContent(FileProcessingAsyncListener.java:180) Error extracting content from: File{id=5b62687a-2ca7-4a63-beca-7a7f79a76fda, name=PIA00452.jpg} 
java.io.IOException: Cannot run program "tesseract": CreateProcess error=2, 系统找不到指定的文件。
	at java.base/java.lang.ProcessBuilder.start(ProcessBuilder.java:1143)
	at java.base/java.lang.ProcessBuilder.start(ProcessBuilder.java:1073)
	at com.sismics.docs.core.util.FileUtil.ocrFile(FileUtil.java:71)
	at com.sismics.docs.core.util.format.ImageFormatHandler.extractContent(ImageFormatHandler.java:53)
	at com.sismics.docs.core.listener.async.FileProcessingAsyncListener.extractContent(FileProcessingAsyncListener.java:178)
	at com.sismics.docs.core.listener.async.FileProcessingAsyncListener.processFile(FileProcessingAsyncListener.java:104)
	at com.sismics.docs.core.listener.async.FileProcessingAsyncListener.on(FileProcessingAsyncListener.java:69)
	at java.base/jdk.internal.reflect.NativeMethodAccessorImpl.invoke0(Native Method)
	at java.base/jdk.internal.reflect.NativeMethodAccessorImpl.invoke(NativeMethodAccessorImpl.java:77)
	at java.base/jdk.internal.reflect.DelegatingMethodAccessorImpl.invoke(DelegatingMethodAccessorImpl.java:43)
	at java.base/java.lang.reflect.Method.invoke(Method.java:568)
	at com.google.common.eventbus.Subscriber.invokeSubscriberMethod(Subscriber.java:87)
	at com.google.common.eventbus.Subscriber$1.run(Subscriber.java:72)
	at com.google.common.util.concurrent.DirectExecutor.execute(DirectExecutor.java:30)
	at com.google.common.eventbus.Subscriber.dispatchEvent(Subscriber.java:67)
	at com.google.common.eventbus.Dispatcher$PerThreadQueuedDispatcher.dispatch(Dispatcher.java:108)
	at com.google.common.eventbus.EventBus.post(EventBus.java:212)
	at com.sismics.util.context.ThreadLocalContext.fireAllAsyncEvents(ThreadLocalContext.java:99)
	at com.sismics.util.filter.RequestContextFilter.doFilter(RequestContextFilter.java:139)
	at org.glassfish.grizzly.servlet.FilterChainImpl.doFilter(FilterChainImpl.java:114)
	at org.glassfish.grizzly.servlet.FilterChainImpl.invokeFilterChain(FilterChainImpl.java:83)
	at org.glassfish.grizzly.servlet.ServletHandler.doServletService(ServletHandler.java:202)
	at org.glassfish.grizzly.servlet.ServletHandler.service(ServletHandler.java:149)
	at org.glassfish.grizzly.http.server.HttpHandler$1.run(HttpHandler.java:200)
	at org.glassfish.grizzly.threadpool.AbstractThreadPool$Worker.doWork(AbstractThreadPool.java:569)
	at org.glassfish.grizzly.threadpool.AbstractThreadPool$Worker.run(AbstractThreadPool.java:549)
	at java.base/java.lang.Thread.run(Thread.java:833)
Caused by: java.io.IOException: CreateProcess error=2, 系统找不到指定的文件。
	at java.base/java.lang.ProcessImpl.create(Native Method)
	at java.base/java.lang.ProcessImpl.<init>(ProcessImpl.java:494)
	at java.base/java.lang.ProcessImpl.start(ProcessImpl.java:159)
	at java.base/java.lang.ProcessBuilder.start(ProcessBuilder.java:1110)
	... 26 more
06 5月 2024 18:06:48,858 INFO com.sismics.docs.core.listener.async.FileProcessingAsyncListener.extractContent(FileProcessingAsyncListener.java:182) File content extracted in 2,187ms: 5b62687a-2ca7-4a63-beca-7a7f79a76fda 
06 5月 2024 18:06:48,861 INFO com.sismics.docs.core.util.FileUtil.endProcessingFile(FileUtil.java:231) Processing ended for file: 5b62687a-2ca7-4a63-beca-7a7f79a76fda 
06 5月 2024 18:06:48,862 INFO com.sismics.docs.core.listener.async.DocumentUpdatedAsyncListener.on(DocumentUpdatedAsyncListener.java:39) Document updated event: DocumentUpdatedAsyncEvent{documentId=304454a9-752f-4cd1-a355-c1bd95eb09d6} 
06 5月 2024 18:06:48,897 INFO com.sismics.docs.core.util.FileUtil.startProcessingFile(FileUtil.java:221) Processing started for file: 9262e505-df2a-4ccf-8927-8c3bf7612b55 
06 5月 2024 18:06:48,899 INFO com.sismics.docs.core.listener.async.FileProcessingAsyncListener.on(FileProcessingAsyncListener.java:53) File created event: FileCreatedAsyncEvent{fileId=9262e505-df2a-4ccf-8927-8c3bf7612b55, language=null} 
06 5月 2024 18:06:49,113 INFO com.sismics.docs.core.listener.async.FileProcessingAsyncListener.extractContent(FileProcessingAsyncListener.java:176) Start extracting content from: File{id=9262e505-df2a-4ccf-8927-8c3bf7612b55, name=PIA00452.jpg} 
06 5月 2024 18:06:49,113 INFO com.sismics.docs.core.listener.async.FileProcessingAsyncListener.extractContent(FileProcessingAsyncListener.java:182) File content extracted in 0ms: 9262e505-df2a-4ccf-8927-8c3bf7612b55 
06 5月 2024 18:06:49,115 INFO com.sismics.docs.core.util.FileUtil.endProcessingFile(FileUtil.java:231) Processing ended for file: 9262e505-df2a-4ccf-8927-8c3bf7612b55 
06 5月 2024 18:06:49,123 INFO com.sismics.docs.core.listener.async.FileDeletedAsyncListener.on(FileDeletedAsyncListener.java:33) File deleted event: FileDeletedAsyncEvent{fileId=9262e505-df2a-4ccf-8927-8c3bf7612b55} 
06 5月 2024 18:06:49,127 INFO org.subethamail.smtp.server.SMTPServer.run(SMTPServer.java:333) SMTP Server socket shut down. 
06 5月 2024 18:06:49,128 INFO com.sismics.docs.core.service.InboxService.shutDown(InboxService.java:60) Inbox service shutting down 
06 5月 2024 18:06:49,128 INFO com.sismics.docs.core.service.FileService.shutDown(FileService.java:44) File service shutting down 
]]></system-out>
  </testcase>
</testsuite>