<?xml version="1.0" encoding="UTF-8"?>
<testsuite xmlns:xsi="http://www.w3.org/2001/XMLSchema-instance" xsi:noNamespaceSchemaLocation="https://maven.apache.org/surefire/maven-surefire-plugin/xsd/surefire-test-report-3.0.xsd" version="3.0" name="com.sismics.docs.rest.TestAppResource" time="12.458" tests="6" errors="0" skipped="0" failures="0">
  <properties>
[...]
</properties>
  <testcase name="testLdapAuthentication" classname="com.sismics.docs.rest.TestAppResource" time="5.119">
    <system-out><![CDATA[06 5月 2024 18:05:08,679 INFO com.sismics.util.filter.RequestContextFilter.init(RequestContextFilter.java:43) Using base data directory: C:\Users\13181\AppData\Local\Temp 
06 5月 2024 18:05:11,500 INFO com.sismics.util.ClasspathScanner.findClasses(ClasspathScanner.java:48) Found 1 classes for IndexingHandler 
06 5月 2024 18:05:11,550 INFO com.sismics.docs.core.util.indexing.LuceneIndexingHandler.initLucene(LuceneIndexingHandler.java:115) Using RAM Lucene storage 
06 5月 2024 18:05:11,647 INFO com.sismics.docs.core.service.FileService.startUp(FileService.java:39) File service starting up 
06 5月 2024 18:05:11,650 INFO com.sismics.docs.core.service.InboxService.startUp(InboxService.java:55) Inbox service starting up 
06 5月 2024 18:05:12,427 INFO org.subethamail.smtp.server.SMTPServer.run(SMTPServer.java:333) SMTP Server socket shut down. 
06 5月 2024 18:05:12,437 INFO com.sismics.docs.core.service.InboxService.shutDown(InboxService.java:60) Inbox service shutting down 
06 5月 2024 18:05:12,437 INFO com.sismics.docs.core.service.FileService.shutDown(FileService.java:44) File service shutting down 
]]></system-out>
    <system-err><![CDATA[5月 06, 2024 6:05:07 下午 org.glassfish.jersey.test.external.ExternalTestContainerFactory$ExternalTestContainer <init>
信息: Creating ExternalTestContainer configured at the base URI http://localhost:9998/docs
5月 06, 2024 6:05:07 下午 org.glassfish.grizzly.servlet.WebappContext deploy
信息: Starting application [GrizzlyContext] ...
5月 06, 2024 6:05:07 下午 org.glassfish.grizzly.servlet.WebappContext initServlets
信息: Loading Servlet: org.glassfish.jersey.servlet.ServletContainer
5月 06, 2024 6:05:08 下午 org.glassfish.grizzly.servlet.WebappContext initServlets
信息: [GrizzlyContext] Servlet [org.glassfish.jersey.servlet.ServletContainer] registered for url pattern(s) [[/*]].
]]></system-err>
  </testcase>
  <testcase name="testInbox" classname="com.sismics.docs.rest.TestAppResource" time="2.449">
    <system-out><![CDATA[06 5月 2024 18:05:12,459 INFO org.glassfish.jersey.test.external.ExternalTestContainerFactory$ExternalTestContainer.<init>(ExternalTestContainerFactory.java:91) Creating ExternalTestContainer configured at the base URI http://localhost:9998/docs 
06 5月 2024 18:05:12,601 INFO com.sismics.util.filter.RequestContextFilter.init(RequestContextFilter.java:43) Using base data directory: C:\Users\13181\AppData\Local\Temp 
06 5月 2024 18:05:12,825 INFO com.sismics.util.ClasspathScanner.findClasses(ClasspathScanner.java:48) Found 1 classes for IndexingHandler 
06 5月 2024 18:05:12,826 INFO com.sismics.docs.core.util.indexing.LuceneIndexingHandler.initLucene(LuceneIndexingHandler.java:115) Using RAM Lucene storage 
06 5月 2024 18:05:12,827 INFO com.sismics.docs.core.service.FileService.startUp(FileService.java:39) File service starting up 
06 5月 2024 18:05:12,827 INFO com.sismics.docs.core.service.InboxService.startUp(InboxService.java:55) Inbox service starting up 
06 5月 2024 18:05:13,977 INFO com.sismics.util.ClasspathScanner.findClasses(ClasspathScanner.java:48) Found 2 classes for AuthenticationHandler 
06 5月 2024 18:05:14,537 INFO com.sismics.docs.core.service.InboxService.lambda$syncInbox$0(InboxService.java:82) Synchronizing IMAP inbox... 
06 5月 2024 18:05:14,545 INFO com.sismics.docs.core.service.InboxService.lambda$syncInbox$0(InboxService.java:92) 1 messages found 
06 5月 2024 18:05:14,550 INFO com.sismics.docs.core.service.InboxService.importMessage(InboxService.java:196) Importing message: Test email 1 
06 5月 2024 18:05:14,576 INFO com.sismics.docs.core.listener.async.DocumentCreatedAsyncListener.on(DocumentCreatedAsyncListener.java:35) Document created event: DocumentCreatedAsyncEvent{documentId=cefc656a-cf38-48ea-9342-4574795ad001} 
06 5月 2024 18:05:14,829 INFO com.sismics.docs.core.service.InboxService.lambda$syncInbox$0(InboxService.java:82) Synchronizing IMAP inbox... 
06 5月 2024 18:05:14,838 INFO com.sismics.docs.core.service.InboxService.lambda$syncInbox$0(InboxService.java:92) 0 messages found 
06 5月 2024 18:05:14,895 INFO org.subethamail.smtp.server.SMTPServer.run(SMTPServer.java:333) SMTP Server socket shut down. 
06 5月 2024 18:05:14,900 INFO com.sismics.docs.core.service.InboxService.shutDown(InboxService.java:60) Inbox service shutting down 
06 5月 2024 18:05:14,900 INFO com.sismics.docs.core.service.FileService.shutDown(FileService.java:44) File service shutting down 
]]></system-out>
  </testcase>
  <testcase name="testSmtpConfiguration" classname="com.sismics.docs.rest.TestAppResource" time="1.206">
    <system-out><![CDATA[06 5月 2024 18:05:14,904 INFO org.glassfish.jersey.test.external.ExternalTestContainerFactory$ExternalTestContainer.<init>(ExternalTestContainerFactory.java:91) Creating ExternalTestContainer configured at the base URI http://localhost:9998/docs 
06 5月 2024 18:05:15,031 INFO com.sismics.util.filter.RequestContextFilter.init(RequestContextFilter.java:43) Using base data directory: C:\Users\13181\AppData\Local\Temp 
06 5月 2024 18:05:15,250 INFO com.sismics.util.ClasspathScanner.findClasses(ClasspathScanner.java:48) Found 1 classes for IndexingHandler 
06 5月 2024 18:05:15,251 INFO com.sismics.docs.core.util.indexing.LuceneIndexingHandler.initLucene(LuceneIndexingHandler.java:115) Using RAM Lucene storage 
06 5月 2024 18:05:15,252 INFO com.sismics.docs.core.service.FileService.startUp(FileService.java:39) File service starting up 
06 5月 2024 18:05:15,253 INFO com.sismics.docs.core.service.InboxService.startUp(InboxService.java:55) Inbox service starting up 
06 5月 2024 18:05:15,254 INFO com.sismics.docs.core.service.InboxService.lambda$syncInbox$0(InboxService.java:82) Synchronizing IMAP inbox... 
06 5月 2024 18:05:15,261 ERROR com.sismics.docs.core.service.InboxService.lambda$syncInbox$0(InboxService.java:100) Error syncing the inbox 
com.sun.mail.util.MailConnectException: Couldn't connect to host, port: localhost, 9755; timeout 30000;
  nested exception is:
	java.net.ConnectException: Connection refused: no further information
	at com.sun.mail.imap.IMAPStore.protocolConnect(IMAPStore.java:740)
	at javax.mail.Service.connect(Service.java:366)
	at javax.mail.Service.connect(Service.java:246)
	at javax.mail.Service.connect(Service.java:267)
	at com.sismics.docs.core.service.InboxService.openInbox(InboxService.java:181)
	at com.sismics.docs.core.service.InboxService.lambda$syncInbox$0(InboxService.java:90)
	at com.sismics.docs.core.util.TransactionUtil.handle(TransactionUtil.java:47)
	at com.sismics.docs.core.service.InboxService.syncInbox(InboxService.java:76)
	at com.sismics.docs.core.service.InboxService.runOneIteration(InboxService.java:66)
	at com.google.common.util.concurrent.AbstractScheduledService$ServiceDelegate$Task.run(AbstractScheduledService.java:221)
	at com.google.common.util.concurrent.Callables$4.run(Callables.java:119)
	at java.base/java.util.concurrent.Executors$RunnableAdapter.call(Executors.java:539)
	at java.base/java.util.concurrent.FutureTask.runAndReset(FutureTask.java:305)
	at java.base/java.util.concurrent.ScheduledThreadPoolExecutor$ScheduledFutureTask.run(ScheduledThreadPoolExecutor.java:305)
	at java.base/java.util.concurrent.ThreadPoolExecutor.runWorker(ThreadPoolExecutor.java:1136)
	at java.base/java.util.concurrent.ThreadPoolExecutor$Worker.run(ThreadPoolExecutor.java:635)
	at java.base/java.lang.Thread.run(Thread.java:833)
Caused by: java.net.ConnectException: Connection refused: no further information
	at java.base/sun.nio.ch.Net.pollConnect(Native Method)
	at java.base/sun.nio.ch.Net.pollConnectNow(Net.java:672)
	at java.base/sun.nio.ch.NioSocketImpl.timedFinishConnect(NioSocketImpl.java:542)
	at java.base/sun.nio.ch.NioSocketImpl.connect(NioSocketImpl.java:597)
	at java.base/java.net.SocksSocketImpl.connect(SocksSocketImpl.java:327)
	at java.base/java.net.Socket.connect(Socket.java:633)
	at com.sun.mail.util.WriteTimeoutSocket.connect(WriteTimeoutSocket.java:115)
	at com.sun.mail.util.SocketFetcher.createSocket(SocketFetcher.java:357)
	at com.sun.mail.util.SocketFetcher.getSocket(SocketFetcher.java:238)
	at com.sun.mail.iap.Protocol.<init>(Protocol.java:134)
	at com.sun.mail.imap.protocol.IMAPProtocol.<init>(IMAPProtocol.java:131)
	at com.sun.mail.imap.IMAPStore.newIMAPProtocol(IMAPStore.java:763)
	at com.sun.mail.imap.IMAPStore.protocolConnect(IMAPStore.java:698)
	... 16 more
06 5月 2024 18:05:16,108 INFO org.subethamail.smtp.server.SMTPServer.run(SMTPServer.java:333) SMTP Server socket shut down. 
06 5月 2024 18:05:16,108 INFO com.sismics.docs.core.service.InboxService.shutDown(InboxService.java:60) Inbox service shutting down 
06 5月 2024 18:05:16,109 INFO com.sismics.docs.core.service.FileService.shutDown(FileService.java:44) File service shutting down 
]]></system-out>
  </testcase>
  <testcase name="testAppResource" classname="com.sismics.docs.rest.TestAppResource" time="1.34">
    <system-out><![CDATA[06 5月 2024 18:05:16,111 INFO org.glassfish.jersey.test.external.ExternalTestContainerFactory$ExternalTestContainer.<init>(ExternalTestContainerFactory.java:91) Creating ExternalTestContainer configured at the base URI http://localhost:9998/docs 
06 5月 2024 18:05:16,206 INFO com.sismics.util.filter.RequestContextFilter.init(RequestContextFilter.java:43) Using base data directory: C:\Users\13181\AppData\Local\Temp 
06 5月 2024 18:05:16,425 INFO com.sismics.util.ClasspathScanner.findClasses(ClasspathScanner.java:48) Found 1 classes for IndexingHandler 
06 5月 2024 18:05:16,426 INFO com.sismics.docs.core.util.indexing.LuceneIndexingHandler.initLucene(LuceneIndexingHandler.java:115) Using RAM Lucene storage 
06 5月 2024 18:05:16,427 INFO com.sismics.docs.core.service.FileService.startUp(FileService.java:39) File service starting up 
06 5月 2024 18:05:16,427 INFO com.sismics.docs.core.service.InboxService.startUp(InboxService.java:55) Inbox service starting up 
06 5月 2024 18:05:16,428 INFO com.sismics.docs.core.service.InboxService.lambda$syncInbox$0(InboxService.java:82) Synchronizing IMAP inbox... 
06 5月 2024 18:05:16,433 ERROR com.sismics.docs.core.service.InboxService.lambda$syncInbox$0(InboxService.java:100) Error syncing the inbox 
com.sun.mail.util.MailConnectException: Couldn't connect to host, port: localhost, 9755; timeout 30000;
  nested exception is:
	java.net.ConnectException: Connection refused: no further information
	at com.sun.mail.imap.IMAPStore.protocolConnect(IMAPStore.java:740)
	at javax.mail.Service.connect(Service.java:366)
	at javax.mail.Service.connect(Service.java:246)
	at javax.mail.Service.connect(Service.java:267)
	at com.sismics.docs.core.service.InboxService.openInbox(InboxService.java:181)
	at com.sismics.docs.core.service.InboxService.lambda$syncInbox$0(InboxService.java:90)
	at com.sismics.docs.core.util.TransactionUtil.handle(TransactionUtil.java:47)
	at com.sismics.docs.core.service.InboxService.syncInbox(InboxService.java:76)
	at com.sismics.docs.core.service.InboxService.runOneIteration(InboxService.java:66)
	at com.google.common.util.concurrent.AbstractScheduledService$ServiceDelegate$Task.run(AbstractScheduledService.java:221)
	at com.google.common.util.concurrent.Callables$4.run(Callables.java:119)
	at java.base/java.util.concurrent.Executors$RunnableAdapter.call(Executors.java:539)
	at java.base/java.util.concurrent.FutureTask.runAndReset(FutureTask.java:305)
	at java.base/java.util.concurrent.ScheduledThreadPoolExecutor$ScheduledFutureTask.run(ScheduledThreadPoolExecutor.java:305)
	at java.base/java.util.concurrent.ThreadPoolExecutor.runWorker(ThreadPoolExecutor.java:1136)
	at java.base/java.util.concurrent.ThreadPoolExecutor$Worker.run(ThreadPoolExecutor.java:635)
	at java.base/java.lang.Thread.run(Thread.java:833)
Caused by: java.net.ConnectException: Connection refused: no further information
	at java.base/sun.nio.ch.Net.pollConnect(Native Method)
	at java.base/sun.nio.ch.Net.pollConnectNow(Net.java:672)
	at java.base/sun.nio.ch.NioSocketImpl.timedFinishConnect(NioSocketImpl.java:542)
	at java.base/sun.nio.ch.NioSocketImpl.connect(NioSocketImpl.java:597)
	at java.base/java.net.SocksSocketImpl.connect(SocksSocketImpl.java:327)
	at java.base/java.net.Socket.connect(Socket.java:633)
	at com.sun.mail.util.WriteTimeoutSocket.connect(WriteTimeoutSocket.java:115)
	at com.sun.mail.util.SocketFetcher.createSocket(SocketFetcher.java:357)
	at com.sun.mail.util.SocketFetcher.getSocket(SocketFetcher.java:238)
	at com.sun.mail.iap.Protocol.<init>(Protocol.java:134)
	at com.sun.mail.imap.protocol.IMAPProtocol.<init>(IMAPProtocol.java:131)
	at com.sun.mail.imap.IMAPStore.newIMAPProtocol(IMAPStore.java:763)
	at com.sun.mail.imap.IMAPStore.protocolConnect(IMAPStore.java:698)
	... 16 more
06 5月 2024 18:05:17,244 INFO com.sismics.docs.core.listener.async.RebuildIndexAsyncListener.on(RebuildIndexAsyncListener.java:37) Rebuild index event: RebuildIndexAsyncEvent{} 
06 5月 2024 18:05:17,264 INFO com.sismics.docs.core.listener.async.RebuildIndexAsyncListener.on(RebuildIndexAsyncListener.java:68) Rebuilding index done 
06 5月 2024 18:05:17,276 INFO com.sismics.docs.rest.resource.AppResource.batchCleanStorage(AppResource.java:630) Checking 0 files 
06 5月 2024 18:05:17,278 INFO com.sismics.docs.rest.resource.AppResource.batchCleanStorage(AppResource.java:638) Deleting orphan files at this location: C:\Users\13181\AppData\Local\Temp\storage\19fd981e-5254-4140-9501-069c32726625 
06 5月 2024 18:05:17,279 INFO com.sismics.docs.rest.resource.AppResource.batchCleanStorage(AppResource.java:638) Deleting orphan files at this location: C:\Users\13181\AppData\Local\Temp\storage\19fd981e-5254-4140-9501-069c32726625_thumb 
06 5月 2024 18:05:17,279 INFO com.sismics.docs.rest.resource.AppResource.batchCleanStorage(AppResource.java:638) Deleting orphan files at this location: C:\Users\13181\AppData\Local\Temp\storage\19fd981e-5254-4140-9501-069c32726625_web 
06 5月 2024 18:05:17,280 INFO com.sismics.docs.rest.resource.AppResource.batchCleanStorage(AppResource.java:638) Deleting orphan files at this location: C:\Users\13181\AppData\Local\Temp\storage\20433eca-4181-4f1f-b85a-08615c674f74 
06 5月 2024 18:05:17,281 INFO com.sismics.docs.rest.resource.AppResource.batchCleanStorage(AppResource.java:638) Deleting orphan files at this location: C:\Users\13181\AppData\Local\Temp\storage\223ea642-7107-41a8-945b-b9049c91cb47 
06 5月 2024 18:05:17,282 INFO com.sismics.docs.rest.resource.AppResource.batchCleanStorage(AppResource.java:638) Deleting orphan files at this location: C:\Users\13181\AppData\Local\Temp\storage\223ea642-7107-41a8-945b-b9049c91cb47_thumb 
06 5月 2024 18:05:17,283 INFO com.sismics.docs.rest.resource.AppResource.batchCleanStorage(AppResource.java:638) Deleting orphan files at this location: C:\Users\13181\AppData\Local\Temp\storage\223ea642-7107-41a8-945b-b9049c91cb47_web 
06 5月 2024 18:05:17,284 INFO com.sismics.docs.rest.resource.AppResource.batchCleanStorage(AppResource.java:638) Deleting orphan files at this location: C:\Users\13181\AppData\Local\Temp\storage\46f807d1-a548-4531-ae64-265d30005e64 
06 5月 2024 18:05:17,284 INFO com.sismics.docs.rest.resource.AppResource.batchCleanStorage(AppResource.java:638) Deleting orphan files at this location: C:\Users\13181\AppData\Local\Temp\storage\46f807d1-a548-4531-ae64-265d30005e64_thumb 
06 5月 2024 18:05:17,285 INFO com.sismics.docs.rest.resource.AppResource.batchCleanStorage(AppResource.java:638) Deleting orphan files at this location: C:\Users\13181\AppData\Local\Temp\storage\46f807d1-a548-4531-ae64-265d30005e64_web 
06 5月 2024 18:05:17,286 INFO com.sismics.docs.rest.resource.AppResource.batchCleanStorage(AppResource.java:638) Deleting orphan files at this location: C:\Users\13181\AppData\Local\Temp\storage\4ce0ae33-f004-4a89-8379-5e59524a67a8 
06 5月 2024 18:05:17,286 INFO com.sismics.docs.rest.resource.AppResource.batchCleanStorage(AppResource.java:638) Deleting orphan files at this location: C:\Users\13181\AppData\Local\Temp\storage\4ce0ae33-f004-4a89-8379-5e59524a67a8_thumb 
06 5月 2024 18:05:17,287 INFO com.sismics.docs.rest.resource.AppResource.batchCleanStorage(AppResource.java:638) Deleting orphan files at this location: C:\Users\13181\AppData\Local\Temp\storage\4ce0ae33-f004-4a89-8379-5e59524a67a8_web 
06 5月 2024 18:05:17,287 INFO com.sismics.docs.rest.resource.AppResource.batchCleanStorage(AppResource.java:638) Deleting orphan files at this location: C:\Users\13181\AppData\Local\Temp\storage\531d2917-0764-4fc9-a43d-54b9751cf435 
06 5月 2024 18:05:17,287 INFO com.sismics.docs.rest.resource.AppResource.batchCleanStorage(AppResource.java:638) Deleting orphan files at this location: C:\Users\13181\AppData\Local\Temp\storage\531d2917-0764-4fc9-a43d-54b9751cf435_thumb 
06 5月 2024 18:05:17,287 INFO com.sismics.docs.rest.resource.AppResource.batchCleanStorage(AppResource.java:638) Deleting orphan files at this location: C:\Users\13181\AppData\Local\Temp\storage\531d2917-0764-4fc9-a43d-54b9751cf435_web 
06 5月 2024 18:05:17,288 INFO com.sismics.docs.rest.resource.AppResource.batchCleanStorage(AppResource.java:638) Deleting orphan files at this location: C:\Users\13181\AppData\Local\Temp\storage\5f549d1e-38ce-40fd-8df5-c34f0c359b9c 
06 5月 2024 18:05:17,288 INFO com.sismics.docs.rest.resource.AppResource.batchCleanStorage(AppResource.java:638) Deleting orphan files at this location: C:\Users\13181\AppData\Local\Temp\storage\5f549d1e-38ce-40fd-8df5-c34f0c359b9c_thumb 
06 5月 2024 18:05:17,289 INFO com.sismics.docs.rest.resource.AppResource.batchCleanStorage(AppResource.java:638) Deleting orphan files at this location: C:\Users\13181\AppData\Local\Temp\storage\5f549d1e-38ce-40fd-8df5-c34f0c359b9c_web 
06 5月 2024 18:05:17,289 INFO com.sismics.docs.rest.resource.AppResource.batchCleanStorage(AppResource.java:638) Deleting orphan files at this location: C:\Users\13181\AppData\Local\Temp\storage\894feb6b-33c1-4aa5-a4a9-c8e29daf5b3d 
06 5月 2024 18:05:17,290 INFO com.sismics.docs.rest.resource.AppResource.batchCleanStorage(AppResource.java:638) Deleting orphan files at this location: C:\Users\13181\AppData\Local\Temp\storage\894feb6b-33c1-4aa5-a4a9-c8e29daf5b3d_thumb 
06 5月 2024 18:05:17,291 INFO com.sismics.docs.rest.resource.AppResource.batchCleanStorage(AppResource.java:638) Deleting orphan files at this location: C:\Users\13181\AppData\Local\Temp\storage\894feb6b-33c1-4aa5-a4a9-c8e29daf5b3d_web 
06 5月 2024 18:05:17,291 INFO com.sismics.docs.rest.resource.AppResource.batchCleanStorage(AppResource.java:638) Deleting orphan files at this location: C:\Users\13181\AppData\Local\Temp\storage\8cdfe63a-17ec-4513-967c-0bf13a6fdc5c 
06 5月 2024 18:05:17,292 INFO com.sismics.docs.rest.resource.AppResource.batchCleanStorage(AppResource.java:638) Deleting orphan files at this location: C:\Users\13181\AppData\Local\Temp\storage\8cdfe63a-17ec-4513-967c-0bf13a6fdc5c_thumb 
06 5月 2024 18:05:17,292 INFO com.sismics.docs.rest.resource.AppResource.batchCleanStorage(AppResource.java:638) Deleting orphan files at this location: C:\Users\13181\AppData\Local\Temp\storage\8cdfe63a-17ec-4513-967c-0bf13a6fdc5c_web 
06 5月 2024 18:05:17,293 INFO com.sismics.docs.rest.resource.AppResource.batchCleanStorage(AppResource.java:638) Deleting orphan files at this location: C:\Users\13181\AppData\Local\Temp\storage\96bb1099-b7ee-467e-a751-cbad8550f237 
06 5月 2024 18:05:17,293 INFO com.sismics.docs.rest.resource.AppResource.batchCleanStorage(AppResource.java:638) Deleting orphan files at this location: C:\Users\13181\AppData\Local\Temp\storage\96bb1099-b7ee-467e-a751-cbad8550f237_thumb 
06 5月 2024 18:05:17,294 INFO com.sismics.docs.rest.resource.AppResource.batchCleanStorage(AppResource.java:638) Deleting orphan files at this location: C:\Users\13181\AppData\Local\Temp\storage\96bb1099-b7ee-467e-a751-cbad8550f237_web 
06 5月 2024 18:05:17,294 INFO com.sismics.docs.rest.resource.AppResource.batchCleanStorage(AppResource.java:638) Deleting orphan files at this location: C:\Users\13181\AppData\Local\Temp\storage\9736945b-2938-4b1b-8294-c7752d3199d0 
06 5月 2024 18:05:17,295 INFO com.sismics.docs.rest.resource.AppResource.batchCleanStorage(AppResource.java:638) Deleting orphan files at this location: C:\Users\13181\AppData\Local\Temp\storage\9736945b-2938-4b1b-8294-c7752d3199d0_thumb 
06 5月 2024 18:05:17,295 INFO com.sismics.docs.rest.resource.AppResource.batchCleanStorage(AppResource.java:638) Deleting orphan files at this location: C:\Users\13181\AppData\Local\Temp\storage\9736945b-2938-4b1b-8294-c7752d3199d0_web 
06 5月 2024 18:05:17,296 INFO com.sismics.docs.rest.resource.AppResource.batchCleanStorage(AppResource.java:638) Deleting orphan files at this location: C:\Users\13181\AppData\Local\Temp\storage\a5d68a78-f09e-4a15-878e-46a8b98c4cce 
06 5月 2024 18:05:17,296 INFO com.sismics.docs.rest.resource.AppResource.batchCleanStorage(AppResource.java:638) Deleting orphan files at this location: C:\Users\13181\AppData\Local\Temp\storage\a5d68a78-f09e-4a15-878e-46a8b98c4cce_thumb 
06 5月 2024 18:05:17,297 INFO com.sismics.docs.rest.resource.AppResource.batchCleanStorage(AppResource.java:638) Deleting orphan files at this location: C:\Users\13181\AppData\Local\Temp\storage\a5d68a78-f09e-4a15-878e-46a8b98c4cce_web 
06 5月 2024 18:05:17,298 INFO com.sismics.docs.rest.resource.AppResource.batchCleanStorage(AppResource.java:638) Deleting orphan files at this location: C:\Users\13181\AppData\Local\Temp\storage\apollo_landscape 
06 5月 2024 18:05:17,299 INFO com.sismics.docs.rest.resource.AppResource.batchCleanStorage(AppResource.java:638) Deleting orphan files at this location: C:\Users\13181\AppData\Local\Temp\storage\apollo_portrait 
06 5月 2024 18:05:17,300 INFO com.sismics.docs.rest.resource.AppResource.batchCleanStorage(AppResource.java:638) Deleting orphan files at this location: C:\Users\13181\AppData\Local\Temp\storage\b8800643-0211-4e32-9287-8befcd61d0c6 
06 5月 2024 18:05:17,301 INFO com.sismics.docs.rest.resource.AppResource.batchCleanStorage(AppResource.java:638) Deleting orphan files at this location: C:\Users\13181\AppData\Local\Temp\storage\b98d7ce3-e774-42de-8b92-5a3f05b56a20 
06 5月 2024 18:05:17,301 INFO com.sismics.docs.rest.resource.AppResource.batchCleanStorage(AppResource.java:638) Deleting orphan files at this location: C:\Users\13181\AppData\Local\Temp\storage\b98d7ce3-e774-42de-8b92-5a3f05b56a20_thumb 
06 5月 2024 18:05:17,302 INFO com.sismics.docs.rest.resource.AppResource.batchCleanStorage(AppResource.java:638) Deleting orphan files at this location: C:\Users\13181\AppData\Local\Temp\storage\b98d7ce3-e774-42de-8b92-5a3f05b56a20_web 
06 5月 2024 18:05:17,302 INFO com.sismics.docs.rest.resource.AppResource.batchCleanStorage(AppResource.java:638) Deleting orphan files at this location: C:\Users\13181\AppData\Local\Temp\storage\cfebcd5d-5c59-4bf4-9324-66e24ad55347 
06 5月 2024 18:05:17,303 INFO com.sismics.docs.rest.resource.AppResource.batchCleanStorage(AppResource.java:638) Deleting orphan files at this location: C:\Users\13181\AppData\Local\Temp\storage\cfebcd5d-5c59-4bf4-9324-66e24ad55347_thumb 
06 5月 2024 18:05:17,303 INFO com.sismics.docs.rest.resource.AppResource.batchCleanStorage(AppResource.java:638) Deleting orphan files at this location: C:\Users\13181\AppData\Local\Temp\storage\cfebcd5d-5c59-4bf4-9324-66e24ad55347_web 
06 5月 2024 18:05:17,304 INFO com.sismics.docs.rest.resource.AppResource.batchCleanStorage(AppResource.java:638) Deleting orphan files at this location: C:\Users\13181\AppData\Local\Temp\storage\d5626cf8-08fc-4cf9-bf06-fcd2f3a190cd 
06 5月 2024 18:05:17,304 INFO com.sismics.docs.rest.resource.AppResource.batchCleanStorage(AppResource.java:638) Deleting orphan files at this location: C:\Users\13181\AppData\Local\Temp\storage\d5626cf8-08fc-4cf9-bf06-fcd2f3a190cd_thumb 
06 5月 2024 18:05:17,305 INFO com.sismics.docs.rest.resource.AppResource.batchCleanStorage(AppResource.java:638) Deleting orphan files at this location: C:\Users\13181\AppData\Local\Temp\storage\d5626cf8-08fc-4cf9-bf06-fcd2f3a190cd_web 
06 5月 2024 18:05:17,305 INFO com.sismics.docs.rest.resource.AppResource.batchCleanStorage(AppResource.java:638) Deleting orphan files at this location: C:\Users\13181\AppData\Local\Temp\storage\document_docx 
06 5月 2024 18:05:17,306 INFO com.sismics.docs.rest.resource.AppResource.batchCleanStorage(AppResource.java:638) Deleting orphan files at this location: C:\Users\13181\AppData\Local\Temp\storage\document_odt 
06 5月 2024 18:05:17,306 INFO com.sismics.docs.rest.resource.AppResource.batchCleanStorage(AppResource.java:638) Deleting orphan files at this location: C:\Users\13181\AppData\Local\Temp\storage\document_pptx 
06 5月 2024 18:05:17,307 INFO com.sismics.docs.rest.resource.AppResource.batchCleanStorage(AppResource.java:638) Deleting orphan files at this location: C:\Users\13181\AppData\Local\Temp\storage\e47dd7d3-fdc8-4c7f-ba0c-686386dfe707 
06 5月 2024 18:05:17,308 INFO com.sismics.docs.rest.resource.AppResource.batchCleanStorage(AppResource.java:638) Deleting orphan files at this location: C:\Users\13181\AppData\Local\Temp\storage\e47dd7d3-fdc8-4c7f-ba0c-686386dfe707_thumb 
06 5月 2024 18:05:17,309 INFO com.sismics.docs.rest.resource.AppResource.batchCleanStorage(AppResource.java:638) Deleting orphan files at this location: C:\Users\13181\AppData\Local\Temp\storage\e47dd7d3-fdc8-4c7f-ba0c-686386dfe707_web 
06 5月 2024 18:05:17,309 INFO com.sismics.docs.rest.resource.AppResource.batchCleanStorage(AppResource.java:638) Deleting orphan files at this location: C:\Users\13181\AppData\Local\Temp\storage\e5bc5762-beac-4bdc-b9ad-f26aa6bb8932 
06 5月 2024 18:05:17,310 INFO com.sismics.docs.rest.resource.AppResource.batchCleanStorage(AppResource.java:638) Deleting orphan files at this location: C:\Users\13181\AppData\Local\Temp\storage\e5bc5762-beac-4bdc-b9ad-f26aa6bb8932_thumb 
06 5月 2024 18:05:17,310 INFO com.sismics.docs.rest.resource.AppResource.batchCleanStorage(AppResource.java:638) Deleting orphan files at this location: C:\Users\13181\AppData\Local\Temp\storage\e5bc5762-beac-4bdc-b9ad-f26aa6bb8932_web 
06 5月 2024 18:05:17,311 INFO com.sismics.docs.rest.resource.AppResource.batchCleanStorage(AppResource.java:638) Deleting orphan files at this location: C:\Users\13181\AppData\Local\Temp\storage\e95f1873-80c0-4dc6-9032-d9fef89f091c 
06 5月 2024 18:05:17,312 INFO com.sismics.docs.rest.resource.AppResource.batchCleanStorage(AppResource.java:638) Deleting orphan files at this location: C:\Users\13181\AppData\Local\Temp\storage\e95f1873-80c0-4dc6-9032-d9fef89f091c_thumb 
06 5月 2024 18:05:17,312 INFO com.sismics.docs.rest.resource.AppResource.batchCleanStorage(AppResource.java:638) Deleting orphan files at this location: C:\Users\13181\AppData\Local\Temp\storage\e95f1873-80c0-4dc6-9032-d9fef89f091c_web 
06 5月 2024 18:05:17,313 INFO com.sismics.docs.rest.resource.AppResource.batchCleanStorage(AppResource.java:638) Deleting orphan files at this location: C:\Users\13181\AppData\Local\Temp\storage\udhr 
06 5月 2024 18:05:17,317 INFO com.sismics.docs.rest.resource.AppResource.batchCleanStorage(AppResource.java:658) Deleting 0 orphan audit logs 
06 5月 2024 18:05:17,319 INFO com.sismics.docs.rest.resource.AppResource.batchCleanStorage(AppResource.java:670) Deleting 2 orphan ACLs 
06 5月 2024 18:05:17,320 INFO com.sismics.docs.rest.resource.AppResource.batchCleanStorage(AppResource.java:675) Deleting 0 orphan comments 
06 5月 2024 18:05:17,321 INFO com.sismics.docs.rest.resource.AppResource.batchCleanStorage(AppResource.java:680) Deleting 0 orphan document tag links 
06 5月 2024 18:05:17,322 INFO com.sismics.docs.rest.resource.AppResource.batchCleanStorage(AppResource.java:685) Deleting 0 orphan shares 
06 5月 2024 18:05:17,323 INFO com.sismics.docs.rest.resource.AppResource.batchCleanStorage(AppResource.java:690) Deleting 0 orphan tags 
06 5月 2024 18:05:17,324 INFO com.sismics.docs.rest.resource.AppResource.batchCleanStorage(AppResource.java:695) Deleting 0 orphan documents 
06 5月 2024 18:05:17,326 INFO com.sismics.docs.rest.resource.AppResource.batchCleanStorage(AppResource.java:700) Deleting 0 orphan files 
06 5月 2024 18:05:17,333 INFO com.sismics.docs.rest.resource.AppResource.batchCleanStorage(AppResource.java:703) Deleting 0 soft deleted document tag links 
06 5月 2024 18:05:17,335 INFO com.sismics.docs.rest.resource.AppResource.batchCleanStorage(AppResource.java:704) Deleting 2 soft deleted ACLs 
06 5月 2024 18:05:17,336 INFO com.sismics.docs.rest.resource.AppResource.batchCleanStorage(AppResource.java:705) Deleting 0 soft deleted shares 
06 5月 2024 18:05:17,337 INFO com.sismics.docs.rest.resource.AppResource.batchCleanStorage(AppResource.java:706) Deleting 0 soft deleted tags 
06 5月 2024 18:05:17,339 INFO com.sismics.docs.rest.resource.AppResource.batchCleanStorage(AppResource.java:707) Deleting 0 soft deleted comments 
06 5月 2024 18:05:17,340 INFO com.sismics.docs.rest.resource.AppResource.batchCleanStorage(AppResource.java:708) Deleting 0 soft deleted files 
06 5月 2024 18:05:17,342 INFO com.sismics.docs.rest.resource.AppResource.batchCleanStorage(AppResource.java:709) Deleting 0 soft deleted documents 
06 5月 2024 18:05:17,344 INFO com.sismics.docs.rest.resource.AppResource.batchCleanStorage(AppResource.java:710) Deleting 0 soft deleted users 
06 5月 2024 18:05:17,347 INFO com.sismics.docs.rest.resource.AppResource.batchCleanStorage(AppResource.java:711) Deleting 0 soft deleted groups 
06 5月 2024 18:05:17,388 INFO org.subethamail.smtp.server.SMTPServer.run(SMTPServer.java:333) SMTP Server socket shut down. 
06 5月 2024 18:05:17,389 INFO com.sismics.docs.core.service.InboxService.shutDown(InboxService.java:60) Inbox service shutting down 
06 5月 2024 18:05:17,389 INFO com.sismics.docs.core.service.FileService.shutDown(FileService.java:44) File service shutting down 
]]></system-out>
  </testcase>
  <testcase name="testLogResource" classname="com.sismics.docs.rest.TestAppResource" time="1.1">
    <system-out><![CDATA[06 5月 2024 18:05:17,391 INFO org.glassfish.jersey.test.external.ExternalTestContainerFactory$ExternalTestContainer.<init>(ExternalTestContainerFactory.java:91) Creating ExternalTestContainer configured at the base URI http://localhost:9998/docs 
06 5月 2024 18:05:17,504 INFO com.sismics.util.filter.RequestContextFilter.init(RequestContextFilter.java:43) Using base data directory: C:\Users\13181\AppData\Local\Temp 
06 5月 2024 18:05:17,740 INFO com.sismics.util.ClasspathScanner.findClasses(ClasspathScanner.java:48) Found 1 classes for IndexingHandler 
06 5月 2024 18:05:17,741 INFO com.sismics.docs.core.util.indexing.LuceneIndexingHandler.initLucene(LuceneIndexingHandler.java:115) Using RAM Lucene storage 
06 5月 2024 18:05:17,742 INFO com.sismics.docs.core.service.FileService.startUp(FileService.java:39) File service starting up 
06 5月 2024 18:05:17,742 INFO com.sismics.docs.core.service.InboxService.startUp(InboxService.java:55) Inbox service starting up 
06 5月 2024 18:05:17,743 INFO com.sismics.docs.core.service.InboxService.lambda$syncInbox$0(InboxService.java:82) Synchronizing IMAP inbox... 
06 5月 2024 18:05:17,746 ERROR com.sismics.docs.core.service.InboxService.lambda$syncInbox$0(InboxService.java:100) Error syncing the inbox 
com.sun.mail.util.MailConnectException: Couldn't connect to host, port: localhost, 9755; timeout 30000;
  nested exception is:
	java.net.ConnectException: Connection refused: no further information
	at com.sun.mail.imap.IMAPStore.protocolConnect(IMAPStore.java:740)
	at javax.mail.Service.connect(Service.java:366)
	at javax.mail.Service.connect(Service.java:246)
	at javax.mail.Service.connect(Service.java:267)
	at com.sismics.docs.core.service.InboxService.openInbox(InboxService.java:181)
	at com.sismics.docs.core.service.InboxService.lambda$syncInbox$0(InboxService.java:90)
	at com.sismics.docs.core.util.TransactionUtil.handle(TransactionUtil.java:47)
	at com.sismics.docs.core.service.InboxService.syncInbox(InboxService.java:76)
	at com.sismics.docs.core.service.InboxService.runOneIteration(InboxService.java:66)
	at com.google.common.util.concurrent.AbstractScheduledService$ServiceDelegate$Task.run(AbstractScheduledService.java:221)
	at com.google.common.util.concurrent.Callables$4.run(Callables.java:119)
	at java.base/java.util.concurrent.Executors$RunnableAdapter.call(Executors.java:539)
	at java.base/java.util.concurrent.FutureTask.runAndReset(FutureTask.java:305)
	at java.base/java.util.concurrent.ScheduledThreadPoolExecutor$ScheduledFutureTask.run(ScheduledThreadPoolExecutor.java:305)
	at java.base/java.util.concurrent.ThreadPoolExecutor.runWorker(ThreadPoolExecutor.java:1136)
	at java.base/java.util.concurrent.ThreadPoolExecutor$Worker.run(ThreadPoolExecutor.java:635)
	at java.base/java.lang.Thread.run(Thread.java:833)
Caused by: java.net.ConnectException: Connection refused: no further information
	at java.base/sun.nio.ch.Net.pollConnect(Native Method)
	at java.base/sun.nio.ch.Net.pollConnectNow(Net.java:672)
	at java.base/sun.nio.ch.NioSocketImpl.timedFinishConnect(NioSocketImpl.java:542)
	at java.base/sun.nio.ch.NioSocketImpl.connect(NioSocketImpl.java:597)
	at java.base/java.net.SocksSocketImpl.connect(SocksSocketImpl.java:327)
	at java.base/java.net.Socket.connect(Socket.java:633)
	at com.sun.mail.util.WriteTimeoutSocket.connect(WriteTimeoutSocket.java:115)
	at com.sun.mail.util.SocketFetcher.createSocket(SocketFetcher.java:357)
	at com.sun.mail.util.SocketFetcher.getSocket(SocketFetcher.java:238)
	at com.sun.mail.iap.Protocol.<init>(Protocol.java:134)
	at com.sun.mail.imap.protocol.IMAPProtocol.<init>(IMAPProtocol.java:131)
	at com.sun.mail.imap.IMAPStore.newIMAPProtocol(IMAPStore.java:763)
	at com.sun.mail.imap.IMAPStore.protocolConnect(IMAPStore.java:698)
	... 16 more
06 5月 2024 18:05:18,549 INFO org.subethamail.smtp.server.SMTPServer.run(SMTPServer.java:333) SMTP Server socket shut down. 
06 5月 2024 18:05:18,549 INFO com.sismics.docs.core.service.InboxService.shutDown(InboxService.java:60) Inbox service shutting down 
06 5月 2024 18:05:18,550 INFO com.sismics.docs.core.service.FileService.shutDown(FileService.java:44) File service shutting down 
]]></system-out>
  </testcase>
  <testcase name="testGuestLogin" classname="com.sismics.docs.rest.TestAppResource" time="1.14">
    <system-out><![CDATA[06 5月 2024 18:05:18,552 INFO org.glassfish.jersey.test.external.ExternalTestContainerFactory$ExternalTestContainer.<init>(ExternalTestContainerFactory.java:91) Creating ExternalTestContainer configured at the base URI http://localhost:9998/docs 
06 5月 2024 18:05:18,630 INFO com.sismics.util.filter.RequestContextFilter.init(RequestContextFilter.java:43) Using base data directory: C:\Users\13181\AppData\Local\Temp 
06 5月 2024 18:05:18,825 INFO com.sismics.util.ClasspathScanner.findClasses(ClasspathScanner.java:48) Found 1 classes for IndexingHandler 
06 5月 2024 18:05:18,826 INFO com.sismics.docs.core.util.indexing.LuceneIndexingHandler.initLucene(LuceneIndexingHandler.java:115) Using RAM Lucene storage 
06 5月 2024 18:05:18,827 INFO com.sismics.docs.core.service.FileService.startUp(FileService.java:39) File service starting up 
06 5月 2024 18:05:18,827 INFO com.sismics.docs.core.service.InboxService.startUp(InboxService.java:55) Inbox service starting up 
06 5月 2024 18:05:18,828 INFO com.sismics.docs.core.service.InboxService.lambda$syncInbox$0(InboxService.java:82) Synchronizing IMAP inbox... 
06 5月 2024 18:05:18,833 ERROR com.sismics.docs.core.service.InboxService.lambda$syncInbox$0(InboxService.java:100) Error syncing the inbox 
com.sun.mail.util.MailConnectException: Couldn't connect to host, port: localhost, 9755; timeout 30000;
  nested exception is:
	java.net.ConnectException: Connection refused: no further information
	at com.sun.mail.imap.IMAPStore.protocolConnect(IMAPStore.java:740)
	at javax.mail.Service.connect(Service.java:366)
	at javax.mail.Service.connect(Service.java:246)
	at javax.mail.Service.connect(Service.java:267)
	at com.sismics.docs.core.service.InboxService.openInbox(InboxService.java:181)
	at com.sismics.docs.core.service.InboxService.lambda$syncInbox$0(InboxService.java:90)
	at com.sismics.docs.core.util.TransactionUtil.handle(TransactionUtil.java:47)
	at com.sismics.docs.core.service.InboxService.syncInbox(InboxService.java:76)
	at com.sismics.docs.core.service.InboxService.runOneIteration(InboxService.java:66)
	at com.google.common.util.concurrent.AbstractScheduledService$ServiceDelegate$Task.run(AbstractScheduledService.java:221)
	at com.google.common.util.concurrent.Callables$4.run(Callables.java:119)
	at java.base/java.util.concurrent.Executors$RunnableAdapter.call(Executors.java:539)
	at java.base/java.util.concurrent.FutureTask.runAndReset(FutureTask.java:305)
	at java.base/java.util.concurrent.ScheduledThreadPoolExecutor$ScheduledFutureTask.run(ScheduledThreadPoolExecutor.java:305)
	at java.base/java.util.concurrent.ThreadPoolExecutor.runWorker(ThreadPoolExecutor.java:1136)
	at java.base/java.util.concurrent.ThreadPoolExecutor$Worker.run(ThreadPoolExecutor.java:635)
	at java.base/java.lang.Thread.run(Thread.java:833)
Caused by: java.net.ConnectException: Connection refused: no further information
	at java.base/sun.nio.ch.Net.pollConnect(Native Method)
	at java.base/sun.nio.ch.Net.pollConnectNow(Net.java:672)
	at java.base/sun.nio.ch.NioSocketImpl.timedFinishConnect(NioSocketImpl.java:542)
	at java.base/sun.nio.ch.NioSocketImpl.connect(NioSocketImpl.java:597)
	at java.base/java.net.SocksSocketImpl.connect(SocksSocketImpl.java:327)
	at java.base/java.net.Socket.connect(Socket.java:633)
	at com.sun.mail.util.WriteTimeoutSocket.connect(WriteTimeoutSocket.java:115)
	at com.sun.mail.util.SocketFetcher.createSocket(SocketFetcher.java:357)
	at com.sun.mail.util.SocketFetcher.getSocket(SocketFetcher.java:238)
	at com.sun.mail.iap.Protocol.<init>(Protocol.java:134)
	at com.sun.mail.imap.protocol.IMAPProtocol.<init>(IMAPProtocol.java:131)
	at com.sun.mail.imap.IMAPStore.newIMAPProtocol(IMAPStore.java:763)
	at com.sun.mail.imap.IMAPStore.protocolConnect(IMAPStore.java:698)
	... 16 more
06 5月 2024 18:05:19,687 INFO org.subethamail.smtp.server.SMTPServer.run(SMTPServer.java:333) SMTP Server socket shut down. 
06 5月 2024 18:05:19,688 INFO com.sismics.docs.core.service.InboxService.shutDown(InboxService.java:60) Inbox service shutting down 
06 5月 2024 18:05:19,688 INFO com.sismics.docs.core.service.FileService.shutDown(FileService.java:44) File service shutting down 
]]></system-out>
  </testcase>
</testsuite>